[0.011s] Invoking command in '/home/mahmoud/ros2_ws3/build/cpp_srvcli': CMAKE_PREFIX_PATH=/opt/ros/humble /usr/bin/cmake --build /home/mahmoud/ros2_ws3/build/cpp_srvcli -- -j12 -l12
[0.054s] [ 25%] [32mBuilding CXX object CMakeFiles/server.dir/src/add_two_ints_server.cpp.o[0m
[0.059s] [ 50%] [32mBuilding CXX object CMakeFiles/client.dir/src/add_two_ints_client.cpp.o[0m
[3.658s] [ 75%] [32m[1mLinking CXX executable server[0m
[3.878s] [100%] [32m[1mLinking CXX executable client[0m
[3.900s] [100%] Built target server
[4.050s] [100%] Built target client
[4.060s] Invoked command in '/home/mahmoud/ros2_ws3/build/cpp_srvcli' returned '0': CMAKE_PREFIX_PATH=/opt/ros/humble /usr/bin/cmake --build /home/mahmoud/ros2_ws3/build/cpp_srvcli -- -j12 -l12
[4.068s] Invoking command in '/home/mahmoud/ros2_ws3/build/cpp_srvcli': CMAKE_PREFIX_PATH=/opt/ros/humble /usr/bin/cmake --install /home/mahmoud/ros2_ws3/build/cpp_srvcli
[4.076s] -- Install configuration: ""
[4.077s] -- Installing: /home/mahmoud/ros2_ws3/install/cpp_srvcli/lib/cpp_srvcli/server
[4.078s] -- Set runtime path of "/home/mahmoud/ros2_ws3/install/cpp_srvcli/lib/cpp_srvcli/server" to ""
[4.079s] -- Installing: /home/mahmoud/ros2_ws3/install/cpp_srvcli/lib/cpp_srvcli/client
[4.079s] -- Set runtime path of "/home/mahmoud/ros2_ws3/install/cpp_srvcli/lib/cpp_srvcli/client" to ""
[4.080s] -- Installing: /home/mahmoud/ros2_ws3/install/cpp_srvcli/share/ament_index/resource_index/package_run_dependencies/cpp_srvcli
[4.081s] -- Installing: /home/mahmoud/ros2_ws3/install/cpp_srvcli/share/ament_index/resource_index/parent_prefix_path/cpp_srvcli
[4.081s] -- Installing: /home/mahmoud/ros2_ws3/install/cpp_srvcli/share/cpp_srvcli/environment/ament_prefix_path.sh
[4.082s] -- Installing: /home/mahmoud/ros2_ws3/install/cpp_srvcli/share/cpp_srvcli/environment/ament_prefix_path.dsv
[4.082s] -- Installing: /home/mahmoud/ros2_ws3/install/cpp_srvcli/share/cpp_srvcli/environment/path.sh
[4.082s] -- Installing: /home/mahmoud/ros2_ws3/install/cpp_srvcli/share/cpp_srvcli/environment/path.dsv
[4.083s] -- Installing: /home/mahmoud/ros2_ws3/install/cpp_srvcli/share/cpp_srvcli/local_setup.bash
[4.083s] -- Installing: /home/mahmoud/ros2_ws3/install/cpp_srvcli/share/cpp_srvcli/local_setup.sh
[4.084s] -- Installing: /home/mahmoud/ros2_ws3/install/cpp_srvcli/share/cpp_srvcli/local_setup.zsh
[4.084s] -- Installing: /home/mahmoud/ros2_ws3/install/cpp_srvcli/share/cpp_srvcli/local_setup.dsv
[4.085s] -- Installing: /home/mahmoud/ros2_ws3/install/cpp_srvcli/share/cpp_srvcli/package.dsv
[4.085s] -- Installing: /home/mahmoud/ros2_ws3/install/cpp_srvcli/share/ament_index/resource_index/packages/cpp_srvcli
[4.085s] -- Installing: /home/mahmoud/ros2_ws3/install/cpp_srvcli/share/cpp_srvcli/cmake/cpp_srvcliConfig.cmake
[4.086s] -- Installing: /home/mahmoud/ros2_ws3/install/cpp_srvcli/share/cpp_srvcli/cmake/cpp_srvcliConfig-version.cmake
[4.086s] -- Installing: /home/mahmoud/ros2_ws3/install/cpp_srvcli/share/cpp_srvcli/package.xml
[4.088s] Invoked command in '/home/mahmoud/ros2_ws3/build/cpp_srvcli' returned '0': CMAKE_PREFIX_PATH=/opt/ros/humble /usr/bin/cmake --install /home/mahmoud/ros2_ws3/build/cpp_srvcli
