[0.034s] Invoking command in '/home/mahmoud/ros2_ws3/build/cpp_srvcli': CMAKE_PREFIX_PATH=${CMAKE_PREFIX_PATH}:/opt/ros/humble /usr/bin/cmake --build /home/mahmoud/ros2_ws3/build/cpp_srvcli -- -j12 -l12
[0.076s] -- Found ament_cmake: 1.3.11 (/opt/ros/humble/share/ament_cmake/cmake)
[0.342s] -- Found rclcpp: 16.0.12 (/opt/ros/humble/share/rclcpp/cmake)
[0.485s] -- Found rosidl_generator_c: 3.1.6 (/opt/ros/humble/share/rosidl_generator_c/cmake)
[0.489s] -- Found rosidl_adapter: 3.1.6 (/opt/ros/humble/share/rosidl_adapter/cmake)
[0.499s] -- Found rosidl_generator_cpp: 3.1.6 (/opt/ros/humble/share/rosidl_generator_cpp/cmake)
[0.515s] -- Using all available rosidl_typesupport_c: rosidl_typesupport_fastrtps_c;rosidl_typesupport_introspection_c
[0.535s] -- Using all available rosidl_typesupport_cpp: rosidl_typesupport_fastrtps_cpp;rosidl_typesupport_introspection_cpp
[0.587s] -- Found rmw_implementation_cmake: 6.1.2 (/opt/ros/humble/share/rmw_implementation_cmake/cmake)
[0.590s] -- Found rmw_fastrtps_cpp: 6.2.7 (/opt/ros/humble/share/rmw_fastrtps_cpp/cmake)
[3.809s] -- Using RMW implementation 'rmw_fastrtps_cpp' as default
[3.877s] -- Found example_interfaces: 0.9.3 (/opt/ros/humble/share/example_interfaces/cmake)
[3.932s] -- Found ament_lint_auto: 0.12.12 (/opt/ros/humble/share/ament_lint_auto/cmake)
[4.012s] -- Added test 'cppcheck' to perform static code analysis on C / C++ code
[4.012s] -- Configured cppcheck include dirs: 
[4.012s] -- Configured cppcheck exclude dirs and/or files: 
[4.013s] -- Added test 'lint_cmake' to check CMake code style
[4.014s] -- Added test 'uncrustify' to check C / C++ code style
[4.014s] -- Configured uncrustify additional arguments: 
[4.014s] -- Added test 'xmllint' to check XML markup files
[4.016s] -- Configuring done
[4.035s] -- Generating done
[4.040s] -- Build files have been written to: /home/mahmoud/ros2_ws3/build/cpp_srvcli
[4.064s] [35m[1mConsolidate compiler generated dependencies of target client[0m
[4.064s] [35m[1mConsolidate compiler generated dependencies of target server[0m
[4.080s] [ 75%] [32mBuilding CXX object CMakeFiles/client.dir/src/add_two_ints_client.cpp.o[0m
[4.080s] [ 75%] Built target server
[7.441s] [100%] [32m[1mLinking CXX executable client[0m
[7.667s] [100%] Built target client
