-- Found ament_cmake: 1.3.11 (/opt/ros/humble/share/ament_cmake/cmake)
-- Found rosidl_default_generators: 1.2.0 (/opt/ros/humble/share/rosidl_default_generators/cmake)
-- Using all available rosidl_typesupport_c: rosidl_typesupport_fastrtps_c;rosidl_typesupport_introspection_c
-- Found rosidl_adapter: 3.1.6 (/opt/ros/humble/share/rosidl_adapter/cmake)
-- Using all available rosidl_typesupport_cpp: rosidl_typesupport_fastrtps_cpp;rosidl_typesupport_introspection_cpp
-- Found ament_cmake_ros: 0.10.0 (/opt/ros/humble/share/ament_cmake_ros/cmake)
-- Using all available rosidl_typesupport_c: rosidl_typesupport_fastrtps_c;rosidl_typesupport_introspection_c
-- Using all available rosidl_typesupport_cpp: rosidl_typesupport_fastrtps_cpp;rosidl_typesupport_introspection_cpp
-- Found python_cmake_module: 0.10.0 (/opt/ros/humble/share/python_cmake_module/cmake)
-- Using PYTHON_EXECUTABLE: /usr/bin/python3
-- Using PYTHON_INCLUDE_DIRS: /usr/include/python3.10
-- Using PYTHON_LIBRARIES: /usr/lib/x86_64-linux-gnu/libpython3.10.so
-- Found rclcpp: 16.0.12 (/opt/ros/humble/share/rclcpp/cmake)
-- Found rmw_implementation_cmake: 6.1.2 (/opt/ros/humble/share/rmw_implementation_cmake/cmake)
-- Found rmw_fastrtps_cpp: 6.2.7 (/opt/ros/humble/share/rmw_fastrtps_cpp/cmake)
-- Using RMW implementation 'rmw_fastrtps_cpp' as default
-- Found ament_lint_auto: 0.12.12 (/opt/ros/humble/share/ament_lint_auto/cmake)
-- Added test 'cppcheck' to perform static code analysis on C / C++ code
-- Configured cppcheck include dirs: 
-- Configured cppcheck exclude dirs and/or files: 
-- Added test 'lint_cmake' to check CMake code style
-- Added test 'uncrustify' to check C / C++ code style
-- Configured uncrustify additional arguments: 
-- Added test 'xmllint' to check XML markup files
-- Configuring done
-- Generating done
-- Build files have been written to: /home/mahmoud/ros2_ws3/build/more_interfaces
[35m[1mConsolidate compiler generated dependencies of target more_interfaces__rosidl_generator_c[0m
[  2%] Built target more_interfaces__cpp
[ 11%] Built target more_interfaces__rosidl_generator_c
[35m[1mConsolidate compiler generated dependencies of target more_interfaces__rosidl_typesupport_cpp[0m
[35m[1mConsolidate compiler generated dependencies of target more_interfaces__rosidl_typesupport_introspection_cpp[0m
[35m[1mConsolidate compiler generated dependencies of target more_interfaces__rosidl_typesupport_c[0m
[35m[1mConsolidate compiler generated dependencies of target more_interfaces__rosidl_typesupport_fastrtps_cpp[0m
[35m[1mConsolidate compiler generated dependencies of target more_interfaces__rosidl_typesupport_introspection_c[0m
[35m[1mConsolidate compiler generated dependencies of target more_interfaces__rosidl_typesupport_fastrtps_c[0m
[ 11%] Built target ament_cmake_python_copy_more_interfaces
[ 20%] Built target more_interfaces__rosidl_typesupport_c
[ 42%] Built target more_interfaces__rosidl_typesupport_fastrtps_cpp
[ 42%] Built target more_interfaces__rosidl_typesupport_introspection_cpp
[ 45%] Built target more_interfaces__rosidl_typesupport_cpp
[ 54%] Built target more_interfaces__rosidl_typesupport_introspection_c
[ 62%] Built target more_interfaces__rosidl_typesupport_fastrtps_c
[35m[1mConsolidate compiler generated dependencies of target publish_address_book[0m
[ 65%] [32mBuilding CXX object CMakeFiles/subscriber_address_book.dir/src/subscriber_address_book.cpp.o[0m
[ 65%] Built target more_interfaces
[ 71%] Built target publish_address_book
[ 74%] Built target more_interfaces__py
[35m[1mConsolidate compiler generated dependencies of target more_interfaces__rosidl_generator_py[0m
[ 80%] Built target more_interfaces__rosidl_generator_py
[35m[1mConsolidate compiler generated dependencies of target more_interfaces__rosidl_typesupport_introspection_c__pyext[0m
[35m[1mConsolidate compiler generated dependencies of target more_interfaces__rosidl_typesupport_fastrtps_c__pyext[0m
[35m[1mConsolidate compiler generated dependencies of target more_interfaces__rosidl_typesupport_c__pyext[0m
[ 85%] Built target more_interfaces__rosidl_typesupport_introspection_c__pyext
[ 91%] Built target more_interfaces__rosidl_typesupport_c__pyext
[ 97%] Built target more_interfaces__rosidl_typesupport_fastrtps_c__pyext
running egg_info
writing more_interfaces.egg-info/PKG-INFO
writing dependency_links to more_interfaces.egg-info/dependency_links.txt
writing top-level names to more_interfaces.egg-info/top_level.txt
reading manifest file 'more_interfaces.egg-info/SOURCES.txt'
writing manifest file 'more_interfaces.egg-info/SOURCES.txt'
[ 97%] Built target ament_cmake_python_build_more_interfaces_egg
In file included from [01m[K/opt/ros/humble/include/rclcpp/rclcpp/logging.hpp:24[m[K,
                 from [01m[K/opt/ros/humble/include/rclcpp/rclcpp/client.hpp:40[m[K,
                 from [01m[K/opt/ros/humble/include/rclcpp/rclcpp/callback_group.hpp:24[m[K,
                 from [01m[K/opt/ros/humble/include/rclcpp/rclcpp/any_executable.hpp:20[m[K,
                 from [01m[K/opt/ros/humble/include/rclcpp/rclcpp/memory_strategy.hpp:25[m[K,
                 from [01m[K/opt/ros/humble/include/rclcpp/rclcpp/memory_strategies.hpp:18[m[K,
                 from [01m[K/opt/ros/humble/include/rclcpp/rclcpp/executor_options.hpp:20[m[K,
                 from [01m[K/opt/ros/humble/include/rclcpp/rclcpp/executor.hpp:37[m[K,
                 from [01m[K/opt/ros/humble/include/rclcpp/rclcpp/executors/multi_threaded_executor.hpp:25[m[K,
                 from [01m[K/opt/ros/humble/include/rclcpp/rclcpp/executors.hpp:21[m[K,
                 from [01m[K/opt/ros/humble/include/rclcpp/rclcpp/rclcpp.hpp:155[m[K,
                 from [01m[K/home/mahmoud/ros2_ws3/src/more_interfaces/src/subscriber_address_book.cpp:18[m[K:
[01m[K/home/mahmoud/ros2_ws3/src/more_interfaces/src/subscriber_address_book.cpp:[m[K In member function ‘[01m[Kvoid AddressBookSubscriber::topic_callback(const AddressBook&) const[m[K’:
[01m[K/home/mahmoud/ros2_ws3/src/more_interfaces/src/subscriber_address_book.cpp:37:58:[m[K [01;31m[Kerror: [m[K‘[01m[Kconst AddressBook[m[K’ {aka ‘[01m[Kconst struct more_interfaces::msg::AddressBook_<std::allocator<void> >[m[K’} has no member named ‘[01m[Kdata[m[K’
   37 |     RCLCPP_INFO(this->get_logger(), "I heard: '%s'", msg.[01;31m[Kdata[m[K.c_str());
      |                                                          [01;31m[K^~~~[m[K
[01m[K/home/mahmoud/ros2_ws3/src/more_interfaces/src/subscriber_address_book.cpp:[m[K In function ‘[01m[Kint main(int, char**)[m[K’:
[01m[K/home/mahmoud/ros2_ws3/src/more_interfaces/src/subscriber_address_book.cpp:45:33:[m[K [01;31m[Kerror: [m[K‘[01m[KMinimalSubscriber[m[K’ was not declared in this scope
   45 |   rclcpp::spin(std::make_shared<[01;31m[KMinimalSubscriber[m[K>());
      |                                 [01;31m[K^~~~~~~~~~~~~~~~~[m[K
[01m[K/home/mahmoud/ros2_ws3/src/more_interfaces/src/subscriber_address_book.cpp:45:51:[m[K [01;31m[Kerror: [m[Kno matching function for call to ‘[01m[Kmake_shared<<expression error> >()[m[K’
   45 |   rclcpp::spin([01;31m[Kstd::make_shared<MinimalSubscriber>()[m[K);
      |                [01;31m[K~~~~~~~~~~~~~~~~~~~~~~~~~~~~~~~~~~~^~[m[K
In file included from [01m[K/usr/include/c++/11/memory:77[m[K,
                 from [01m[K/home/mahmoud/ros2_ws3/src/more_interfaces/src/subscriber_address_book.cpp:16[m[K:
[01m[K/usr/include/c++/11/bits/shared_ptr.h:875:5:[m[K [01;36m[Knote: [m[Kcandidate: ‘[01m[Ktemplate<class _Tp, class ... _Args> std::shared_ptr<_Tp> std::make_shared(_Args&& ...)[m[K’
  875 |     [01;36m[Kmake_shared[m[K(_Args&&... __args)
      |     [01;36m[K^~~~~~~~~~~[m[K
[01m[K/usr/include/c++/11/bits/shared_ptr.h:875:5:[m[K [01;36m[Knote: [m[K  template argument deduction/substitution failed:
[01m[K/home/mahmoud/ros2_ws3/src/more_interfaces/src/subscriber_address_book.cpp:45:51:[m[K [01;31m[Kerror: [m[Ktemplate argument 1 is invalid
   45 |   rclcpp::spin([01;31m[Kstd::make_shared<MinimalSubscriber>()[m[K);
      |                [01;31m[K~~~~~~~~~~~~~~~~~~~~~~~~~~~~~~~~~~~^~[m[K
gmake[2]: *** [CMakeFiles/subscriber_address_book.dir/build.make:76: CMakeFiles/subscriber_address_book.dir/src/subscriber_address_book.cpp.o] Error 1
gmake[1]: *** [CMakeFiles/Makefile2:622: CMakeFiles/subscriber_address_book.dir/all] Error 2
gmake: *** [Makefile:146: all] Error 2
