[0.017s] Invoking command in '/home/mahmoud/ros2_ws3/build/more_interfaces': CMAKE_PREFIX_PATH=${CMAKE_PREFIX_PATH}:/opt/ros/humble /usr/bin/cmake --build /home/mahmoud/ros2_ws3/build/more_interfaces -- -j12 -l12
[0.125s] [  2%] Built target more_interfaces__cpp
[0.127s] [ 11%] Built target more_interfaces__rosidl_generator_c
[0.142s] [ 11%] Built target ament_cmake_python_copy_more_interfaces
[0.154s] [ 20%] Built target more_interfaces__rosidl_typesupport_cpp
[0.155s] [ 28%] Built target more_interfaces__rosidl_typesupport_introspection_cpp
[0.157s] [ 45%] Built target more_interfaces__rosidl_typesupport_fastrtps_cpp
[0.157s] [ 45%] Built target more_interfaces__rosidl_typesupport_introspection_c
[0.159s] [ 54%] Built target more_interfaces__rosidl_typesupport_fastrtps_c
[0.159s] [ 62%] Built target more_interfaces__rosidl_typesupport_c
[0.169s] [35m[1mConsolidate compiler generated dependencies of target subscriber_address_book[0m
[0.181s] [ 62%] Built target more_interfaces
[0.185s] [ 68%] Built target publish_address_book
[0.186s] [ 71%] [32mBuilding CXX object CMakeFiles/subscriber_address_book.dir/src/subscriber_address_book.cpp.o[0m
[0.202s] [ 74%] Built target more_interfaces__py
[0.229s] [ 80%] Built target more_interfaces__rosidl_generator_py
[0.257s] [ 91%] Built target more_interfaces__rosidl_typesupport_introspection_c__pyext
[0.257s] [ 91%] Built target more_interfaces__rosidl_typesupport_fastrtps_c__pyext
[0.258s] [ 97%] Built target more_interfaces__rosidl_typesupport_c__pyext
[0.388s] running egg_info
[0.389s] writing more_interfaces.egg-info/PKG-INFO
[0.389s] writing dependency_links to more_interfaces.egg-info/dependency_links.txt
[0.389s] writing top-level names to more_interfaces.egg-info/top_level.txt
[0.392s] reading manifest file 'more_interfaces.egg-info/SOURCES.txt'
[0.393s] writing manifest file 'more_interfaces.egg-info/SOURCES.txt'
[0.416s] [ 97%] Built target ament_cmake_python_build_more_interfaces_egg
[8.245s] [100%] [32m[1mLinking CXX executable subscriber_address_book[0m
[8.646s] [100%] Built target subscriber_address_book
[8.657s] Invoked command in '/home/mahmoud/ros2_ws3/build/more_interfaces' returned '0': CMAKE_PREFIX_PATH=${CMAKE_PREFIX_PATH}:/opt/ros/humble /usr/bin/cmake --build /home/mahmoud/ros2_ws3/build/more_interfaces -- -j12 -l12
[8.668s] Invoking command in '/home/mahmoud/ros2_ws3/build/more_interfaces': CMAKE_PREFIX_PATH=${CMAKE_PREFIX_PATH}:/opt/ros/humble /usr/bin/cmake --install /home/mahmoud/ros2_ws3/build/more_interfaces
[8.677s] -- Install configuration: ""
[8.678s] -- Up-to-date: /home/mahmoud/ros2_ws3/install/more_interfaces/share/ament_index/resource_index/rosidl_interfaces/more_interfaces
[8.678s] -- Up-to-date: /home/mahmoud/ros2_ws3/install/more_interfaces/include/more_interfaces/more_interfaces
[8.678s] -- Up-to-date: /home/mahmoud/ros2_ws3/install/more_interfaces/include/more_interfaces/more_interfaces/msg
[8.679s] -- Up-to-date: /home/mahmoud/ros2_ws3/install/more_interfaces/include/more_interfaces/more_interfaces/msg/rosidl_generator_c__visibility_control.h
[8.679s] -- Up-to-date: /home/mahmoud/ros2_ws3/install/more_interfaces/include/more_interfaces/more_interfaces/msg/detail
[8.679s] -- Up-to-date: /home/mahmoud/ros2_ws3/install/more_interfaces/include/more_interfaces/more_interfaces/msg/detail/address_book__functions.c
[8.679s] -- Up-to-date: /home/mahmoud/ros2_ws3/install/more_interfaces/include/more_interfaces/more_interfaces/msg/detail/address_book__struct.h
[8.679s] -- Up-to-date: /home/mahmoud/ros2_ws3/install/more_interfaces/include/more_interfaces/more_interfaces/msg/detail/address_book__functions.h
[8.679s] -- Up-to-date: /home/mahmoud/ros2_ws3/install/more_interfaces/include/more_interfaces/more_interfaces/msg/detail/address_book__type_support.h
[8.679s] -- Up-to-date: /home/mahmoud/ros2_ws3/install/more_interfaces/include/more_interfaces/more_interfaces/msg/address_book.h
[8.679s] -- Up-to-date: /home/mahmoud/ros2_ws3/install/more_interfaces/share/more_interfaces/environment/library_path.sh
[8.679s] -- Installing: /home/mahmoud/ros2_ws3/install/more_interfaces/share/more_interfaces/environment/library_path.dsv
[8.681s] -- Up-to-date: /home/mahmoud/ros2_ws3/install/more_interfaces/lib/libmore_interfaces__rosidl_generator_c.so
[8.681s] -- Up-to-date: /home/mahmoud/ros2_ws3/install/more_interfaces/include/more_interfaces/more_interfaces
[8.681s] -- Up-to-date: /home/mahmoud/ros2_ws3/install/more_interfaces/include/more_interfaces/more_interfaces/msg
[8.681s] -- Up-to-date: /home/mahmoud/ros2_ws3/install/more_interfaces/include/more_interfaces/more_interfaces/msg/detail
[8.681s] -- Up-to-date: /home/mahmoud/ros2_ws3/install/more_interfaces/include/more_interfaces/more_interfaces/msg/detail/address_book__rosidl_typesupport_fastrtps_c.h
[8.681s] -- Up-to-date: /home/mahmoud/ros2_ws3/install/more_interfaces/include/more_interfaces/more_interfaces/msg/rosidl_typesupport_fastrtps_c__visibility_control.h
[8.683s] -- Up-to-date: /home/mahmoud/ros2_ws3/install/more_interfaces/lib/libmore_interfaces__rosidl_typesupport_fastrtps_c.so
[8.683s] -- Up-to-date: /home/mahmoud/ros2_ws3/install/more_interfaces/include/more_interfaces/more_interfaces
[8.683s] -- Up-to-date: /home/mahmoud/ros2_ws3/install/more_interfaces/include/more_interfaces/more_interfaces/msg
[8.683s] -- Up-to-date: /home/mahmoud/ros2_ws3/install/more_interfaces/include/more_interfaces/more_interfaces/msg/detail
[8.684s] -- Up-to-date: /home/mahmoud/ros2_ws3/install/more_interfaces/include/more_interfaces/more_interfaces/msg/detail/address_book__rosidl_typesupport_introspection_c.h
[8.684s] -- Up-to-date: /home/mahmoud/ros2_ws3/install/more_interfaces/include/more_interfaces/more_interfaces/msg/detail/address_book__type_support.c
[8.684s] -- Up-to-date: /home/mahmoud/ros2_ws3/install/more_interfaces/include/more_interfaces/more_interfaces/msg/rosidl_typesupport_introspection_c__visibility_control.h
[8.684s] -- Up-to-date: /home/mahmoud/ros2_ws3/install/more_interfaces/lib/libmore_interfaces__rosidl_typesupport_introspection_c.so
[8.685s] -- Up-to-date: /home/mahmoud/ros2_ws3/install/more_interfaces/lib/libmore_interfaces__rosidl_typesupport_c.so
[8.685s] -- Up-to-date: /home/mahmoud/ros2_ws3/install/more_interfaces/include/more_interfaces/more_interfaces
[8.685s] -- Up-to-date: /home/mahmoud/ros2_ws3/install/more_interfaces/include/more_interfaces/more_interfaces/msg
[8.685s] -- Up-to-date: /home/mahmoud/ros2_ws3/install/more_interfaces/include/more_interfaces/more_interfaces/msg/detail
[8.686s] -- Up-to-date: /home/mahmoud/ros2_ws3/install/more_interfaces/include/more_interfaces/more_interfaces/msg/detail/address_book__struct.hpp
[8.686s] -- Up-to-date: /home/mahmoud/ros2_ws3/install/more_interfaces/include/more_interfaces/more_interfaces/msg/detail/address_book__type_support.hpp
[8.686s] -- Up-to-date: /home/mahmoud/ros2_ws3/install/more_interfaces/include/more_interfaces/more_interfaces/msg/detail/address_book__builder.hpp
[8.686s] -- Up-to-date: /home/mahmoud/ros2_ws3/install/more_interfaces/include/more_interfaces/more_interfaces/msg/detail/address_book__traits.hpp
[8.686s] -- Up-to-date: /home/mahmoud/ros2_ws3/install/more_interfaces/include/more_interfaces/more_interfaces/msg/rosidl_generator_cpp__visibility_control.hpp
[8.686s] -- Up-to-date: /home/mahmoud/ros2_ws3/install/more_interfaces/include/more_interfaces/more_interfaces/msg/address_book.hpp
[8.686s] -- Up-to-date: /home/mahmoud/ros2_ws3/install/more_interfaces/include/more_interfaces/more_interfaces
[8.687s] -- Up-to-date: /home/mahmoud/ros2_ws3/install/more_interfaces/include/more_interfaces/more_interfaces/msg
[8.687s] -- Up-to-date: /home/mahmoud/ros2_ws3/install/more_interfaces/include/more_interfaces/more_interfaces/msg/rosidl_typesupport_fastrtps_cpp__visibility_control.h
[8.687s] -- Up-to-date: /home/mahmoud/ros2_ws3/install/more_interfaces/include/more_interfaces/more_interfaces/msg/detail
[8.687s] -- Up-to-date: /home/mahmoud/ros2_ws3/install/more_interfaces/include/more_interfaces/more_interfaces/msg/detail/address_book__rosidl_typesupport_fastrtps_cpp.hpp
[8.687s] -- Up-to-date: /home/mahmoud/ros2_ws3/install/more_interfaces/include/more_interfaces/more_interfaces/msg/detail/dds_fastrtps
[8.688s] -- Up-to-date: /home/mahmoud/ros2_ws3/install/more_interfaces/lib/libmore_interfaces__rosidl_typesupport_fastrtps_cpp.so
[8.688s] -- Up-to-date: /home/mahmoud/ros2_ws3/install/more_interfaces/include/more_interfaces/more_interfaces
[8.688s] -- Up-to-date: /home/mahmoud/ros2_ws3/install/more_interfaces/include/more_interfaces/more_interfaces/msg
[8.689s] -- Up-to-date: /home/mahmoud/ros2_ws3/install/more_interfaces/include/more_interfaces/more_interfaces/msg/detail
[8.689s] -- Up-to-date: /home/mahmoud/ros2_ws3/install/more_interfaces/include/more_interfaces/more_interfaces/msg/detail/address_book__rosidl_typesupport_introspection_cpp.hpp
[8.689s] -- Up-to-date: /home/mahmoud/ros2_ws3/install/more_interfaces/include/more_interfaces/more_interfaces/msg/detail/address_book__type_support.cpp
[8.689s] -- Up-to-date: /home/mahmoud/ros2_ws3/install/more_interfaces/lib/libmore_interfaces__rosidl_typesupport_introspection_cpp.so
[8.691s] -- Up-to-date: /home/mahmoud/ros2_ws3/install/more_interfaces/lib/libmore_interfaces__rosidl_typesupport_cpp.so
[8.692s] -- Up-to-date: /home/mahmoud/ros2_ws3/install/more_interfaces/share/more_interfaces/environment/pythonpath.sh
[8.692s] -- Installing: /home/mahmoud/ros2_ws3/install/more_interfaces/share/more_interfaces/environment/pythonpath.dsv
[8.692s] -- Up-to-date: /home/mahmoud/ros2_ws3/install/more_interfaces/local/lib/python3.10/dist-packages/more_interfaces-0.0.0-py3.10.egg-info
[8.692s] -- Installing: /home/mahmoud/ros2_ws3/install/more_interfaces/local/lib/python3.10/dist-packages/more_interfaces-0.0.0-py3.10.egg-info/top_level.txt
[8.693s] -- Installing: /home/mahmoud/ros2_ws3/install/more_interfaces/local/lib/python3.10/dist-packages/more_interfaces-0.0.0-py3.10.egg-info/SOURCES.txt
[8.693s] -- Installing: /home/mahmoud/ros2_ws3/install/more_interfaces/local/lib/python3.10/dist-packages/more_interfaces-0.0.0-py3.10.egg-info/PKG-INFO
[8.693s] -- Installing: /home/mahmoud/ros2_ws3/install/more_interfaces/local/lib/python3.10/dist-packages/more_interfaces-0.0.0-py3.10.egg-info/dependency_links.txt
[8.693s] -- Up-to-date: /home/mahmoud/ros2_ws3/install/more_interfaces/local/lib/python3.10/dist-packages/more_interfaces
[8.693s] -- Installing: /home/mahmoud/ros2_ws3/install/more_interfaces/local/lib/python3.10/dist-packages/more_interfaces/__init__.py
[8.693s] -- Up-to-date: /home/mahmoud/ros2_ws3/install/more_interfaces/local/lib/python3.10/dist-packages/more_interfaces/more_interfaces_s__rosidl_typesupport_introspection_c.cpython-310-x86_64-linux-gnu.so
[8.694s] -- Up-to-date: /home/mahmoud/ros2_ws3/install/more_interfaces/local/lib/python3.10/dist-packages/more_interfaces/more_interfaces_s__rosidl_typesupport_fastrtps_c.cpython-310-x86_64-linux-gnu.so
[8.694s] -- Up-to-date: /home/mahmoud/ros2_ws3/install/more_interfaces/local/lib/python3.10/dist-packages/more_interfaces/libmore_interfaces__rosidl_generator_py.so
[8.694s] -- Up-to-date: /home/mahmoud/ros2_ws3/install/more_interfaces/local/lib/python3.10/dist-packages/more_interfaces/more_interfaces_s__rosidl_typesupport_c.cpython-310-x86_64-linux-gnu.so
[8.694s] -- Up-to-date: /home/mahmoud/ros2_ws3/install/more_interfaces/local/lib/python3.10/dist-packages/more_interfaces/_more_interfaces_s.ep.rosidl_typesupport_introspection_c.c
[8.694s] -- Up-to-date: /home/mahmoud/ros2_ws3/install/more_interfaces/local/lib/python3.10/dist-packages/more_interfaces/_more_interfaces_s.ep.rosidl_typesupport_fastrtps_c.c
[8.694s] -- Up-to-date: /home/mahmoud/ros2_ws3/install/more_interfaces/local/lib/python3.10/dist-packages/more_interfaces/msg
[8.694s] -- Up-to-date: /home/mahmoud/ros2_ws3/install/more_interfaces/local/lib/python3.10/dist-packages/more_interfaces/msg/__init__.py
[8.694s] -- Up-to-date: /home/mahmoud/ros2_ws3/install/more_interfaces/local/lib/python3.10/dist-packages/more_interfaces/msg/_address_book.py
[8.694s] -- Up-to-date: /home/mahmoud/ros2_ws3/install/more_interfaces/local/lib/python3.10/dist-packages/more_interfaces/msg/_address_book_s.c
[8.694s] -- Up-to-date: /home/mahmoud/ros2_ws3/install/more_interfaces/local/lib/python3.10/dist-packages/more_interfaces/_more_interfaces_s.ep.rosidl_typesupport_c.c
[8.722s] Listing '/home/mahmoud/ros2_ws3/install/more_interfaces/local/lib/python3.10/dist-packages/more_interfaces'...
[8.723s] Compiling '/home/mahmoud/ros2_ws3/install/more_interfaces/local/lib/python3.10/dist-packages/more_interfaces/__init__.py'...
[8.723s] Listing '/home/mahmoud/ros2_ws3/install/more_interfaces/local/lib/python3.10/dist-packages/more_interfaces/msg'...
[8.727s] -- Up-to-date: /home/mahmoud/ros2_ws3/install/more_interfaces/local/lib/python3.10/dist-packages/more_interfaces/more_interfaces_s__rosidl_typesupport_fastrtps_c.cpython-310-x86_64-linux-gnu.so
[8.728s] -- Up-to-date: /home/mahmoud/ros2_ws3/install/more_interfaces/local/lib/python3.10/dist-packages/more_interfaces/more_interfaces_s__rosidl_typesupport_introspection_c.cpython-310-x86_64-linux-gnu.so
[8.729s] -- Up-to-date: /home/mahmoud/ros2_ws3/install/more_interfaces/local/lib/python3.10/dist-packages/more_interfaces/more_interfaces_s__rosidl_typesupport_c.cpython-310-x86_64-linux-gnu.so
[8.729s] -- Up-to-date: /home/mahmoud/ros2_ws3/install/more_interfaces/lib/libmore_interfaces__rosidl_generator_py.so
[8.729s] -- Up-to-date: /home/mahmoud/ros2_ws3/install/more_interfaces/share/more_interfaces/msg/AddressBook.idl
[8.730s] -- Up-to-date: /home/mahmoud/ros2_ws3/install/more_interfaces/share/more_interfaces/msg/AddressBook.msg
[8.731s] -- Up-to-date: /home/mahmoud/ros2_ws3/install/more_interfaces/lib/more_interfaces/publish_address_book
[8.731s] -- Installing: /home/mahmoud/ros2_ws3/install/more_interfaces/lib/more_interfaces/subscriber_address_book
[8.734s] -- Set runtime path of "/home/mahmoud/ros2_ws3/install/more_interfaces/lib/more_interfaces/subscriber_address_book" to ""
[8.734s] -- Up-to-date: /home/mahmoud/ros2_ws3/install/more_interfaces/share/ament_index/resource_index/package_run_dependencies/more_interfaces
[8.734s] -- Installing: /home/mahmoud/ros2_ws3/install/more_interfaces/share/ament_index/resource_index/parent_prefix_path/more_interfaces
[8.735s] -- Up-to-date: /home/mahmoud/ros2_ws3/install/more_interfaces/share/more_interfaces/environment/ament_prefix_path.sh
[8.735s] -- Installing: /home/mahmoud/ros2_ws3/install/more_interfaces/share/more_interfaces/environment/ament_prefix_path.dsv
[8.735s] -- Up-to-date: /home/mahmoud/ros2_ws3/install/more_interfaces/share/more_interfaces/environment/path.sh
[8.735s] -- Installing: /home/mahmoud/ros2_ws3/install/more_interfaces/share/more_interfaces/environment/path.dsv
[8.736s] -- Up-to-date: /home/mahmoud/ros2_ws3/install/more_interfaces/share/more_interfaces/local_setup.bash
[8.736s] -- Up-to-date: /home/mahmoud/ros2_ws3/install/more_interfaces/share/more_interfaces/local_setup.sh
[8.736s] -- Up-to-date: /home/mahmoud/ros2_ws3/install/more_interfaces/share/more_interfaces/local_setup.zsh
[8.736s] -- Installing: /home/mahmoud/ros2_ws3/install/more_interfaces/share/more_interfaces/local_setup.dsv
[8.737s] -- Installing: /home/mahmoud/ros2_ws3/install/more_interfaces/share/more_interfaces/package.dsv
[8.737s] -- Up-to-date: /home/mahmoud/ros2_ws3/install/more_interfaces/share/ament_index/resource_index/packages/more_interfaces
[8.738s] -- Up-to-date: /home/mahmoud/ros2_ws3/install/more_interfaces/share/more_interfaces/cmake/export_more_interfaces__rosidl_generator_cExport.cmake
[8.738s] -- Up-to-date: /home/mahmoud/ros2_ws3/install/more_interfaces/share/more_interfaces/cmake/export_more_interfaces__rosidl_generator_cExport-noconfig.cmake
[8.738s] -- Up-to-date: /home/mahmoud/ros2_ws3/install/more_interfaces/share/more_interfaces/cmake/export_more_interfaces__rosidl_typesupport_fastrtps_cExport.cmake
[8.738s] -- Up-to-date: /home/mahmoud/ros2_ws3/install/more_interfaces/share/more_interfaces/cmake/export_more_interfaces__rosidl_typesupport_fastrtps_cExport-noconfig.cmake
[8.739s] -- Up-to-date: /home/mahmoud/ros2_ws3/install/more_interfaces/share/more_interfaces/cmake/more_interfaces__rosidl_typesupport_introspection_cExport.cmake
[8.739s] -- Up-to-date: /home/mahmoud/ros2_ws3/install/more_interfaces/share/more_interfaces/cmake/more_interfaces__rosidl_typesupport_introspection_cExport-noconfig.cmake
[8.740s] -- Up-to-date: /home/mahmoud/ros2_ws3/install/more_interfaces/share/more_interfaces/cmake/more_interfaces__rosidl_typesupport_cExport.cmake
[8.740s] -- Up-to-date: /home/mahmoud/ros2_ws3/install/more_interfaces/share/more_interfaces/cmake/more_interfaces__rosidl_typesupport_cExport-noconfig.cmake
[8.740s] -- Up-to-date: /home/mahmoud/ros2_ws3/install/more_interfaces/share/more_interfaces/cmake/export_more_interfaces__rosidl_generator_cppExport.cmake
[8.741s] -- Up-to-date: /home/mahmoud/ros2_ws3/install/more_interfaces/share/more_interfaces/cmake/export_more_interfaces__rosidl_typesupport_fastrtps_cppExport.cmake
[8.741s] -- Up-to-date: /home/mahmoud/ros2_ws3/install/more_interfaces/share/more_interfaces/cmake/export_more_interfaces__rosidl_typesupport_fastrtps_cppExport-noconfig.cmake
[8.741s] -- Up-to-date: /home/mahmoud/ros2_ws3/install/more_interfaces/share/more_interfaces/cmake/more_interfaces__rosidl_typesupport_introspection_cppExport.cmake
[8.741s] -- Up-to-date: /home/mahmoud/ros2_ws3/install/more_interfaces/share/more_interfaces/cmake/more_interfaces__rosidl_typesupport_introspection_cppExport-noconfig.cmake
[8.742s] -- Up-to-date: /home/mahmoud/ros2_ws3/install/more_interfaces/share/more_interfaces/cmake/more_interfaces__rosidl_typesupport_cppExport.cmake
[8.742s] -- Up-to-date: /home/mahmoud/ros2_ws3/install/more_interfaces/share/more_interfaces/cmake/more_interfaces__rosidl_typesupport_cppExport-noconfig.cmake
[8.743s] -- Up-to-date: /home/mahmoud/ros2_ws3/install/more_interfaces/share/more_interfaces/cmake/export_more_interfaces__rosidl_generator_pyExport.cmake
[8.743s] -- Up-to-date: /home/mahmoud/ros2_ws3/install/more_interfaces/share/more_interfaces/cmake/export_more_interfaces__rosidl_generator_pyExport-noconfig.cmake
[8.743s] -- Up-to-date: /home/mahmoud/ros2_ws3/install/more_interfaces/share/more_interfaces/cmake/rosidl_cmake-extras.cmake
[8.743s] -- Up-to-date: /home/mahmoud/ros2_ws3/install/more_interfaces/share/more_interfaces/cmake/ament_cmake_export_include_directories-extras.cmake
[8.743s] -- Up-to-date: /home/mahmoud/ros2_ws3/install/more_interfaces/share/more_interfaces/cmake/ament_cmake_export_libraries-extras.cmake
[8.743s] -- Up-to-date: /home/mahmoud/ros2_ws3/install/more_interfaces/share/more_interfaces/cmake/ament_cmake_export_targets-extras.cmake
[8.744s] -- Up-to-date: /home/mahmoud/ros2_ws3/install/more_interfaces/share/more_interfaces/cmake/rosidl_cmake_export_typesupport_targets-extras.cmake
[8.744s] -- Up-to-date: /home/mahmoud/ros2_ws3/install/more_interfaces/share/more_interfaces/cmake/ament_cmake_export_dependencies-extras.cmake
[8.744s] -- Up-to-date: /home/mahmoud/ros2_ws3/install/more_interfaces/share/more_interfaces/cmake/rosidl_cmake_export_typesupport_libraries-extras.cmake
[8.744s] -- Up-to-date: /home/mahmoud/ros2_ws3/install/more_interfaces/share/more_interfaces/cmake/more_interfacesConfig.cmake
[8.744s] -- Up-to-date: /home/mahmoud/ros2_ws3/install/more_interfaces/share/more_interfaces/cmake/more_interfacesConfig-version.cmake
[8.744s] -- Up-to-date: /home/mahmoud/ros2_ws3/install/more_interfaces/share/more_interfaces/package.xml
[8.746s] Invoked command in '/home/mahmoud/ros2_ws3/build/more_interfaces' returned '0': CMAKE_PREFIX_PATH=${CMAKE_PREFIX_PATH}:/opt/ros/humble /usr/bin/cmake --install /home/mahmoud/ros2_ws3/build/more_interfaces
