[0.016s] Invoking command in '/home/mahmoud/ros2_ws3/build/cpp_srvcli': CMAKE_PREFIX_PATH=/opt/ros/humble /usr/bin/cmake /home/mahmoud/ros2_ws3/src/cpp_srvcli -DCMAKE_INSTALL_PREFIX=/home/mahmoud/ros2_ws3/install/cpp_srvcli
[0.277s] -- The C compiler identification is GNU 11.4.0
[0.645s] -- The CXX compiler identification is GNU 11.4.0
[0.861s] -- Detecting C compiler ABI info
[0.984s] -- Detecting C compiler ABI info - done
[0.991s] -- Check for working C compiler: /usr/bin/cc - skipped
[0.992s] -- Detecting C compile features
[0.993s] -- Detecting C compile features - done
[0.998s] -- Detecting CXX compiler ABI info
[1.121s] -- Detecting CXX compiler ABI info - done
[1.127s] -- Check for working CXX compiler: /usr/bin/c++ - skipped
[1.128s] -- Detecting CXX compile features
[1.128s] -- Detecting CXX compile features - done
[1.144s] -- Found ament_cmake: 1.3.11 (/opt/ros/humble/share/ament_cmake/cmake)
[1.280s] -- Found Python3: /usr/bin/python3 (found version "3.10.12") found components: Interpreter 
[1.390s] -- Found rclcpp: 16.0.12 (/opt/ros/humble/share/rclcpp/cmake)
[1.534s] -- Found rosidl_generator_c: 3.1.6 (/opt/ros/humble/share/rosidl_generator_c/cmake)
[1.541s] -- Found rosidl_adapter: 3.1.6 (/opt/ros/humble/share/rosidl_adapter/cmake)
[1.554s] -- Found rosidl_generator_cpp: 3.1.6 (/opt/ros/humble/share/rosidl_generator_cpp/cmake)
[1.574s] -- Using all available rosidl_typesupport_c: rosidl_typesupport_fastrtps_c;rosidl_typesupport_introspection_c
[1.595s] -- Using all available rosidl_typesupport_cpp: rosidl_typesupport_fastrtps_cpp;rosidl_typesupport_introspection_cpp
[1.655s] -- Found rmw_implementation_cmake: 6.1.2 (/opt/ros/humble/share/rmw_implementation_cmake/cmake)
[1.659s] -- Found rmw_fastrtps_cpp: 6.2.7 (/opt/ros/humble/share/rmw_fastrtps_cpp/cmake)
[2.575s] -- Found OpenSSL: /usr/lib/x86_64-linux-gnu/libcrypto.so (found version "3.0.2")  
[3.528s] -- Found FastRTPS: /opt/ros/humble/include  
[5.194s] -- Using RMW implementation 'rmw_fastrtps_cpp' as default
[5.208s] -- Looking for pthread.h
[5.337s] -- Looking for pthread.h - found
[5.337s] -- Performing Test CMAKE_HAVE_LIBC_PTHREAD
[5.453s] -- Performing Test CMAKE_HAVE_LIBC_PTHREAD - Success
[5.454s] -- Found Threads: TRUE  
[5.527s] -- Found example_interfaces: 0.9.3 (/opt/ros/humble/share/example_interfaces/cmake)
[5.583s] -- Found ament_lint_auto: 0.12.12 (/opt/ros/humble/share/ament_lint_auto/cmake)
[5.660s] -- Added test 'cppcheck' to perform static code analysis on C / C++ code
[5.660s] -- Configured cppcheck include dirs: 
[5.660s] -- Configured cppcheck exclude dirs and/or files: 
[5.661s] -- Added test 'lint_cmake' to check CMake code style
[5.663s] -- Added test 'uncrustify' to check C / C++ code style
[5.663s] -- Configured uncrustify additional arguments: 
[5.663s] -- Added test 'xmllint' to check XML markup files
[5.667s] -- Configuring done
[5.669s] [31mCMake Error at CMakeLists.txt:13 (add_executable):
[5.669s]   Cannot find source file:
[5.669s] 
[5.669s]     src/add_two_ints_server.cpp
[5.669s] 
[5.669s]   Tried extensions .c .C .c++ .cc .cpp .cxx .cu .mpp .m .M .mm .ixx .cppm .h
[5.669s]   .hh .h++ .hm .hpp .hxx .in .txx .f .F .for .f77 .f90 .f95 .f03 .hip .ispc
[5.670s] 
[5.670s] [0m
[5.670s] [31mCMake Error at CMakeLists.txt:13 (add_executable):
[5.670s]   No SOURCES given to target: server
[5.670s] 
[5.670s] [0m
[5.670s] [0mCMake Generate step failed.  Build files cannot be regenerated correctly.[0m
[5.678s] Invoked command in '/home/mahmoud/ros2_ws3/build/cpp_srvcli' returned '1': CMAKE_PREFIX_PATH=/opt/ros/humble /usr/bin/cmake /home/mahmoud/ros2_ws3/src/cpp_srvcli -DCMAKE_INSTALL_PREFIX=/home/mahmoud/ros2_ws3/install/cpp_srvcli
