[0.011s] Invoking command in '/home/mahmoud/ros2_ws3/build/cpp_srvcli': CMAKE_PREFIX_PATH=/opt/ros/humble /usr/bin/cmake /home/mahmoud/ros2_ws3/src/cpp_srvcli -DCMAKE_INSTALL_PREFIX=/home/mahmoud/ros2_ws3/install/cpp_srvcli
[0.020s] -- Found ament_cmake: 1.3.11 (/opt/ros/humble/share/ament_cmake/cmake)
[0.126s] -- Found rclcpp: 16.0.12 (/opt/ros/humble/share/rclcpp/cmake)
[0.222s] -- Found rosidl_generator_c: 3.1.6 (/opt/ros/humble/share/rosidl_generator_c/cmake)
[0.224s] -- Found rosidl_adapter: 3.1.6 (/opt/ros/humble/share/rosidl_adapter/cmake)
[0.230s] -- Found rosidl_generator_cpp: 3.1.6 (/opt/ros/humble/share/rosidl_generator_cpp/cmake)
[0.238s] -- Using all available rosidl_typesupport_c: rosidl_typesupport_fastrtps_c;rosidl_typesupport_introspection_c
[0.249s] -- Using all available rosidl_typesupport_cpp: rosidl_typesupport_fastrtps_cpp;rosidl_typesupport_introspection_cpp
[0.278s] -- Found rmw_implementation_cmake: 6.1.2 (/opt/ros/humble/share/rmw_implementation_cmake/cmake)
[0.279s] -- Found rmw_fastrtps_cpp: 6.2.7 (/opt/ros/humble/share/rmw_fastrtps_cpp/cmake)
[3.555s] -- Using RMW implementation 'rmw_fastrtps_cpp' as default
[3.599s] -- Found example_interfaces: 0.9.3 (/opt/ros/humble/share/example_interfaces/cmake)
[3.633s] -- Found ament_lint_auto: 0.12.12 (/opt/ros/humble/share/ament_lint_auto/cmake)
[3.696s] -- Added test 'cppcheck' to perform static code analysis on C / C++ code
[3.696s] -- Configured cppcheck include dirs: 
[3.696s] -- Configured cppcheck exclude dirs and/or files: 
[3.696s] -- Added test 'lint_cmake' to check CMake code style
[3.697s] -- Added test 'uncrustify' to check C / C++ code style
[3.697s] -- Configured uncrustify additional arguments: 
[3.697s] -- Added test 'xmllint' to check XML markup files
[3.698s] -- Configuring done
[3.712s] -- Generating done
[3.717s] -- Build files have been written to: /home/mahmoud/ros2_ws3/build/cpp_srvcli
[3.724s] Invoked command in '/home/mahmoud/ros2_ws3/build/cpp_srvcli' returned '0': CMAKE_PREFIX_PATH=/opt/ros/humble /usr/bin/cmake /home/mahmoud/ros2_ws3/src/cpp_srvcli -DCMAKE_INSTALL_PREFIX=/home/mahmoud/ros2_ws3/install/cpp_srvcli
[3.725s] Invoking command in '/home/mahmoud/ros2_ws3/build/cpp_srvcli': CMAKE_PREFIX_PATH=/opt/ros/humble /usr/bin/cmake --build /home/mahmoud/ros2_ws3/build/cpp_srvcli -- -j12 -l12
[3.765s] [ 50%] [32mBuilding CXX object CMakeFiles/client.dir/src/add_two_ints_client.cpp.o[0m
[3.765s] [ 50%] [32mBuilding CXX object CMakeFiles/server.dir/src/add_two_ints_server.cpp.o[0m
[3.782s] [01m[K/home/mahmoud/ros2_ws3/src/cpp_srvcli/src/add_two_ints_server.cpp:1:9:[m[K [01;31m[Kfatal error: [m[Krcclcpp/rclcpp.hpp: No such file or directory
[3.782s]     1 | #include[01;31m[K"rcclcpp/rclcpp.hpp"[m[K
[3.782s]       |         [01;31m[K^~~~~~~~~~~~~~~~~~~~[m[K
[3.782s] compilation terminated.
[3.783s] gmake[2]: *** [CMakeFiles/server.dir/build.make:76: CMakeFiles/server.dir/src/add_two_ints_server.cpp.o] Error 1
[3.783s] gmake[1]: *** [CMakeFiles/Makefile2:139: CMakeFiles/server.dir/all] Error 2
[3.784s] gmake[1]: *** Waiting for unfinished jobs....
[7.437s] [ 75%] [32m[1mLinking CXX executable client[0m
[7.666s] [ 75%] Built target client
[7.667s] gmake: *** [Makefile:146: all] Error 2
[7.670s] Invoked command in '/home/mahmoud/ros2_ws3/build/cpp_srvcli' returned '2': CMAKE_PREFIX_PATH=/opt/ros/humble /usr/bin/cmake --build /home/mahmoud/ros2_ws3/build/cpp_srvcli -- -j12 -l12
