[0.016s] Invoking command in '/home/mahmoud/ros2_ws3/build/cpp_pubsub': CMAKE_PREFIX_PATH=/opt/ros/humble /usr/bin/cmake /home/mahmoud/ros2_ws3/src/cpp_pubsub -DCMAKE_INSTALL_PREFIX=/home/mahmoud/ros2_ws3/install/cpp_pubsub
[0.270s] -- The C compiler identification is GNU 11.4.0
[0.629s] -- The CXX compiler identification is GNU 11.4.0
[0.846s] -- Detecting C compiler ABI info
[0.964s] -- Detecting C compiler ABI info - done
[0.970s] -- Check for working C compiler: /usr/bin/cc - skipped
[0.972s] -- Detecting C compile features
[0.973s] -- Detecting C compile features - done
[0.977s] -- Detecting CXX compiler ABI info
[1.085s] -- Detecting CXX compiler ABI info - done
[1.091s] -- Check for working CXX compiler: /usr/bin/c++ - skipped
[1.092s] -- Detecting CXX compile features
[1.092s] -- Detecting CXX compile features - done
[1.106s] -- Found ament_cmake: 1.3.11 (/opt/ros/humble/share/ament_cmake/cmake)
[1.231s] -- Found Python3: /usr/bin/python3 (found version "3.10.12") found components: Interpreter 
[2.070s] [31mCMake Error at CMakeLists.txt:11 (find_package):
[2.070s]   By not providing "Findrclccp.cmake" in CMAKE_MODULE_PATH this project has
[2.070s]   asked CMake to find a package configuration file provided by "rclccp", but
[2.070s]   CMake did not find one.
[2.070s] 
[2.070s]   Could not find a package configuration file provided by "rclccp" with any
[2.070s]   of the following names:
[2.070s] 
[2.070s]     rclccpConfig.cmake
[2.070s]     rclccp-config.cmake
[2.071s] 
[2.071s]   Add the installation prefix of "rclccp" to CMAKE_PREFIX_PATH or set
[2.071s]   "rclccp_DIR" to a directory containing one of the above files.  If "rclccp"
[2.071s]   provides a separate development package or SDK, be sure it has been
[2.071s]   installed.
[2.071s] 
[2.071s] [0m
[2.071s] -- Configuring incomplete, errors occurred!
[2.071s] See also "/home/mahmoud/ros2_ws3/build/cpp_pubsub/CMakeFiles/CMakeOutput.log".
[2.074s] Invoked command in '/home/mahmoud/ros2_ws3/build/cpp_pubsub' returned '1': CMAKE_PREFIX_PATH=/opt/ros/humble /usr/bin/cmake /home/mahmoud/ros2_ws3/src/cpp_pubsub -DCMAKE_INSTALL_PREFIX=/home/mahmoud/ros2_ws3/install/cpp_pubsub
