[0.237s] DEBUG:colcon:Command line arguments: ['/usr/bin/colcon', 'build', '--packages-select', 'CPP_SrvClient_FourInts']
[0.237s] DEBUG:colcon:Parsed command line arguments: Namespace(log_base=None, log_level=None, verb_name='build', build_base='build', install_base='install', merge_install=False, symlink_install=False, test_result_base=None, continue_on_error=False, executor='parallel', parallel_workers=12, event_handlers=None, ignore_user_meta=False, metas=['./colcon.meta'], base_paths=['.'], packages_ignore=None, packages_ignore_regex=None, paths=None, packages_up_to=None, packages_up_to_regex=None, packages_above=None, packages_above_and_dependencies=None, packages_above_depth=None, packages_select_by_dep=None, packages_skip_by_dep=None, packages_skip_up_to=None, packages_select_build_failed=False, packages_skip_build_finished=False, packages_select_test_failures=False, packages_skip_test_passed=False, packages_select=['CPP_SrvClient_FourInts'], packages_skip=None, packages_select_regex=None, packages_skip_regex=None, packages_start=None, packages_end=None, allow_overriding=[], cmake_args=None, cmake_target=None, cmake_target_skip_unavailable=False, cmake_clean_cache=False, cmake_clean_first=False, cmake_force_configure=False, ament_cmake_args=None, catkin_cmake_args=None, catkin_skip_building_tests=False, verb_parser=<colcon_defaults.argument_parser.defaults.DefaultArgumentsDecorator object at 0x759279aeb640>, verb_extension=<colcon_core.verb.build.BuildVerb object at 0x759279aea800>, main=<bound method BuildVerb.main of <colcon_core.verb.build.BuildVerb object at 0x759279aea800>>)
[0.545s] Level 1:colcon.colcon_core.package_discovery:discover_packages(colcon_meta) check parameters
[0.545s] Level 1:colcon.colcon_core.package_discovery:discover_packages(recursive) check parameters
[0.545s] Level 1:colcon.colcon_core.package_discovery:discover_packages(ignore) check parameters
[0.545s] Level 1:colcon.colcon_core.package_discovery:discover_packages(path) check parameters
[0.545s] Level 1:colcon.colcon_core.package_discovery:discover_packages(colcon_meta) discover
[0.545s] Level 1:colcon.colcon_core.package_discovery:discover_packages(recursive) discover
[0.545s] INFO:colcon.colcon_core.package_discovery:Crawling recursively for packages in '/home/mahmoud/ros2_ws3'
[0.545s] Level 1:colcon.colcon_core.package_identification:_identify(.) by extensions ['ignore', 'ignore_ament_install']
[0.546s] Level 1:colcon.colcon_core.package_identification:_identify(.) by extension 'ignore'
[0.546s] Level 1:colcon.colcon_core.package_identification:_identify(.) by extension 'ignore_ament_install'
[0.546s] Level 1:colcon.colcon_core.package_identification:_identify(.) by extensions ['colcon_pkg']
[0.546s] Level 1:colcon.colcon_core.package_identification:_identify(.) by extension 'colcon_pkg'
[0.546s] Level 1:colcon.colcon_core.package_identification:_identify(.) by extensions ['colcon_meta']
[0.546s] Level 1:colcon.colcon_core.package_identification:_identify(.) by extension 'colcon_meta'
[0.546s] Level 1:colcon.colcon_core.package_identification:_identify(.) by extensions ['ros']
[0.546s] Level 1:colcon.colcon_core.package_identification:_identify(.) by extension 'ros'
[0.562s] Level 1:colcon.colcon_core.package_identification:_identify(.) by extensions ['cmake', 'python']
[0.562s] Level 1:colcon.colcon_core.package_identification:_identify(.) by extension 'cmake'
[0.563s] Level 1:colcon.colcon_core.package_identification:_identify(.) by extension 'python'
[0.563s] Level 1:colcon.colcon_core.package_identification:_identify(.) by extensions ['python_setup_py']
[0.563s] Level 1:colcon.colcon_core.package_identification:_identify(.) by extension 'python_setup_py'
[0.563s] Level 1:colcon.colcon_core.package_identification:_identify(build) by extensions ['ignore', 'ignore_ament_install']
[0.563s] Level 1:colcon.colcon_core.package_identification:_identify(build) by extension 'ignore'
[0.563s] Level 1:colcon.colcon_core.package_identification:_identify(build) ignored
[0.564s] Level 1:colcon.colcon_core.package_identification:_identify(install) by extensions ['ignore', 'ignore_ament_install']
[0.564s] Level 1:colcon.colcon_core.package_identification:_identify(install) by extension 'ignore'
[0.564s] Level 1:colcon.colcon_core.package_identification:_identify(install) ignored
[0.564s] Level 1:colcon.colcon_core.package_identification:_identify(log) by extensions ['ignore', 'ignore_ament_install']
[0.564s] Level 1:colcon.colcon_core.package_identification:_identify(log) by extension 'ignore'
[0.564s] Level 1:colcon.colcon_core.package_identification:_identify(log) ignored
[0.564s] Level 1:colcon.colcon_core.package_identification:_identify(src) by extensions ['ignore', 'ignore_ament_install']
[0.564s] Level 1:colcon.colcon_core.package_identification:_identify(src) by extension 'ignore'
[0.564s] Level 1:colcon.colcon_core.package_identification:_identify(src) by extension 'ignore_ament_install'
[0.564s] Level 1:colcon.colcon_core.package_identification:_identify(src) by extensions ['colcon_pkg']
[0.564s] Level 1:colcon.colcon_core.package_identification:_identify(src) by extension 'colcon_pkg'
[0.564s] Level 1:colcon.colcon_core.package_identification:_identify(src) by extensions ['colcon_meta']
[0.564s] Level 1:colcon.colcon_core.package_identification:_identify(src) by extension 'colcon_meta'
[0.565s] Level 1:colcon.colcon_core.package_identification:_identify(src) by extensions ['ros']
[0.565s] Level 1:colcon.colcon_core.package_identification:_identify(src) by extension 'ros'
[0.565s] Level 1:colcon.colcon_core.package_identification:_identify(src) by extensions ['cmake', 'python']
[0.565s] Level 1:colcon.colcon_core.package_identification:_identify(src) by extension 'cmake'
[0.565s] Level 1:colcon.colcon_core.package_identification:_identify(src) by extension 'python'
[0.565s] Level 1:colcon.colcon_core.package_identification:_identify(src) by extensions ['python_setup_py']
[0.565s] Level 1:colcon.colcon_core.package_identification:_identify(src) by extension 'python_setup_py'
[0.565s] Level 1:colcon.colcon_core.package_identification:_identify(src/CPP_SrvClient_FourInts) by extensions ['ignore', 'ignore_ament_install']
[0.565s] Level 1:colcon.colcon_core.package_identification:_identify(src/CPP_SrvClient_FourInts) by extension 'ignore'
[0.565s] Level 1:colcon.colcon_core.package_identification:_identify(src/CPP_SrvClient_FourInts) by extension 'ignore_ament_install'
[0.565s] Level 1:colcon.colcon_core.package_identification:_identify(src/CPP_SrvClient_FourInts) by extensions ['colcon_pkg']
[0.565s] Level 1:colcon.colcon_core.package_identification:_identify(src/CPP_SrvClient_FourInts) by extension 'colcon_pkg'
[0.565s] Level 1:colcon.colcon_core.package_identification:_identify(src/CPP_SrvClient_FourInts) by extensions ['colcon_meta']
[0.565s] Level 1:colcon.colcon_core.package_identification:_identify(src/CPP_SrvClient_FourInts) by extension 'colcon_meta'
[0.565s] Level 1:colcon.colcon_core.package_identification:_identify(src/CPP_SrvClient_FourInts) by extensions ['ros']
[0.565s] Level 1:colcon.colcon_core.package_identification:_identify(src/CPP_SrvClient_FourInts) by extension 'ros'
[0.568s] DEBUG:colcon.colcon_core.package_identification:Package 'src/CPP_SrvClient_FourInts' with type 'ros.ament_cmake' and name 'CPP_SrvClient_FourInts'
[0.569s] Level 1:colcon.colcon_core.package_identification:_identify(src/cpp_pubsub) by extensions ['ignore', 'ignore_ament_install']
[0.569s] Level 1:colcon.colcon_core.package_identification:_identify(src/cpp_pubsub) by extension 'ignore'
[0.569s] Level 1:colcon.colcon_core.package_identification:_identify(src/cpp_pubsub) by extension 'ignore_ament_install'
[0.569s] Level 1:colcon.colcon_core.package_identification:_identify(src/cpp_pubsub) by extensions ['colcon_pkg']
[0.569s] Level 1:colcon.colcon_core.package_identification:_identify(src/cpp_pubsub) by extension 'colcon_pkg'
[0.569s] Level 1:colcon.colcon_core.package_identification:_identify(src/cpp_pubsub) by extensions ['colcon_meta']
[0.569s] Level 1:colcon.colcon_core.package_identification:_identify(src/cpp_pubsub) by extension 'colcon_meta'
[0.569s] Level 1:colcon.colcon_core.package_identification:_identify(src/cpp_pubsub) by extensions ['ros']
[0.569s] Level 1:colcon.colcon_core.package_identification:_identify(src/cpp_pubsub) by extension 'ros'
[0.570s] DEBUG:colcon.colcon_core.package_identification:Package 'src/cpp_pubsub' with type 'ros.ament_cmake' and name 'cpp_pubsub'
[0.570s] Level 1:colcon.colcon_core.package_identification:_identify(src/cpp_srvcli) by extensions ['ignore', 'ignore_ament_install']
[0.570s] Level 1:colcon.colcon_core.package_identification:_identify(src/cpp_srvcli) by extension 'ignore'
[0.570s] Level 1:colcon.colcon_core.package_identification:_identify(src/cpp_srvcli) by extension 'ignore_ament_install'
[0.570s] Level 1:colcon.colcon_core.package_identification:_identify(src/cpp_srvcli) by extensions ['colcon_pkg']
[0.570s] Level 1:colcon.colcon_core.package_identification:_identify(src/cpp_srvcli) by extension 'colcon_pkg'
[0.570s] Level 1:colcon.colcon_core.package_identification:_identify(src/cpp_srvcli) by extensions ['colcon_meta']
[0.570s] Level 1:colcon.colcon_core.package_identification:_identify(src/cpp_srvcli) by extension 'colcon_meta'
[0.570s] Level 1:colcon.colcon_core.package_identification:_identify(src/cpp_srvcli) by extensions ['ros']
[0.570s] Level 1:colcon.colcon_core.package_identification:_identify(src/cpp_srvcli) by extension 'ros'
[0.571s] DEBUG:colcon.colcon_core.package_identification:Package 'src/cpp_srvcli' with type 'ros.ament_cmake' and name 'cpp_srvcli'
[0.571s] Level 1:colcon.colcon_core.package_identification:_identify(src/cpp_srvcli_threeints) by extensions ['ignore', 'ignore_ament_install']
[0.572s] Level 1:colcon.colcon_core.package_identification:_identify(src/cpp_srvcli_threeints) by extension 'ignore'
[0.572s] Level 1:colcon.colcon_core.package_identification:_identify(src/cpp_srvcli_threeints) by extension 'ignore_ament_install'
[0.572s] Level 1:colcon.colcon_core.package_identification:_identify(src/cpp_srvcli_threeints) by extensions ['colcon_pkg']
[0.572s] Level 1:colcon.colcon_core.package_identification:_identify(src/cpp_srvcli_threeints) by extension 'colcon_pkg'
[0.572s] Level 1:colcon.colcon_core.package_identification:_identify(src/cpp_srvcli_threeints) by extensions ['colcon_meta']
[0.572s] Level 1:colcon.colcon_core.package_identification:_identify(src/cpp_srvcli_threeints) by extension 'colcon_meta'
[0.572s] Level 1:colcon.colcon_core.package_identification:_identify(src/cpp_srvcli_threeints) by extensions ['ros']
[0.572s] Level 1:colcon.colcon_core.package_identification:_identify(src/cpp_srvcli_threeints) by extension 'ros'
[0.573s] DEBUG:colcon.colcon_core.package_identification:Package 'src/cpp_srvcli_threeints' with type 'ros.ament_cmake' and name 'cpp_srvcli_threeints'
[0.573s] Level 1:colcon.colcon_core.package_identification:_identify(src/tutorial_interfaces) by extensions ['ignore', 'ignore_ament_install']
[0.573s] Level 1:colcon.colcon_core.package_identification:_identify(src/tutorial_interfaces) by extension 'ignore'
[0.573s] Level 1:colcon.colcon_core.package_identification:_identify(src/tutorial_interfaces) by extension 'ignore_ament_install'
[0.573s] Level 1:colcon.colcon_core.package_identification:_identify(src/tutorial_interfaces) by extensions ['colcon_pkg']
[0.573s] Level 1:colcon.colcon_core.package_identification:_identify(src/tutorial_interfaces) by extension 'colcon_pkg'
[0.573s] Level 1:colcon.colcon_core.package_identification:_identify(src/tutorial_interfaces) by extensions ['colcon_meta']
[0.573s] Level 1:colcon.colcon_core.package_identification:_identify(src/tutorial_interfaces) by extension 'colcon_meta'
[0.573s] Level 1:colcon.colcon_core.package_identification:_identify(src/tutorial_interfaces) by extensions ['ros']
[0.573s] Level 1:colcon.colcon_core.package_identification:_identify(src/tutorial_interfaces) by extension 'ros'
[0.574s] DEBUG:colcon.colcon_core.package_identification:Package 'src/tutorial_interfaces' with type 'ros.ament_cmake' and name 'tutorial_interfaces'
[0.574s] Level 1:colcon.colcon_core.package_discovery:discover_packages(recursive) using defaults
[0.574s] Level 1:colcon.colcon_core.package_discovery:discover_packages(ignore) discover
[0.574s] Level 1:colcon.colcon_core.package_discovery:discover_packages(ignore) using defaults
[0.574s] Level 1:colcon.colcon_core.package_discovery:discover_packages(path) discover
[0.574s] Level 1:colcon.colcon_core.package_discovery:discover_packages(path) using defaults
[0.607s] INFO:colcon.colcon_core.package_selection:Skipping not selected package 'cpp_pubsub' in 'src/cpp_pubsub'
[0.607s] INFO:colcon.colcon_core.package_selection:Skipping not selected package 'cpp_srvcli' in 'src/cpp_srvcli'
[0.607s] INFO:colcon.colcon_core.package_selection:Skipping not selected package 'tutorial_interfaces' in 'src/tutorial_interfaces'
[0.607s] INFO:colcon.colcon_core.package_selection:Skipping not selected package 'cpp_srvcli_threeints' in 'src/cpp_srvcli_threeints'
[0.609s] Level 1:colcon.colcon_core.package_discovery:discover_packages(prefix_path) check parameters
[0.609s] Level 1:colcon.colcon_core.package_discovery:discover_packages(prefix_path) discover
[0.613s] DEBUG:colcon.colcon_installed_package_information.package_discovery:Found 4 installed packages in /home/mahmoud/ros2_ws3/install
[0.615s] DEBUG:colcon.colcon_installed_package_information.package_discovery:Found 271 installed packages in /opt/ros/humble
[0.628s] Level 1:colcon.colcon_core.package_discovery:discover_packages(prefix_path) using defaults
[0.717s] Level 5:colcon.colcon_core.verb:set package 'CPP_SrvClient_FourInts' build argument 'cmake_args' from command line to 'None'
[0.717s] Level 5:colcon.colcon_core.verb:set package 'CPP_SrvClient_FourInts' build argument 'cmake_target' from command line to 'None'
[0.717s] Level 5:colcon.colcon_core.verb:set package 'CPP_SrvClient_FourInts' build argument 'cmake_target_skip_unavailable' from command line to 'False'
[0.717s] Level 5:colcon.colcon_core.verb:set package 'CPP_SrvClient_FourInts' build argument 'cmake_clean_cache' from command line to 'False'
[0.717s] Level 5:colcon.colcon_core.verb:set package 'CPP_SrvClient_FourInts' build argument 'cmake_clean_first' from command line to 'False'
[0.717s] Level 5:colcon.colcon_core.verb:set package 'CPP_SrvClient_FourInts' build argument 'cmake_force_configure' from command line to 'False'
[0.717s] Level 5:colcon.colcon_core.verb:set package 'CPP_SrvClient_FourInts' build argument 'ament_cmake_args' from command line to 'None'
[0.717s] Level 5:colcon.colcon_core.verb:set package 'CPP_SrvClient_FourInts' build argument 'catkin_cmake_args' from command line to 'None'
[0.717s] Level 5:colcon.colcon_core.verb:set package 'CPP_SrvClient_FourInts' build argument 'catkin_skip_building_tests' from command line to 'False'
[0.717s] DEBUG:colcon.colcon_core.verb:Building package 'CPP_SrvClient_FourInts' with the following arguments: {'ament_cmake_args': None, 'build_base': '/home/mahmoud/ros2_ws3/build/CPP_SrvClient_FourInts', 'catkin_cmake_args': None, 'catkin_skip_building_tests': False, 'cmake_args': None, 'cmake_clean_cache': False, 'cmake_clean_first': False, 'cmake_force_configure': False, 'cmake_target': None, 'cmake_target_skip_unavailable': False, 'install_base': '/home/mahmoud/ros2_ws3/install/CPP_SrvClient_FourInts', 'merge_install': False, 'path': '/home/mahmoud/ros2_ws3/src/CPP_SrvClient_FourInts', 'symlink_install': False, 'test_result_base': None}
[0.717s] INFO:colcon.colcon_core.executor:Executing jobs using 'parallel' executor
[0.719s] DEBUG:colcon.colcon_parallel_executor.executor.parallel:run_until_complete
[0.719s] INFO:colcon.colcon_ros.task.ament_cmake.build:Building ROS package in '/home/mahmoud/ros2_ws3/src/CPP_SrvClient_FourInts' with build type 'ament_cmake'
[0.719s] INFO:colcon.colcon_cmake.task.cmake.build:Building CMake package in '/home/mahmoud/ros2_ws3/src/CPP_SrvClient_FourInts'
[0.728s] INFO:colcon.colcon_core.plugin_system:Skipping extension 'colcon_core.shell.bat': Not used on non-Windows systems
[0.728s] INFO:colcon.colcon_core.shell:Skip shell extension 'powershell' for command environment: Not usable outside of PowerShell
[0.728s] DEBUG:colcon.colcon_core.shell:Skip shell extension 'dsv' for command environment
[0.738s] DEBUG:colcon.colcon_core.event_handler.log_command:Invoking command in '/home/mahmoud/ros2_ws3/build/CPP_SrvClient_FourInts': CMAKE_PREFIX_PATH=${CMAKE_PREFIX_PATH}:/opt/ros/humble /usr/bin/cmake /home/mahmoud/ros2_ws3/src/CPP_SrvClient_FourInts -DCMAKE_INSTALL_PREFIX=/home/mahmoud/ros2_ws3/install/CPP_SrvClient_FourInts
[6.235s] DEBUG:colcon.colcon_core.event_handler.log_command:Invoked command in '/home/mahmoud/ros2_ws3/build/CPP_SrvClient_FourInts' returned '0': CMAKE_PREFIX_PATH=${CMAKE_PREFIX_PATH}:/opt/ros/humble /usr/bin/cmake /home/mahmoud/ros2_ws3/src/CPP_SrvClient_FourInts -DCMAKE_INSTALL_PREFIX=/home/mahmoud/ros2_ws3/install/CPP_SrvClient_FourInts
[6.237s] DEBUG:colcon.colcon_core.event_handler.log_command:Invoking command in '/home/mahmoud/ros2_ws3/build/CPP_SrvClient_FourInts': CMAKE_PREFIX_PATH=${CMAKE_PREFIX_PATH}:/opt/ros/humble /usr/bin/cmake --build /home/mahmoud/ros2_ws3/build/CPP_SrvClient_FourInts -- -j12 -l12
[9.365s] DEBUG:colcon.colcon_core.event_handler.log_command:Invoked command in '/home/mahmoud/ros2_ws3/build/CPP_SrvClient_FourInts' returned '2': CMAKE_PREFIX_PATH=${CMAKE_PREFIX_PATH}:/opt/ros/humble /usr/bin/cmake --build /home/mahmoud/ros2_ws3/build/CPP_SrvClient_FourInts -- -j12 -l12
[9.366s] Level 1:colcon.colcon_core.environment:create_environment_scripts_only(CPP_SrvClient_FourInts)
[9.372s] Level 1:colcon.colcon_core.environment:checking '/home/mahmoud/ros2_ws3/install/CPP_SrvClient_FourInts' for CMake module files
[9.372s] Level 1:colcon.colcon_core.environment:checking '/home/mahmoud/ros2_ws3/install/CPP_SrvClient_FourInts' for CMake config files
[9.372s] Level 1:colcon.colcon_core.environment:checking '/home/mahmoud/ros2_ws3/install/CPP_SrvClient_FourInts/bin'
[9.373s] Level 1:colcon.colcon_core.environment:checking '/home/mahmoud/ros2_ws3/install/CPP_SrvClient_FourInts/lib/pkgconfig/CPP_SrvClient_FourInts.pc'
[9.373s] Level 1:colcon.colcon_core.environment:checking '/home/mahmoud/ros2_ws3/install/CPP_SrvClient_FourInts/lib/python3.10/site-packages'
[9.373s] Level 1:colcon.colcon_core.environment:checking '/home/mahmoud/ros2_ws3/install/CPP_SrvClient_FourInts/bin'
[9.373s] INFO:colcon.colcon_core.shell:Creating package script '/home/mahmoud/ros2_ws3/install/CPP_SrvClient_FourInts/share/CPP_SrvClient_FourInts/package.ps1'
[9.375s] INFO:colcon.colcon_core.shell:Creating package descriptor '/home/mahmoud/ros2_ws3/install/CPP_SrvClient_FourInts/share/CPP_SrvClient_FourInts/package.dsv'
[9.376s] INFO:colcon.colcon_core.shell:Creating package script '/home/mahmoud/ros2_ws3/install/CPP_SrvClient_FourInts/share/CPP_SrvClient_FourInts/package.sh'
[9.377s] INFO:colcon.colcon_core.shell:Creating package script '/home/mahmoud/ros2_ws3/install/CPP_SrvClient_FourInts/share/CPP_SrvClient_FourInts/package.bash'
[9.378s] INFO:colcon.colcon_core.shell:Creating package script '/home/mahmoud/ros2_ws3/install/CPP_SrvClient_FourInts/share/CPP_SrvClient_FourInts/package.zsh'
[9.379s] Level 1:colcon.colcon_core.environment:create_file_with_runtime_dependencies(/home/mahmoud/ros2_ws3/install/CPP_SrvClient_FourInts/share/colcon-core/packages/CPP_SrvClient_FourInts)
[9.390s] DEBUG:colcon.colcon_parallel_executor.executor.parallel:closing loop
[9.390s] DEBUG:colcon.colcon_parallel_executor.executor.parallel:loop closed
[9.390s] DEBUG:colcon.colcon_parallel_executor.executor.parallel:run_until_complete finished with '2'
[9.390s] DEBUG:colcon.colcon_core.event_reactor:joining thread
[9.428s] INFO:colcon.colcon_core.plugin_system:Skipping extension 'colcon_notification.desktop_notification.notify_send': Could not find 'notify-send'
[9.428s] INFO:colcon.colcon_core.plugin_system:Skipping extension 'colcon_notification.desktop_notification.terminal_notifier': Not used on non-Darwin systems
[9.428s] INFO:colcon.colcon_core.plugin_system:Skipping extension 'colcon_notification.desktop_notification.win32': Not used on non-Windows systems
[9.428s] INFO:colcon.colcon_notification.desktop_notification:Sending desktop notification using 'notify2'
[9.429s] DEBUG:colcon.colcon_notification.desktop_notification.notify2:Failed to initialize notify2: org.freedesktop.DBus.Error.FileNotFound: Failed to connect to socket /run/user/1000/bus: No such file or directory
[9.429s] DEBUG:colcon.colcon_core.event_reactor:joined thread
[9.429s] INFO:colcon.colcon_core.shell:Creating prefix script '/home/mahmoud/ros2_ws3/install/local_setup.ps1'
[9.430s] INFO:colcon.colcon_core.shell:Creating prefix util module '/home/mahmoud/ros2_ws3/install/_local_setup_util_ps1.py'
[9.432s] INFO:colcon.colcon_core.shell:Creating prefix chain script '/home/mahmoud/ros2_ws3/install/setup.ps1'
[9.433s] INFO:colcon.colcon_core.shell:Creating prefix script '/home/mahmoud/ros2_ws3/install/local_setup.sh'
[9.434s] INFO:colcon.colcon_core.shell:Creating prefix util module '/home/mahmoud/ros2_ws3/install/_local_setup_util_sh.py'
[9.435s] INFO:colcon.colcon_core.shell:Creating prefix chain script '/home/mahmoud/ros2_ws3/install/setup.sh'
[9.436s] INFO:colcon.colcon_core.shell:Creating prefix script '/home/mahmoud/ros2_ws3/install/local_setup.bash'
[9.436s] INFO:colcon.colcon_core.shell:Creating prefix chain script '/home/mahmoud/ros2_ws3/install/setup.bash'
[9.438s] INFO:colcon.colcon_core.shell:Creating prefix script '/home/mahmoud/ros2_ws3/install/local_setup.zsh'
[9.438s] INFO:colcon.colcon_core.shell:Creating prefix chain script '/home/mahmoud/ros2_ws3/install/setup.zsh'
