[0.019s] Invoking command in '/home/mahmoud/ros2_ws3/build/tutorial_interfaces': CMAKE_PREFIX_PATH=${CMAKE_PREFIX_PATH}:/opt/ros/humble /usr/bin/cmake --build /home/mahmoud/ros2_ws3/build/tutorial_interfaces -- -j12 -l12
[0.098s] -- Found ament_cmake: 1.3.11 (/opt/ros/humble/share/ament_cmake/cmake)
[0.259s] -- Found geometry_msgs: 4.8.0 (/opt/ros/humble/share/geometry_msgs/cmake)
[0.386s] -- Found rosidl_generator_c: 3.1.6 (/opt/ros/humble/share/rosidl_generator_c/cmake)
[0.390s] -- Found rosidl_adapter: 3.1.6 (/opt/ros/humble/share/rosidl_adapter/cmake)
[0.400s] -- Found rosidl_generator_cpp: 3.1.6 (/opt/ros/humble/share/rosidl_generator_cpp/cmake)
[0.418s] -- Using all available rosidl_typesupport_c: rosidl_typesupport_fastrtps_c;rosidl_typesupport_introspection_c
[0.437s] -- Using all available rosidl_typesupport_cpp: rosidl_typesupport_fastrtps_cpp;rosidl_typesupport_introspection_cpp
[0.495s] -- Found rosidl_default_generators: 1.2.0 (/opt/ros/humble/share/rosidl_default_generators/cmake)
[0.766s] -- Found ament_cmake_ros: 0.10.0 (/opt/ros/humble/share/ament_cmake_ros/cmake)
[1.118s] -- Using all available rosidl_typesupport_c: rosidl_typesupport_fastrtps_c;rosidl_typesupport_introspection_c
[1.257s] -- Using all available rosidl_typesupport_cpp: rosidl_typesupport_fastrtps_cpp;rosidl_typesupport_introspection_cpp
[1.279s] -- Found python_cmake_module: 0.10.0 (/opt/ros/humble/share/python_cmake_module/cmake)
[1.301s] -- Using PYTHON_EXECUTABLE: /usr/bin/python3
[1.301s] -- Using PYTHON_INCLUDE_DIRS: /usr/include/python3.10
[1.301s] -- Using PYTHON_LIBRARIES: /usr/lib/x86_64-linux-gnu/libpython3.10.so
[1.336s] -- Found ament_lint_auto: 0.12.12 (/opt/ros/humble/share/ament_lint_auto/cmake)
[1.364s] -- Added test 'lint_cmake' to check CMake code style
[1.366s] -- Added test 'xmllint' to check XML markup files
[1.372s] -- Configuring done
[1.436s] -- Generating done
[1.450s] -- Build files have been written to: /home/mahmoud/ros2_ws3/build/tutorial_interfaces
[1.475s] [  1%] [34m[1mGenerating C code for ROS interfaces[0m
[1.485s] [  3%] [34m[1mGenerating C++ code for ROS interfaces[0m
[1.499s] [  3%] Built target ament_cmake_python_copy_tutorial_interfaces
[1.744s] running egg_info
[1.745s] writing tutorial_interfaces.egg-info/PKG-INFO
[1.745s] writing dependency_links to tutorial_interfaces.egg-info/dependency_links.txt
[1.745s] writing top-level names to tutorial_interfaces.egg-info/top_level.txt
[1.748s] reading manifest file 'tutorial_interfaces.egg-info/SOURCES.txt'
[1.749s] writing manifest file 'tutorial_interfaces.egg-info/SOURCES.txt'
[1.771s] [  3%] Built target ament_cmake_python_build_tutorial_interfaces_egg
[1.908s] [35m[1mConsolidate compiler generated dependencies of target tutorial_interfaces__rosidl_generator_c[0m
[1.919s] [  7%] [32mBuilding C object CMakeFiles/tutorial_interfaces__rosidl_generator_c.dir/rosidl_generator_c/tutorial_interfaces/msg/detail/num__functions.c.o[0m
[1.919s] [  7%] [32mBuilding C object CMakeFiles/tutorial_interfaces__rosidl_generator_c.dir/rosidl_generator_c/tutorial_interfaces/srv/detail/add_three_ints__functions.c.o[0m
[1.919s] [  9%] [32mBuilding C object CMakeFiles/tutorial_interfaces__rosidl_generator_c.dir/rosidl_generator_c/tutorial_interfaces/srv/detail/add_four_ints__functions.c.o[0m
[1.921s] [ 10%] [32mBuilding C object CMakeFiles/tutorial_interfaces__rosidl_generator_c.dir/rosidl_generator_c/tutorial_interfaces/msg/detail/sphere__functions.c.o[0m
[1.924s] [ 10%] Built target tutorial_interfaces__cpp
[1.933s] [ 14%] [34m[1mGenerating C++ type support dispatch for ROS interfaces[0m
[1.934s] [ 14%] [34m[1mGenerating C++ type support for eProsima Fast-RTPS[0m
[1.935s] [ 16%] [34m[1mGenerating C++ introspection for ROS interfaces[0m
[2.053s] [ 18%] [32m[1mLinking C shared library libtutorial_interfaces__rosidl_generator_c.so[0m
[2.155s] [ 18%] Built target tutorial_interfaces__rosidl_generator_c
[2.166s] [ 20%] [34m[1mGenerating C type support for eProsima Fast-RTPS[0m
[2.168s] [ 23%] [34m[1mGenerating C introspection for ROS interfaces[0m
[2.168s] [ 23%] [34m[1mGenerating C type support dispatch for ROS interfaces[0m
[2.233s] [35m[1mConsolidate compiler generated dependencies of target tutorial_interfaces__rosidl_typesupport_cpp[0m
[2.250s] [ 25%] [32mBuilding CXX object CMakeFiles/tutorial_interfaces__rosidl_typesupport_cpp.dir/rosidl_typesupport_cpp/tutorial_interfaces/srv/add_four_ints__type_support.cpp.o[0m
[2.250s] [ 27%] [32mBuilding CXX object CMakeFiles/tutorial_interfaces__rosidl_typesupport_cpp.dir/rosidl_typesupport_cpp/tutorial_interfaces/srv/add_three_ints__type_support.cpp.o[0m
[2.250s] [ 29%] [32mBuilding CXX object CMakeFiles/tutorial_interfaces__rosidl_typesupport_cpp.dir/rosidl_typesupport_cpp/tutorial_interfaces/msg/num__type_support.cpp.o[0m
[2.253s] [ 30%] [32mBuilding CXX object CMakeFiles/tutorial_interfaces__rosidl_typesupport_cpp.dir/rosidl_typesupport_cpp/tutorial_interfaces/msg/sphere__type_support.cpp.o[0m
[2.302s] [35m[1mConsolidate compiler generated dependencies of target tutorial_interfaces__rosidl_typesupport_introspection_cpp[0m
[2.322s] [ 32%] [32mBuilding CXX object CMakeFiles/tutorial_interfaces__rosidl_typesupport_introspection_cpp.dir/rosidl_typesupport_introspection_cpp/tutorial_interfaces/msg/detail/num__type_support.cpp.o[0m
[2.323s] [ 34%] [32mBuilding CXX object CMakeFiles/tutorial_interfaces__rosidl_typesupport_introspection_cpp.dir/rosidl_typesupport_introspection_cpp/tutorial_interfaces/msg/detail/sphere__type_support.cpp.o[0m
[2.323s] [ 36%] [32mBuilding CXX object CMakeFiles/tutorial_interfaces__rosidl_typesupport_introspection_cpp.dir/rosidl_typesupport_introspection_cpp/tutorial_interfaces/srv/detail/add_four_ints__type_support.cpp.o[0m
[2.333s] [ 38%] [32mBuilding CXX object CMakeFiles/tutorial_interfaces__rosidl_typesupport_introspection_cpp.dir/rosidl_typesupport_introspection_cpp/tutorial_interfaces/srv/detail/add_three_ints__type_support.cpp.o[0m
[2.508s] [35m[1mConsolidate compiler generated dependencies of target tutorial_interfaces__rosidl_typesupport_fastrtps_cpp[0m
[2.532s] [ 40%] [32mBuilding CXX object CMakeFiles/tutorial_interfaces__rosidl_typesupport_fastrtps_cpp.dir/rosidl_typesupport_fastrtps_cpp/tutorial_interfaces/msg/detail/dds_fastrtps/num__type_support.cpp.o[0m
[2.683s] [35m[1mConsolidate compiler generated dependencies of target tutorial_interfaces__rosidl_typesupport_c[0m
[2.705s] [ 41%] [32mBuilding CXX object CMakeFiles/tutorial_interfaces__rosidl_typesupport_c.dir/rosidl_typesupport_c/tutorial_interfaces/msg/num__type_support.cpp.o[0m
[2.795s] [ 43%] [32mBuilding CXX object CMakeFiles/tutorial_interfaces__rosidl_typesupport_c.dir/rosidl_typesupport_c/tutorial_interfaces/msg/sphere__type_support.cpp.o[0m
[2.843s] [ 45%] [32mBuilding CXX object CMakeFiles/tutorial_interfaces__rosidl_typesupport_c.dir/rosidl_typesupport_c/tutorial_interfaces/srv/add_three_ints__type_support.cpp.o[0m
[2.846s] [ 47%] [32mBuilding CXX object CMakeFiles/tutorial_interfaces__rosidl_typesupport_c.dir/rosidl_typesupport_c/tutorial_interfaces/srv/add_four_ints__type_support.cpp.o[0m
[2.848s] [ 49%] [32mBuilding CXX object CMakeFiles/tutorial_interfaces__rosidl_typesupport_fastrtps_cpp.dir/rosidl_typesupport_fastrtps_cpp/tutorial_interfaces/msg/detail/dds_fastrtps/sphere__type_support.cpp.o[0m
[2.851s] [ 50%] [32m[1mLinking CXX shared library libtutorial_interfaces__rosidl_typesupport_cpp.so[0m
[2.862s] [ 52%] [32mBuilding CXX object CMakeFiles/tutorial_interfaces__rosidl_typesupport_fastrtps_cpp.dir/rosidl_typesupport_fastrtps_cpp/tutorial_interfaces/srv/detail/dds_fastrtps/add_three_ints__type_support.cpp.o[0m
[2.871s] [35m[1mConsolidate compiler generated dependencies of target tutorial_interfaces__rosidl_typesupport_introspection_c[0m
[2.887s] [35m[1mConsolidate compiler generated dependencies of target tutorial_interfaces__rosidl_typesupport_fastrtps_c[0m
[2.891s] [ 54%] [32mBuilding C object CMakeFiles/tutorial_interfaces__rosidl_typesupport_introspection_c.dir/rosidl_typesupport_introspection_c/tutorial_interfaces/msg/detail/num__type_support.c.o[0m
[2.895s] [ 56%] [32m[1mLinking CXX shared library libtutorial_interfaces__rosidl_typesupport_c.so[0m
[2.896s] [ 58%] [32mBuilding CXX object CMakeFiles/tutorial_interfaces__rosidl_typesupport_fastrtps_cpp.dir/rosidl_typesupport_fastrtps_cpp/tutorial_interfaces/srv/detail/dds_fastrtps/add_four_ints__type_support.cpp.o[0m
[2.908s] [ 60%] [32mBuilding CXX object CMakeFiles/tutorial_interfaces__rosidl_typesupport_fastrtps_c.dir/rosidl_typesupport_fastrtps_c/tutorial_interfaces/msg/detail/num__type_support_c.cpp.o[0m
[2.955s] [ 61%] [32mBuilding C object CMakeFiles/tutorial_interfaces__rosidl_typesupport_introspection_c.dir/rosidl_typesupport_introspection_c/tutorial_interfaces/msg/detail/sphere__type_support.c.o[0m
[3.014s] [ 63%] [32mBuilding C object CMakeFiles/tutorial_interfaces__rosidl_typesupport_introspection_c.dir/rosidl_typesupport_introspection_c/tutorial_interfaces/srv/detail/add_three_ints__type_support.c.o[0m
[3.027s] [ 65%] [32mBuilding CXX object CMakeFiles/tutorial_interfaces__rosidl_typesupport_fastrtps_c.dir/rosidl_typesupport_fastrtps_c/tutorial_interfaces/msg/detail/sphere__type_support_c.cpp.o[0m
[3.039s] [ 67%] [32mBuilding C object CMakeFiles/tutorial_interfaces__rosidl_typesupport_introspection_c.dir/rosidl_typesupport_introspection_c/tutorial_interfaces/srv/detail/add_four_ints__type_support.c.o[0m
[3.044s] [ 69%] [32mBuilding CXX object CMakeFiles/tutorial_interfaces__rosidl_typesupport_fastrtps_c.dir/rosidl_typesupport_fastrtps_c/tutorial_interfaces/srv/detail/add_three_ints__type_support_c.cpp.o[0m
[3.044s] [ 69%] Built target tutorial_interfaces__rosidl_typesupport_cpp
[3.052s] [ 70%] [32m[1mLinking CXX shared library libtutorial_interfaces__rosidl_typesupport_introspection_cpp.so[0m
[3.060s] [ 72%] [32mBuilding CXX object CMakeFiles/tutorial_interfaces__rosidl_typesupport_fastrtps_c.dir/rosidl_typesupport_fastrtps_c/tutorial_interfaces/srv/detail/add_four_ints__type_support_c.cpp.o[0m
[3.090s] [ 72%] Built target tutorial_interfaces__rosidl_typesupport_c
[3.092s] [ 74%] [32m[1mLinking C shared library libtutorial_interfaces__rosidl_typesupport_introspection_c.so[0m
[3.200s] [ 74%] Built target tutorial_interfaces__rosidl_typesupport_introspection_c
[3.218s] [ 74%] Built target tutorial_interfaces__rosidl_typesupport_introspection_cpp
[3.478s] [ 76%] [32m[1mLinking CXX shared library libtutorial_interfaces__rosidl_typesupport_fastrtps_cpp.so[0m
[3.504s] [ 78%] [32m[1mLinking CXX shared library libtutorial_interfaces__rosidl_typesupport_fastrtps_c.so[0m
[3.598s] [ 78%] Built target tutorial_interfaces__rosidl_typesupport_fastrtps_cpp
[3.617s] [ 78%] Built target tutorial_interfaces__rosidl_typesupport_fastrtps_c
[3.636s] [ 78%] Built target tutorial_interfaces
[3.654s] [ 80%] [34m[1mGenerating Python code for ROS interfaces[0m
[4.248s] [ 80%] Built target tutorial_interfaces__py
[4.261s] [35m[1mConsolidate compiler generated dependencies of target tutorial_interfaces__rosidl_generator_py[0m
[4.273s] [ 83%] [32mBuilding C object CMakeFiles/tutorial_interfaces__rosidl_generator_py.dir/rosidl_generator_py/tutorial_interfaces/msg/_sphere_s.c.o[0m
[4.273s] [ 83%] [32mBuilding C object CMakeFiles/tutorial_interfaces__rosidl_generator_py.dir/rosidl_generator_py/tutorial_interfaces/msg/_num_s.c.o[0m
[4.273s] [ 85%] [32mBuilding C object CMakeFiles/tutorial_interfaces__rosidl_generator_py.dir/rosidl_generator_py/tutorial_interfaces/srv/_add_three_ints_s.c.o[0m
[4.273s] [ 87%] [32mBuilding C object CMakeFiles/tutorial_interfaces__rosidl_generator_py.dir/rosidl_generator_py/tutorial_interfaces/srv/_add_four_ints_s.c.o[0m
[4.412s] [ 89%] [32m[1mLinking C shared library rosidl_generator_py/tutorial_interfaces/libtutorial_interfaces__rosidl_generator_py.so[0m
[4.509s] [ 89%] Built target tutorial_interfaces__rosidl_generator_py
[4.519s] [35m[1mConsolidate compiler generated dependencies of target tutorial_interfaces__rosidl_typesupport_c__pyext[0m
[4.519s] [35m[1mConsolidate compiler generated dependencies of target tutorial_interfaces__rosidl_typesupport_fastrtps_c__pyext[0m
[4.522s] [35m[1mConsolidate compiler generated dependencies of target tutorial_interfaces__rosidl_typesupport_introspection_c__pyext[0m
[4.531s] [ 90%] [32mBuilding C object CMakeFiles/tutorial_interfaces__rosidl_typesupport_fastrtps_c__pyext.dir/rosidl_generator_py/tutorial_interfaces/_tutorial_interfaces_s.ep.rosidl_typesupport_fastrtps_c.c.o[0m
[4.534s] [ 94%] [32mBuilding C object CMakeFiles/tutorial_interfaces__rosidl_typesupport_c__pyext.dir/rosidl_generator_py/tutorial_interfaces/_tutorial_interfaces_s.ep.rosidl_typesupport_c.c.o[0m
[4.534s] [ 94%] [32mBuilding C object CMakeFiles/tutorial_interfaces__rosidl_typesupport_introspection_c__pyext.dir/rosidl_generator_py/tutorial_interfaces/_tutorial_interfaces_s.ep.rosidl_typesupport_introspection_c.c.o[0m
[4.647s] [ 98%] [32m[1mLinking C shared library rosidl_generator_py/tutorial_interfaces/tutorial_interfaces_s__rosidl_typesupport_c.cpython-310-x86_64-linux-gnu.so[0m
[4.648s] [ 98%] [32m[1mLinking C shared library rosidl_generator_py/tutorial_interfaces/tutorial_interfaces_s__rosidl_typesupport_fastrtps_c.cpython-310-x86_64-linux-gnu.so[0m
[4.661s] [100%] [32m[1mLinking C shared library rosidl_generator_py/tutorial_interfaces/tutorial_interfaces_s__rosidl_typesupport_introspection_c.cpython-310-x86_64-linux-gnu.so[0m
[4.718s] [100%] Built target tutorial_interfaces__rosidl_typesupport_c__pyext
[4.719s] [100%] Built target tutorial_interfaces__rosidl_typesupport_fastrtps_c__pyext
[4.744s] [100%] Built target tutorial_interfaces__rosidl_typesupport_introspection_c__pyext
[4.755s] Invoked command in '/home/mahmoud/ros2_ws3/build/tutorial_interfaces' returned '0': CMAKE_PREFIX_PATH=${CMAKE_PREFIX_PATH}:/opt/ros/humble /usr/bin/cmake --build /home/mahmoud/ros2_ws3/build/tutorial_interfaces -- -j12 -l12
[4.763s] Invoking command in '/home/mahmoud/ros2_ws3/build/tutorial_interfaces': CMAKE_PREFIX_PATH=${CMAKE_PREFIX_PATH}:/opt/ros/humble /usr/bin/cmake --install /home/mahmoud/ros2_ws3/build/tutorial_interfaces
[4.771s] -- Install configuration: ""
[4.771s] -- Installing: /home/mahmoud/ros2_ws3/install/tutorial_interfaces/share/ament_index/resource_index/rosidl_interfaces/tutorial_interfaces
[4.771s] -- Up-to-date: /home/mahmoud/ros2_ws3/install/tutorial_interfaces/include/tutorial_interfaces/tutorial_interfaces
[4.771s] -- Up-to-date: /home/mahmoud/ros2_ws3/install/tutorial_interfaces/include/tutorial_interfaces/tutorial_interfaces/srv
[4.771s] -- Up-to-date: /home/mahmoud/ros2_ws3/install/tutorial_interfaces/include/tutorial_interfaces/tutorial_interfaces/srv/detail
[4.771s] -- Installing: /home/mahmoud/ros2_ws3/install/tutorial_interfaces/include/tutorial_interfaces/tutorial_interfaces/srv/detail/add_three_ints__functions.h
[4.772s] -- Installing: /home/mahmoud/ros2_ws3/install/tutorial_interfaces/include/tutorial_interfaces/tutorial_interfaces/srv/detail/add_three_ints__functions.c
[4.772s] -- Installing: /home/mahmoud/ros2_ws3/install/tutorial_interfaces/include/tutorial_interfaces/tutorial_interfaces/srv/detail/add_three_ints__type_support.h
[4.772s] -- Installing: /home/mahmoud/ros2_ws3/install/tutorial_interfaces/include/tutorial_interfaces/tutorial_interfaces/srv/detail/add_four_ints__struct.h
[4.772s] -- Installing: /home/mahmoud/ros2_ws3/install/tutorial_interfaces/include/tutorial_interfaces/tutorial_interfaces/srv/detail/add_three_ints__struct.h
[4.772s] -- Installing: /home/mahmoud/ros2_ws3/install/tutorial_interfaces/include/tutorial_interfaces/tutorial_interfaces/srv/detail/add_four_ints__functions.c
[4.772s] -- Installing: /home/mahmoud/ros2_ws3/install/tutorial_interfaces/include/tutorial_interfaces/tutorial_interfaces/srv/detail/add_four_ints__type_support.h
[4.773s] -- Installing: /home/mahmoud/ros2_ws3/install/tutorial_interfaces/include/tutorial_interfaces/tutorial_interfaces/srv/detail/add_four_ints__functions.h
[4.773s] -- Installing: /home/mahmoud/ros2_ws3/install/tutorial_interfaces/include/tutorial_interfaces/tutorial_interfaces/srv/add_four_ints.h
[4.773s] -- Installing: /home/mahmoud/ros2_ws3/install/tutorial_interfaces/include/tutorial_interfaces/tutorial_interfaces/srv/add_three_ints.h
[4.773s] -- Up-to-date: /home/mahmoud/ros2_ws3/install/tutorial_interfaces/include/tutorial_interfaces/tutorial_interfaces/msg
[4.773s] -- Up-to-date: /home/mahmoud/ros2_ws3/install/tutorial_interfaces/include/tutorial_interfaces/tutorial_interfaces/msg/rosidl_generator_c__visibility_control.h
[4.773s] -- Up-to-date: /home/mahmoud/ros2_ws3/install/tutorial_interfaces/include/tutorial_interfaces/tutorial_interfaces/msg/detail
[4.773s] -- Installing: /home/mahmoud/ros2_ws3/install/tutorial_interfaces/include/tutorial_interfaces/tutorial_interfaces/msg/detail/num__struct.h
[4.774s] -- Installing: /home/mahmoud/ros2_ws3/install/tutorial_interfaces/include/tutorial_interfaces/tutorial_interfaces/msg/detail/sphere__functions.h
[4.774s] -- Installing: /home/mahmoud/ros2_ws3/install/tutorial_interfaces/include/tutorial_interfaces/tutorial_interfaces/msg/detail/num__functions.h
[4.774s] -- Installing: /home/mahmoud/ros2_ws3/install/tutorial_interfaces/include/tutorial_interfaces/tutorial_interfaces/msg/detail/sphere__struct.h
[4.774s] -- Installing: /home/mahmoud/ros2_ws3/install/tutorial_interfaces/include/tutorial_interfaces/tutorial_interfaces/msg/detail/sphere__functions.c
[4.775s] -- Installing: /home/mahmoud/ros2_ws3/install/tutorial_interfaces/include/tutorial_interfaces/tutorial_interfaces/msg/detail/num__functions.c
[4.775s] -- Installing: /home/mahmoud/ros2_ws3/install/tutorial_interfaces/include/tutorial_interfaces/tutorial_interfaces/msg/detail/num__type_support.h
[4.775s] -- Installing: /home/mahmoud/ros2_ws3/install/tutorial_interfaces/include/tutorial_interfaces/tutorial_interfaces/msg/detail/sphere__type_support.h
[4.775s] -- Installing: /home/mahmoud/ros2_ws3/install/tutorial_interfaces/include/tutorial_interfaces/tutorial_interfaces/msg/sphere.h
[4.776s] -- Installing: /home/mahmoud/ros2_ws3/install/tutorial_interfaces/include/tutorial_interfaces/tutorial_interfaces/msg/num.h
[4.776s] -- Up-to-date: /home/mahmoud/ros2_ws3/install/tutorial_interfaces/share/tutorial_interfaces/environment/library_path.sh
[4.776s] -- Installing: /home/mahmoud/ros2_ws3/install/tutorial_interfaces/share/tutorial_interfaces/environment/library_path.dsv
[4.777s] -- Installing: /home/mahmoud/ros2_ws3/install/tutorial_interfaces/lib/libtutorial_interfaces__rosidl_generator_c.so
[4.778s] -- Set runtime path of "/home/mahmoud/ros2_ws3/install/tutorial_interfaces/lib/libtutorial_interfaces__rosidl_generator_c.so" to ""
[4.778s] -- Up-to-date: /home/mahmoud/ros2_ws3/install/tutorial_interfaces/include/tutorial_interfaces/tutorial_interfaces
[4.778s] -- Up-to-date: /home/mahmoud/ros2_ws3/install/tutorial_interfaces/include/tutorial_interfaces/tutorial_interfaces/srv
[4.778s] -- Up-to-date: /home/mahmoud/ros2_ws3/install/tutorial_interfaces/include/tutorial_interfaces/tutorial_interfaces/srv/detail
[4.778s] -- Installing: /home/mahmoud/ros2_ws3/install/tutorial_interfaces/include/tutorial_interfaces/tutorial_interfaces/srv/detail/add_three_ints__rosidl_typesupport_fastrtps_c.h
[4.779s] -- Installing: /home/mahmoud/ros2_ws3/install/tutorial_interfaces/include/tutorial_interfaces/tutorial_interfaces/srv/detail/add_four_ints__rosidl_typesupport_fastrtps_c.h
[4.779s] -- Up-to-date: /home/mahmoud/ros2_ws3/install/tutorial_interfaces/include/tutorial_interfaces/tutorial_interfaces/msg
[4.779s] -- Up-to-date: /home/mahmoud/ros2_ws3/install/tutorial_interfaces/include/tutorial_interfaces/tutorial_interfaces/msg/detail
[4.779s] -- Installing: /home/mahmoud/ros2_ws3/install/tutorial_interfaces/include/tutorial_interfaces/tutorial_interfaces/msg/detail/num__rosidl_typesupport_fastrtps_c.h
[4.779s] -- Installing: /home/mahmoud/ros2_ws3/install/tutorial_interfaces/include/tutorial_interfaces/tutorial_interfaces/msg/detail/sphere__rosidl_typesupport_fastrtps_c.h
[4.779s] -- Up-to-date: /home/mahmoud/ros2_ws3/install/tutorial_interfaces/include/tutorial_interfaces/tutorial_interfaces/msg/rosidl_typesupport_fastrtps_c__visibility_control.h
[4.780s] -- Installing: /home/mahmoud/ros2_ws3/install/tutorial_interfaces/lib/libtutorial_interfaces__rosidl_typesupport_fastrtps_c.so
[4.780s] -- Set runtime path of "/home/mahmoud/ros2_ws3/install/tutorial_interfaces/lib/libtutorial_interfaces__rosidl_typesupport_fastrtps_c.so" to ""
[4.780s] -- Up-to-date: /home/mahmoud/ros2_ws3/install/tutorial_interfaces/include/tutorial_interfaces/tutorial_interfaces
[4.781s] -- Up-to-date: /home/mahmoud/ros2_ws3/install/tutorial_interfaces/include/tutorial_interfaces/tutorial_interfaces/srv
[4.781s] -- Installing: /home/mahmoud/ros2_ws3/install/tutorial_interfaces/include/tutorial_interfaces/tutorial_interfaces/srv/add_three_ints.hpp
[4.781s] -- Up-to-date: /home/mahmoud/ros2_ws3/install/tutorial_interfaces/include/tutorial_interfaces/tutorial_interfaces/srv/detail
[4.781s] -- Installing: /home/mahmoud/ros2_ws3/install/tutorial_interfaces/include/tutorial_interfaces/tutorial_interfaces/srv/detail/add_three_ints__type_support.hpp
[4.781s] -- Installing: /home/mahmoud/ros2_ws3/install/tutorial_interfaces/include/tutorial_interfaces/tutorial_interfaces/srv/detail/add_four_ints__builder.hpp
[4.781s] -- Installing: /home/mahmoud/ros2_ws3/install/tutorial_interfaces/include/tutorial_interfaces/tutorial_interfaces/srv/detail/add_three_ints__struct.hpp
[4.781s] -- Installing: /home/mahmoud/ros2_ws3/install/tutorial_interfaces/include/tutorial_interfaces/tutorial_interfaces/srv/detail/add_four_ints__traits.hpp
[4.781s] -- Installing: /home/mahmoud/ros2_ws3/install/tutorial_interfaces/include/tutorial_interfaces/tutorial_interfaces/srv/detail/add_four_ints__struct.hpp
[4.782s] -- Installing: /home/mahmoud/ros2_ws3/install/tutorial_interfaces/include/tutorial_interfaces/tutorial_interfaces/srv/detail/add_four_ints__type_support.hpp
[4.782s] -- Installing: /home/mahmoud/ros2_ws3/install/tutorial_interfaces/include/tutorial_interfaces/tutorial_interfaces/srv/detail/add_three_ints__traits.hpp
[4.782s] -- Installing: /home/mahmoud/ros2_ws3/install/tutorial_interfaces/include/tutorial_interfaces/tutorial_interfaces/srv/detail/add_three_ints__builder.hpp
[4.782s] -- Installing: /home/mahmoud/ros2_ws3/install/tutorial_interfaces/include/tutorial_interfaces/tutorial_interfaces/srv/add_four_ints.hpp
[4.782s] -- Up-to-date: /home/mahmoud/ros2_ws3/install/tutorial_interfaces/include/tutorial_interfaces/tutorial_interfaces/msg
[4.782s] -- Up-to-date: /home/mahmoud/ros2_ws3/install/tutorial_interfaces/include/tutorial_interfaces/tutorial_interfaces/msg/detail
[4.783s] -- Installing: /home/mahmoud/ros2_ws3/install/tutorial_interfaces/include/tutorial_interfaces/tutorial_interfaces/msg/detail/num__traits.hpp
[4.783s] -- Installing: /home/mahmoud/ros2_ws3/install/tutorial_interfaces/include/tutorial_interfaces/tutorial_interfaces/msg/detail/num__builder.hpp
[4.783s] -- Installing: /home/mahmoud/ros2_ws3/install/tutorial_interfaces/include/tutorial_interfaces/tutorial_interfaces/msg/detail/sphere__builder.hpp
[4.783s] -- Installing: /home/mahmoud/ros2_ws3/install/tutorial_interfaces/include/tutorial_interfaces/tutorial_interfaces/msg/detail/num__type_support.hpp
[4.783s] -- Installing: /home/mahmoud/ros2_ws3/install/tutorial_interfaces/include/tutorial_interfaces/tutorial_interfaces/msg/detail/sphere__type_support.hpp
[4.783s] -- Installing: /home/mahmoud/ros2_ws3/install/tutorial_interfaces/include/tutorial_interfaces/tutorial_interfaces/msg/detail/sphere__traits.hpp
[4.784s] -- Installing: /home/mahmoud/ros2_ws3/install/tutorial_interfaces/include/tutorial_interfaces/tutorial_interfaces/msg/detail/sphere__struct.hpp
[4.784s] -- Installing: /home/mahmoud/ros2_ws3/install/tutorial_interfaces/include/tutorial_interfaces/tutorial_interfaces/msg/detail/num__struct.hpp
[4.784s] -- Installing: /home/mahmoud/ros2_ws3/install/tutorial_interfaces/include/tutorial_interfaces/tutorial_interfaces/msg/num.hpp
[4.784s] -- Up-to-date: /home/mahmoud/ros2_ws3/install/tutorial_interfaces/include/tutorial_interfaces/tutorial_interfaces/msg/rosidl_generator_cpp__visibility_control.hpp
[4.784s] -- Installing: /home/mahmoud/ros2_ws3/install/tutorial_interfaces/include/tutorial_interfaces/tutorial_interfaces/msg/sphere.hpp
[4.784s] -- Up-to-date: /home/mahmoud/ros2_ws3/install/tutorial_interfaces/include/tutorial_interfaces/tutorial_interfaces
[4.784s] -- Up-to-date: /home/mahmoud/ros2_ws3/install/tutorial_interfaces/include/tutorial_interfaces/tutorial_interfaces/srv
[4.784s] -- Up-to-date: /home/mahmoud/ros2_ws3/install/tutorial_interfaces/include/tutorial_interfaces/tutorial_interfaces/srv/detail
[4.784s] -- Installing: /home/mahmoud/ros2_ws3/install/tutorial_interfaces/include/tutorial_interfaces/tutorial_interfaces/srv/detail/add_three_ints__rosidl_typesupport_fastrtps_cpp.hpp
[4.785s] -- Installing: /home/mahmoud/ros2_ws3/install/tutorial_interfaces/include/tutorial_interfaces/tutorial_interfaces/srv/detail/add_four_ints__rosidl_typesupport_fastrtps_cpp.hpp
[4.785s] -- Up-to-date: /home/mahmoud/ros2_ws3/install/tutorial_interfaces/include/tutorial_interfaces/tutorial_interfaces/srv/detail/dds_fastrtps
[4.785s] -- Up-to-date: /home/mahmoud/ros2_ws3/install/tutorial_interfaces/include/tutorial_interfaces/tutorial_interfaces/msg
[4.785s] -- Up-to-date: /home/mahmoud/ros2_ws3/install/tutorial_interfaces/include/tutorial_interfaces/tutorial_interfaces/msg/rosidl_typesupport_fastrtps_cpp__visibility_control.h
[4.785s] -- Up-to-date: /home/mahmoud/ros2_ws3/install/tutorial_interfaces/include/tutorial_interfaces/tutorial_interfaces/msg/detail
[4.785s] -- Installing: /home/mahmoud/ros2_ws3/install/tutorial_interfaces/include/tutorial_interfaces/tutorial_interfaces/msg/detail/sphere__rosidl_typesupport_fastrtps_cpp.hpp
[4.785s] -- Installing: /home/mahmoud/ros2_ws3/install/tutorial_interfaces/include/tutorial_interfaces/tutorial_interfaces/msg/detail/num__rosidl_typesupport_fastrtps_cpp.hpp
[4.785s] -- Up-to-date: /home/mahmoud/ros2_ws3/install/tutorial_interfaces/include/tutorial_interfaces/tutorial_interfaces/msg/detail/dds_fastrtps
[4.786s] -- Installing: /home/mahmoud/ros2_ws3/install/tutorial_interfaces/lib/libtutorial_interfaces__rosidl_typesupport_fastrtps_cpp.so
[4.786s] -- Set runtime path of "/home/mahmoud/ros2_ws3/install/tutorial_interfaces/lib/libtutorial_interfaces__rosidl_typesupport_fastrtps_cpp.so" to ""
[4.786s] -- Up-to-date: /home/mahmoud/ros2_ws3/install/tutorial_interfaces/include/tutorial_interfaces/tutorial_interfaces
[4.787s] -- Up-to-date: /home/mahmoud/ros2_ws3/install/tutorial_interfaces/include/tutorial_interfaces/tutorial_interfaces/srv
[4.787s] -- Up-to-date: /home/mahmoud/ros2_ws3/install/tutorial_interfaces/include/tutorial_interfaces/tutorial_interfaces/srv/detail
[4.787s] -- Installing: /home/mahmoud/ros2_ws3/install/tutorial_interfaces/include/tutorial_interfaces/tutorial_interfaces/srv/detail/add_three_ints__type_support.c
[4.787s] -- Installing: /home/mahmoud/ros2_ws3/install/tutorial_interfaces/include/tutorial_interfaces/tutorial_interfaces/srv/detail/add_four_ints__rosidl_typesupport_introspection_c.h
[4.787s] -- Installing: /home/mahmoud/ros2_ws3/install/tutorial_interfaces/include/tutorial_interfaces/tutorial_interfaces/srv/detail/add_three_ints__rosidl_typesupport_introspection_c.h
[4.788s] -- Installing: /home/mahmoud/ros2_ws3/install/tutorial_interfaces/include/tutorial_interfaces/tutorial_interfaces/srv/detail/add_four_ints__type_support.c
[4.788s] -- Up-to-date: /home/mahmoud/ros2_ws3/install/tutorial_interfaces/include/tutorial_interfaces/tutorial_interfaces/msg
[4.788s] -- Up-to-date: /home/mahmoud/ros2_ws3/install/tutorial_interfaces/include/tutorial_interfaces/tutorial_interfaces/msg/detail
[4.788s] -- Installing: /home/mahmoud/ros2_ws3/install/tutorial_interfaces/include/tutorial_interfaces/tutorial_interfaces/msg/detail/sphere__rosidl_typesupport_introspection_c.h
[4.788s] -- Installing: /home/mahmoud/ros2_ws3/install/tutorial_interfaces/include/tutorial_interfaces/tutorial_interfaces/msg/detail/num__rosidl_typesupport_introspection_c.h
[4.788s] -- Installing: /home/mahmoud/ros2_ws3/install/tutorial_interfaces/include/tutorial_interfaces/tutorial_interfaces/msg/detail/sphere__type_support.c
[4.789s] -- Installing: /home/mahmoud/ros2_ws3/install/tutorial_interfaces/include/tutorial_interfaces/tutorial_interfaces/msg/detail/num__type_support.c
[4.789s] -- Up-to-date: /home/mahmoud/ros2_ws3/install/tutorial_interfaces/include/tutorial_interfaces/tutorial_interfaces/msg/rosidl_typesupport_introspection_c__visibility_control.h
[4.789s] -- Installing: /home/mahmoud/ros2_ws3/install/tutorial_interfaces/lib/libtutorial_interfaces__rosidl_typesupport_introspection_c.so
[4.790s] -- Set runtime path of "/home/mahmoud/ros2_ws3/install/tutorial_interfaces/lib/libtutorial_interfaces__rosidl_typesupport_introspection_c.so" to ""
[4.790s] -- Installing: /home/mahmoud/ros2_ws3/install/tutorial_interfaces/lib/libtutorial_interfaces__rosidl_typesupport_c.so
[4.791s] -- Set runtime path of "/home/mahmoud/ros2_ws3/install/tutorial_interfaces/lib/libtutorial_interfaces__rosidl_typesupport_c.so" to ""
[4.791s] -- Up-to-date: /home/mahmoud/ros2_ws3/install/tutorial_interfaces/include/tutorial_interfaces/tutorial_interfaces
[4.791s] -- Up-to-date: /home/mahmoud/ros2_ws3/install/tutorial_interfaces/include/tutorial_interfaces/tutorial_interfaces/srv
[4.792s] -- Up-to-date: /home/mahmoud/ros2_ws3/install/tutorial_interfaces/include/tutorial_interfaces/tutorial_interfaces/srv/detail
[4.792s] -- Installing: /home/mahmoud/ros2_ws3/install/tutorial_interfaces/include/tutorial_interfaces/tutorial_interfaces/srv/detail/add_four_ints__type_support.cpp
[4.792s] -- Installing: /home/mahmoud/ros2_ws3/install/tutorial_interfaces/include/tutorial_interfaces/tutorial_interfaces/srv/detail/add_four_ints__rosidl_typesupport_introspection_cpp.hpp
[4.792s] -- Installing: /home/mahmoud/ros2_ws3/install/tutorial_interfaces/include/tutorial_interfaces/tutorial_interfaces/srv/detail/add_three_ints__rosidl_typesupport_introspection_cpp.hpp
[4.792s] -- Installing: /home/mahmoud/ros2_ws3/install/tutorial_interfaces/include/tutorial_interfaces/tutorial_interfaces/srv/detail/add_three_ints__type_support.cpp
[4.793s] -- Up-to-date: /home/mahmoud/ros2_ws3/install/tutorial_interfaces/include/tutorial_interfaces/tutorial_interfaces/msg
[4.793s] -- Up-to-date: /home/mahmoud/ros2_ws3/install/tutorial_interfaces/include/tutorial_interfaces/tutorial_interfaces/msg/detail
[4.793s] -- Installing: /home/mahmoud/ros2_ws3/install/tutorial_interfaces/include/tutorial_interfaces/tutorial_interfaces/msg/detail/sphere__rosidl_typesupport_introspection_cpp.hpp
[4.793s] -- Installing: /home/mahmoud/ros2_ws3/install/tutorial_interfaces/include/tutorial_interfaces/tutorial_interfaces/msg/detail/num__type_support.cpp
[4.793s] -- Installing: /home/mahmoud/ros2_ws3/install/tutorial_interfaces/include/tutorial_interfaces/tutorial_interfaces/msg/detail/num__rosidl_typesupport_introspection_cpp.hpp
[4.793s] -- Installing: /home/mahmoud/ros2_ws3/install/tutorial_interfaces/include/tutorial_interfaces/tutorial_interfaces/msg/detail/sphere__type_support.cpp
[4.794s] -- Installing: /home/mahmoud/ros2_ws3/install/tutorial_interfaces/lib/libtutorial_interfaces__rosidl_typesupport_introspection_cpp.so
[4.794s] -- Set runtime path of "/home/mahmoud/ros2_ws3/install/tutorial_interfaces/lib/libtutorial_interfaces__rosidl_typesupport_introspection_cpp.so" to ""
[4.795s] -- Installing: /home/mahmoud/ros2_ws3/install/tutorial_interfaces/lib/libtutorial_interfaces__rosidl_typesupport_cpp.so
[4.795s] -- Set runtime path of "/home/mahmoud/ros2_ws3/install/tutorial_interfaces/lib/libtutorial_interfaces__rosidl_typesupport_cpp.so" to ""
[4.795s] -- Up-to-date: /home/mahmoud/ros2_ws3/install/tutorial_interfaces/share/tutorial_interfaces/environment/pythonpath.sh
[4.796s] -- Installing: /home/mahmoud/ros2_ws3/install/tutorial_interfaces/share/tutorial_interfaces/environment/pythonpath.dsv
[4.796s] -- Up-to-date: /home/mahmoud/ros2_ws3/install/tutorial_interfaces/local/lib/python3.10/dist-packages/tutorial_interfaces-0.0.0-py3.10.egg-info
[4.796s] -- Installing: /home/mahmoud/ros2_ws3/install/tutorial_interfaces/local/lib/python3.10/dist-packages/tutorial_interfaces-0.0.0-py3.10.egg-info/top_level.txt
[4.796s] -- Installing: /home/mahmoud/ros2_ws3/install/tutorial_interfaces/local/lib/python3.10/dist-packages/tutorial_interfaces-0.0.0-py3.10.egg-info/SOURCES.txt
[4.796s] -- Installing: /home/mahmoud/ros2_ws3/install/tutorial_interfaces/local/lib/python3.10/dist-packages/tutorial_interfaces-0.0.0-py3.10.egg-info/PKG-INFO
[4.796s] -- Installing: /home/mahmoud/ros2_ws3/install/tutorial_interfaces/local/lib/python3.10/dist-packages/tutorial_interfaces-0.0.0-py3.10.egg-info/dependency_links.txt
[4.796s] -- Up-to-date: /home/mahmoud/ros2_ws3/install/tutorial_interfaces/local/lib/python3.10/dist-packages/tutorial_interfaces
[4.796s] -- Installing: /home/mahmoud/ros2_ws3/install/tutorial_interfaces/local/lib/python3.10/dist-packages/tutorial_interfaces/_tutorial_interfaces_s.ep.rosidl_typesupport_c.c
[4.797s] -- Installing: /home/mahmoud/ros2_ws3/install/tutorial_interfaces/local/lib/python3.10/dist-packages/tutorial_interfaces/__init__.py
[4.797s] -- Up-to-date: /home/mahmoud/ros2_ws3/install/tutorial_interfaces/local/lib/python3.10/dist-packages/tutorial_interfaces/srv
[4.797s] -- Installing: /home/mahmoud/ros2_ws3/install/tutorial_interfaces/local/lib/python3.10/dist-packages/tutorial_interfaces/srv/__init__.py
[4.797s] -- Installing: /home/mahmoud/ros2_ws3/install/tutorial_interfaces/local/lib/python3.10/dist-packages/tutorial_interfaces/srv/_add_four_ints_s.c
[4.797s] -- Installing: /home/mahmoud/ros2_ws3/install/tutorial_interfaces/local/lib/python3.10/dist-packages/tutorial_interfaces/srv/_add_four_ints.py
[4.797s] -- Installing: /home/mahmoud/ros2_ws3/install/tutorial_interfaces/local/lib/python3.10/dist-packages/tutorial_interfaces/srv/_add_three_ints.py
[4.798s] -- Installing: /home/mahmoud/ros2_ws3/install/tutorial_interfaces/local/lib/python3.10/dist-packages/tutorial_interfaces/srv/_add_three_ints_s.c
[4.798s] -- Installing: /home/mahmoud/ros2_ws3/install/tutorial_interfaces/local/lib/python3.10/dist-packages/tutorial_interfaces/_tutorial_interfaces_s.ep.rosidl_typesupport_introspection_c.c
[4.798s] -- Installing: /home/mahmoud/ros2_ws3/install/tutorial_interfaces/local/lib/python3.10/dist-packages/tutorial_interfaces/tutorial_interfaces_s__rosidl_typesupport_introspection_c.cpython-310-x86_64-linux-gnu.so
[4.798s] -- Installing: /home/mahmoud/ros2_ws3/install/tutorial_interfaces/local/lib/python3.10/dist-packages/tutorial_interfaces/tutorial_interfaces_s__rosidl_typesupport_fastrtps_c.cpython-310-x86_64-linux-gnu.so
[4.798s] -- Installing: /home/mahmoud/ros2_ws3/install/tutorial_interfaces/local/lib/python3.10/dist-packages/tutorial_interfaces/_tutorial_interfaces_s.ep.rosidl_typesupport_fastrtps_c.c
[4.798s] -- Installing: /home/mahmoud/ros2_ws3/install/tutorial_interfaces/local/lib/python3.10/dist-packages/tutorial_interfaces/libtutorial_interfaces__rosidl_generator_py.so
[4.799s] -- Up-to-date: /home/mahmoud/ros2_ws3/install/tutorial_interfaces/local/lib/python3.10/dist-packages/tutorial_interfaces/msg
[4.799s] -- Installing: /home/mahmoud/ros2_ws3/install/tutorial_interfaces/local/lib/python3.10/dist-packages/tutorial_interfaces/msg/__init__.py
[4.799s] -- Installing: /home/mahmoud/ros2_ws3/install/tutorial_interfaces/local/lib/python3.10/dist-packages/tutorial_interfaces/msg/_sphere.py
[4.799s] -- Installing: /home/mahmoud/ros2_ws3/install/tutorial_interfaces/local/lib/python3.10/dist-packages/tutorial_interfaces/msg/_num_s.c
[4.799s] -- Installing: /home/mahmoud/ros2_ws3/install/tutorial_interfaces/local/lib/python3.10/dist-packages/tutorial_interfaces/msg/_num.py
[4.799s] -- Installing: /home/mahmoud/ros2_ws3/install/tutorial_interfaces/local/lib/python3.10/dist-packages/tutorial_interfaces/msg/_sphere_s.c
[4.799s] -- Installing: /home/mahmoud/ros2_ws3/install/tutorial_interfaces/local/lib/python3.10/dist-packages/tutorial_interfaces/tutorial_interfaces_s__rosidl_typesupport_c.cpython-310-x86_64-linux-gnu.so
[4.839s] Listing '/home/mahmoud/ros2_ws3/install/tutorial_interfaces/local/lib/python3.10/dist-packages/tutorial_interfaces'...
[4.839s] Compiling '/home/mahmoud/ros2_ws3/install/tutorial_interfaces/local/lib/python3.10/dist-packages/tutorial_interfaces/__init__.py'...
[4.839s] Listing '/home/mahmoud/ros2_ws3/install/tutorial_interfaces/local/lib/python3.10/dist-packages/tutorial_interfaces/msg'...
[4.839s] Compiling '/home/mahmoud/ros2_ws3/install/tutorial_interfaces/local/lib/python3.10/dist-packages/tutorial_interfaces/msg/__init__.py'...
[4.839s] Compiling '/home/mahmoud/ros2_ws3/install/tutorial_interfaces/local/lib/python3.10/dist-packages/tutorial_interfaces/msg/_num.py'...
[4.839s] Compiling '/home/mahmoud/ros2_ws3/install/tutorial_interfaces/local/lib/python3.10/dist-packages/tutorial_interfaces/msg/_sphere.py'...
[4.839s] Listing '/home/mahmoud/ros2_ws3/install/tutorial_interfaces/local/lib/python3.10/dist-packages/tutorial_interfaces/srv'...
[4.839s] Compiling '/home/mahmoud/ros2_ws3/install/tutorial_interfaces/local/lib/python3.10/dist-packages/tutorial_interfaces/srv/__init__.py'...
[4.839s] Compiling '/home/mahmoud/ros2_ws3/install/tutorial_interfaces/local/lib/python3.10/dist-packages/tutorial_interfaces/srv/_add_four_ints.py'...
[4.839s] Compiling '/home/mahmoud/ros2_ws3/install/tutorial_interfaces/local/lib/python3.10/dist-packages/tutorial_interfaces/srv/_add_three_ints.py'...
[4.844s] -- Installing: /home/mahmoud/ros2_ws3/install/tutorial_interfaces/local/lib/python3.10/dist-packages/tutorial_interfaces/tutorial_interfaces_s__rosidl_typesupport_fastrtps_c.cpython-310-x86_64-linux-gnu.so
[4.844s] -- Set runtime path of "/home/mahmoud/ros2_ws3/install/tutorial_interfaces/local/lib/python3.10/dist-packages/tutorial_interfaces/tutorial_interfaces_s__rosidl_typesupport_fastrtps_c.cpython-310-x86_64-linux-gnu.so" to ""
[4.844s] -- Installing: /home/mahmoud/ros2_ws3/install/tutorial_interfaces/local/lib/python3.10/dist-packages/tutorial_interfaces/tutorial_interfaces_s__rosidl_typesupport_introspection_c.cpython-310-x86_64-linux-gnu.so
[4.844s] -- Set runtime path of "/home/mahmoud/ros2_ws3/install/tutorial_interfaces/local/lib/python3.10/dist-packages/tutorial_interfaces/tutorial_interfaces_s__rosidl_typesupport_introspection_c.cpython-310-x86_64-linux-gnu.so" to ""
[4.845s] -- Installing: /home/mahmoud/ros2_ws3/install/tutorial_interfaces/local/lib/python3.10/dist-packages/tutorial_interfaces/tutorial_interfaces_s__rosidl_typesupport_c.cpython-310-x86_64-linux-gnu.so
[4.845s] -- Set runtime path of "/home/mahmoud/ros2_ws3/install/tutorial_interfaces/local/lib/python3.10/dist-packages/tutorial_interfaces/tutorial_interfaces_s__rosidl_typesupport_c.cpython-310-x86_64-linux-gnu.so" to ""
[4.846s] -- Installing: /home/mahmoud/ros2_ws3/install/tutorial_interfaces/lib/libtutorial_interfaces__rosidl_generator_py.so
[4.847s] -- Set runtime path of "/home/mahmoud/ros2_ws3/install/tutorial_interfaces/lib/libtutorial_interfaces__rosidl_generator_py.so" to ""
[4.847s] -- Up-to-date: /home/mahmoud/ros2_ws3/install/tutorial_interfaces/share/tutorial_interfaces/msg/Num.idl
[4.847s] -- Up-to-date: /home/mahmoud/ros2_ws3/install/tutorial_interfaces/share/tutorial_interfaces/msg/Sphere.idl
[4.847s] -- Up-to-date: /home/mahmoud/ros2_ws3/install/tutorial_interfaces/share/tutorial_interfaces/srv/AddThreeInts.idl
[4.847s] -- Installing: /home/mahmoud/ros2_ws3/install/tutorial_interfaces/share/tutorial_interfaces/srv/AddFourInts.idl
[4.847s] -- Up-to-date: /home/mahmoud/ros2_ws3/install/tutorial_interfaces/share/tutorial_interfaces/msg/Num.msg
[4.847s] -- Up-to-date: /home/mahmoud/ros2_ws3/install/tutorial_interfaces/share/tutorial_interfaces/msg/Sphere.msg
[4.848s] -- Up-to-date: /home/mahmoud/ros2_ws3/install/tutorial_interfaces/share/tutorial_interfaces/srv/AddThreeInts.srv
[4.848s] -- Up-to-date: /home/mahmoud/ros2_ws3/install/tutorial_interfaces/share/tutorial_interfaces/srv/AddThreeInts_Request.msg
[4.848s] -- Up-to-date: /home/mahmoud/ros2_ws3/install/tutorial_interfaces/share/tutorial_interfaces/srv/AddThreeInts_Response.msg
[4.848s] -- Installing: /home/mahmoud/ros2_ws3/install/tutorial_interfaces/share/tutorial_interfaces/srv/AddFourInts.srv
[4.848s] -- Installing: /home/mahmoud/ros2_ws3/install/tutorial_interfaces/share/tutorial_interfaces/srv/AddFourInts_Request.msg
[4.848s] -- Installing: /home/mahmoud/ros2_ws3/install/tutorial_interfaces/share/tutorial_interfaces/srv/AddFourInts_Response.msg
[4.848s] -- Up-to-date: /home/mahmoud/ros2_ws3/install/tutorial_interfaces/share/ament_index/resource_index/package_run_dependencies/tutorial_interfaces
[4.848s] -- Installing: /home/mahmoud/ros2_ws3/install/tutorial_interfaces/share/ament_index/resource_index/parent_prefix_path/tutorial_interfaces
[4.849s] -- Up-to-date: /home/mahmoud/ros2_ws3/install/tutorial_interfaces/share/tutorial_interfaces/environment/ament_prefix_path.sh
[4.849s] -- Installing: /home/mahmoud/ros2_ws3/install/tutorial_interfaces/share/tutorial_interfaces/environment/ament_prefix_path.dsv
[4.849s] -- Up-to-date: /home/mahmoud/ros2_ws3/install/tutorial_interfaces/share/tutorial_interfaces/environment/path.sh
[4.849s] -- Installing: /home/mahmoud/ros2_ws3/install/tutorial_interfaces/share/tutorial_interfaces/environment/path.dsv
[4.849s] -- Up-to-date: /home/mahmoud/ros2_ws3/install/tutorial_interfaces/share/tutorial_interfaces/local_setup.bash
[4.849s] -- Up-to-date: /home/mahmoud/ros2_ws3/install/tutorial_interfaces/share/tutorial_interfaces/local_setup.sh
[4.849s] -- Up-to-date: /home/mahmoud/ros2_ws3/install/tutorial_interfaces/share/tutorial_interfaces/local_setup.zsh
[4.849s] -- Installing: /home/mahmoud/ros2_ws3/install/tutorial_interfaces/share/tutorial_interfaces/local_setup.dsv
[4.850s] -- Installing: /home/mahmoud/ros2_ws3/install/tutorial_interfaces/share/tutorial_interfaces/package.dsv
[4.850s] -- Up-to-date: /home/mahmoud/ros2_ws3/install/tutorial_interfaces/share/ament_index/resource_index/packages/tutorial_interfaces
[4.850s] -- Up-to-date: /home/mahmoud/ros2_ws3/install/tutorial_interfaces/share/tutorial_interfaces/cmake/export_tutorial_interfaces__rosidl_generator_cExport.cmake
[4.851s] -- Up-to-date: /home/mahmoud/ros2_ws3/install/tutorial_interfaces/share/tutorial_interfaces/cmake/export_tutorial_interfaces__rosidl_generator_cExport-noconfig.cmake
[4.851s] -- Up-to-date: /home/mahmoud/ros2_ws3/install/tutorial_interfaces/share/tutorial_interfaces/cmake/export_tutorial_interfaces__rosidl_typesupport_fastrtps_cExport.cmake
[4.851s] -- Up-to-date: /home/mahmoud/ros2_ws3/install/tutorial_interfaces/share/tutorial_interfaces/cmake/export_tutorial_interfaces__rosidl_typesupport_fastrtps_cExport-noconfig.cmake
[4.851s] -- Up-to-date: /home/mahmoud/ros2_ws3/install/tutorial_interfaces/share/tutorial_interfaces/cmake/export_tutorial_interfaces__rosidl_generator_cppExport.cmake
[4.852s] -- Up-to-date: /home/mahmoud/ros2_ws3/install/tutorial_interfaces/share/tutorial_interfaces/cmake/export_tutorial_interfaces__rosidl_typesupport_fastrtps_cppExport.cmake
[4.852s] -- Up-to-date: /home/mahmoud/ros2_ws3/install/tutorial_interfaces/share/tutorial_interfaces/cmake/export_tutorial_interfaces__rosidl_typesupport_fastrtps_cppExport-noconfig.cmake
[4.852s] -- Up-to-date: /home/mahmoud/ros2_ws3/install/tutorial_interfaces/share/tutorial_interfaces/cmake/tutorial_interfaces__rosidl_typesupport_introspection_cExport.cmake
[4.852s] -- Up-to-date: /home/mahmoud/ros2_ws3/install/tutorial_interfaces/share/tutorial_interfaces/cmake/tutorial_interfaces__rosidl_typesupport_introspection_cExport-noconfig.cmake
[4.853s] -- Up-to-date: /home/mahmoud/ros2_ws3/install/tutorial_interfaces/share/tutorial_interfaces/cmake/tutorial_interfaces__rosidl_typesupport_cExport.cmake
[4.853s] -- Up-to-date: /home/mahmoud/ros2_ws3/install/tutorial_interfaces/share/tutorial_interfaces/cmake/tutorial_interfaces__rosidl_typesupport_cExport-noconfig.cmake
[4.853s] -- Up-to-date: /home/mahmoud/ros2_ws3/install/tutorial_interfaces/share/tutorial_interfaces/cmake/tutorial_interfaces__rosidl_typesupport_introspection_cppExport.cmake
[4.853s] -- Up-to-date: /home/mahmoud/ros2_ws3/install/tutorial_interfaces/share/tutorial_interfaces/cmake/tutorial_interfaces__rosidl_typesupport_introspection_cppExport-noconfig.cmake
[4.854s] -- Up-to-date: /home/mahmoud/ros2_ws3/install/tutorial_interfaces/share/tutorial_interfaces/cmake/tutorial_interfaces__rosidl_typesupport_cppExport.cmake
[4.854s] -- Up-to-date: /home/mahmoud/ros2_ws3/install/tutorial_interfaces/share/tutorial_interfaces/cmake/tutorial_interfaces__rosidl_typesupport_cppExport-noconfig.cmake
[4.854s] -- Up-to-date: /home/mahmoud/ros2_ws3/install/tutorial_interfaces/share/tutorial_interfaces/cmake/export_tutorial_interfaces__rosidl_generator_pyExport.cmake
[4.854s] -- Up-to-date: /home/mahmoud/ros2_ws3/install/tutorial_interfaces/share/tutorial_interfaces/cmake/export_tutorial_interfaces__rosidl_generator_pyExport-noconfig.cmake
[4.854s] -- Installing: /home/mahmoud/ros2_ws3/install/tutorial_interfaces/share/tutorial_interfaces/cmake/rosidl_cmake-extras.cmake
[4.854s] -- Up-to-date: /home/mahmoud/ros2_ws3/install/tutorial_interfaces/share/tutorial_interfaces/cmake/ament_cmake_export_dependencies-extras.cmake
[4.855s] -- Up-to-date: /home/mahmoud/ros2_ws3/install/tutorial_interfaces/share/tutorial_interfaces/cmake/ament_cmake_export_include_directories-extras.cmake
[4.855s] -- Up-to-date: /home/mahmoud/ros2_ws3/install/tutorial_interfaces/share/tutorial_interfaces/cmake/ament_cmake_export_libraries-extras.cmake
[4.855s] -- Up-to-date: /home/mahmoud/ros2_ws3/install/tutorial_interfaces/share/tutorial_interfaces/cmake/ament_cmake_export_targets-extras.cmake
[4.855s] -- Up-to-date: /home/mahmoud/ros2_ws3/install/tutorial_interfaces/share/tutorial_interfaces/cmake/rosidl_cmake_export_typesupport_targets-extras.cmake
[4.855s] -- Up-to-date: /home/mahmoud/ros2_ws3/install/tutorial_interfaces/share/tutorial_interfaces/cmake/rosidl_cmake_export_typesupport_libraries-extras.cmake
[4.855s] -- Up-to-date: /home/mahmoud/ros2_ws3/install/tutorial_interfaces/share/tutorial_interfaces/cmake/tutorial_interfacesConfig.cmake
[4.856s] -- Up-to-date: /home/mahmoud/ros2_ws3/install/tutorial_interfaces/share/tutorial_interfaces/cmake/tutorial_interfacesConfig-version.cmake
[4.856s] -- Up-to-date: /home/mahmoud/ros2_ws3/install/tutorial_interfaces/share/tutorial_interfaces/package.xml
[4.857s] Invoked command in '/home/mahmoud/ros2_ws3/build/tutorial_interfaces' returned '0': CMAKE_PREFIX_PATH=${CMAKE_PREFIX_PATH}:/opt/ros/humble /usr/bin/cmake --install /home/mahmoud/ros2_ws3/build/tutorial_interfaces
