[0.131s] DEBUG:colcon:Command line arguments: ['/usr/bin/colcon', 'build', '--packages-select', 'CPP_SrvClient_FourInts']
[0.132s] DEBUG:colcon:Parsed command line arguments: Namespace(log_base=None, log_level=None, verb_name='build', build_base='build', install_base='install', merge_install=False, symlink_install=False, test_result_base=None, continue_on_error=False, executor='parallel', parallel_workers=12, event_handlers=None, ignore_user_meta=False, metas=['./colcon.meta'], base_paths=['.'], packages_ignore=None, packages_ignore_regex=None, paths=None, packages_up_to=None, packages_up_to_regex=None, packages_above=None, packages_above_and_dependencies=None, packages_above_depth=None, packages_select_by_dep=None, packages_skip_by_dep=None, packages_skip_up_to=None, packages_select_build_failed=False, packages_skip_build_finished=False, packages_select_test_failures=False, packages_skip_test_passed=False, packages_select=['CPP_SrvClient_FourInts'], packages_skip=None, packages_select_regex=None, packages_skip_regex=None, packages_start=None, packages_end=None, allow_overriding=[], cmake_args=None, cmake_target=None, cmake_target_skip_unavailable=False, cmake_clean_cache=False, cmake_clean_first=False, cmake_force_configure=False, ament_cmake_args=None, catkin_cmake_args=None, catkin_skip_building_tests=False, verb_parser=<colcon_defaults.argument_parser.defaults.DefaultArgumentsDecorator object at 0x7b2b4f98b640>, verb_extension=<colcon_core.verb.build.BuildVerb object at 0x7b2b4f98a800>, main=<bound method BuildVerb.main of <colcon_core.verb.build.BuildVerb object at 0x7b2b4f98a800>>)
[0.264s] Level 1:colcon.colcon_core.package_discovery:discover_packages(colcon_meta) check parameters
[0.264s] Level 1:colcon.colcon_core.package_discovery:discover_packages(recursive) check parameters
[0.264s] Level 1:colcon.colcon_core.package_discovery:discover_packages(ignore) check parameters
[0.264s] Level 1:colcon.colcon_core.package_discovery:discover_packages(path) check parameters
[0.264s] Level 1:colcon.colcon_core.package_discovery:discover_packages(colcon_meta) discover
[0.264s] Level 1:colcon.colcon_core.package_discovery:discover_packages(recursive) discover
[0.264s] INFO:colcon.colcon_core.package_discovery:Crawling recursively for packages in '/home/mahmoud/ros2_ws3'
[0.264s] Level 1:colcon.colcon_core.package_identification:_identify(.) by extensions ['ignore', 'ignore_ament_install']
[0.264s] Level 1:colcon.colcon_core.package_identification:_identify(.) by extension 'ignore'
[0.264s] Level 1:colcon.colcon_core.package_identification:_identify(.) by extension 'ignore_ament_install'
[0.264s] Level 1:colcon.colcon_core.package_identification:_identify(.) by extensions ['colcon_pkg']
[0.264s] Level 1:colcon.colcon_core.package_identification:_identify(.) by extension 'colcon_pkg'
[0.264s] Level 1:colcon.colcon_core.package_identification:_identify(.) by extensions ['colcon_meta']
[0.264s] Level 1:colcon.colcon_core.package_identification:_identify(.) by extension 'colcon_meta'
[0.264s] Level 1:colcon.colcon_core.package_identification:_identify(.) by extensions ['ros']
[0.264s] Level 1:colcon.colcon_core.package_identification:_identify(.) by extension 'ros'
[0.273s] Level 1:colcon.colcon_core.package_identification:_identify(.) by extensions ['cmake', 'python']
[0.274s] Level 1:colcon.colcon_core.package_identification:_identify(.) by extension 'cmake'
[0.274s] Level 1:colcon.colcon_core.package_identification:_identify(.) by extension 'python'
[0.274s] Level 1:colcon.colcon_core.package_identification:_identify(.) by extensions ['python_setup_py']
[0.274s] Level 1:colcon.colcon_core.package_identification:_identify(.) by extension 'python_setup_py'
[0.274s] Level 1:colcon.colcon_core.package_identification:_identify(build) by extensions ['ignore', 'ignore_ament_install']
[0.274s] Level 1:colcon.colcon_core.package_identification:_identify(build) by extension 'ignore'
[0.274s] Level 1:colcon.colcon_core.package_identification:_identify(build) ignored
[0.274s] Level 1:colcon.colcon_core.package_identification:_identify(install) by extensions ['ignore', 'ignore_ament_install']
[0.274s] Level 1:colcon.colcon_core.package_identification:_identify(install) by extension 'ignore'
[0.274s] Level 1:colcon.colcon_core.package_identification:_identify(install) ignored
[0.274s] Level 1:colcon.colcon_core.package_identification:_identify(log) by extensions ['ignore', 'ignore_ament_install']
[0.274s] Level 1:colcon.colcon_core.package_identification:_identify(log) by extension 'ignore'
[0.274s] Level 1:colcon.colcon_core.package_identification:_identify(log) ignored
[0.274s] Level 1:colcon.colcon_core.package_identification:_identify(src) by extensions ['ignore', 'ignore_ament_install']
[0.275s] Level 1:colcon.colcon_core.package_identification:_identify(src) by extension 'ignore'
[0.275s] Level 1:colcon.colcon_core.package_identification:_identify(src) by extension 'ignore_ament_install'
[0.275s] Level 1:colcon.colcon_core.package_identification:_identify(src) by extensions ['colcon_pkg']
[0.275s] Level 1:colcon.colcon_core.package_identification:_identify(src) by extension 'colcon_pkg'
[0.275s] Level 1:colcon.colcon_core.package_identification:_identify(src) by extensions ['colcon_meta']
[0.275s] Level 1:colcon.colcon_core.package_identification:_identify(src) by extension 'colcon_meta'
[0.275s] Level 1:colcon.colcon_core.package_identification:_identify(src) by extensions ['ros']
[0.275s] Level 1:colcon.colcon_core.package_identification:_identify(src) by extension 'ros'
[0.275s] Level 1:colcon.colcon_core.package_identification:_identify(src) by extensions ['cmake', 'python']
[0.275s] Level 1:colcon.colcon_core.package_identification:_identify(src) by extension 'cmake'
[0.275s] Level 1:colcon.colcon_core.package_identification:_identify(src) by extension 'python'
[0.275s] Level 1:colcon.colcon_core.package_identification:_identify(src) by extensions ['python_setup_py']
[0.275s] Level 1:colcon.colcon_core.package_identification:_identify(src) by extension 'python_setup_py'
[0.275s] Level 1:colcon.colcon_core.package_identification:_identify(src/CPP_SrvClient_FourInts) by extensions ['ignore', 'ignore_ament_install']
[0.275s] Level 1:colcon.colcon_core.package_identification:_identify(src/CPP_SrvClient_FourInts) by extension 'ignore'
[0.275s] Level 1:colcon.colcon_core.package_identification:_identify(src/CPP_SrvClient_FourInts) by extension 'ignore_ament_install'
[0.275s] Level 1:colcon.colcon_core.package_identification:_identify(src/CPP_SrvClient_FourInts) by extensions ['colcon_pkg']
[0.275s] Level 1:colcon.colcon_core.package_identification:_identify(src/CPP_SrvClient_FourInts) by extension 'colcon_pkg'
[0.275s] Level 1:colcon.colcon_core.package_identification:_identify(src/CPP_SrvClient_FourInts) by extensions ['colcon_meta']
[0.275s] Level 1:colcon.colcon_core.package_identification:_identify(src/CPP_SrvClient_FourInts) by extension 'colcon_meta'
[0.276s] Level 1:colcon.colcon_core.package_identification:_identify(src/CPP_SrvClient_FourInts) by extensions ['ros']
[0.276s] Level 1:colcon.colcon_core.package_identification:_identify(src/CPP_SrvClient_FourInts) by extension 'ros'
[0.277s] DEBUG:colcon.colcon_core.package_identification:Package 'src/CPP_SrvClient_FourInts' with type 'ros.ament_cmake' and name 'CPP_SrvClient_FourInts'
[0.278s] Level 1:colcon.colcon_core.package_identification:_identify(src/cpp_pubsub) by extensions ['ignore', 'ignore_ament_install']
[0.278s] Level 1:colcon.colcon_core.package_identification:_identify(src/cpp_pubsub) by extension 'ignore'
[0.278s] Level 1:colcon.colcon_core.package_identification:_identify(src/cpp_pubsub) by extension 'ignore_ament_install'
[0.278s] Level 1:colcon.colcon_core.package_identification:_identify(src/cpp_pubsub) by extensions ['colcon_pkg']
[0.278s] Level 1:colcon.colcon_core.package_identification:_identify(src/cpp_pubsub) by extension 'colcon_pkg'
[0.278s] Level 1:colcon.colcon_core.package_identification:_identify(src/cpp_pubsub) by extensions ['colcon_meta']
[0.278s] Level 1:colcon.colcon_core.package_identification:_identify(src/cpp_pubsub) by extension 'colcon_meta'
[0.278s] Level 1:colcon.colcon_core.package_identification:_identify(src/cpp_pubsub) by extensions ['ros']
[0.278s] Level 1:colcon.colcon_core.package_identification:_identify(src/cpp_pubsub) by extension 'ros'
[0.279s] DEBUG:colcon.colcon_core.package_identification:Package 'src/cpp_pubsub' with type 'ros.ament_cmake' and name 'cpp_pubsub'
[0.279s] Level 1:colcon.colcon_core.package_identification:_identify(src/cpp_srvcli) by extensions ['ignore', 'ignore_ament_install']
[0.279s] Level 1:colcon.colcon_core.package_identification:_identify(src/cpp_srvcli) by extension 'ignore'
[0.279s] Level 1:colcon.colcon_core.package_identification:_identify(src/cpp_srvcli) by extension 'ignore_ament_install'
[0.279s] Level 1:colcon.colcon_core.package_identification:_identify(src/cpp_srvcli) by extensions ['colcon_pkg']
[0.279s] Level 1:colcon.colcon_core.package_identification:_identify(src/cpp_srvcli) by extension 'colcon_pkg'
[0.279s] Level 1:colcon.colcon_core.package_identification:_identify(src/cpp_srvcli) by extensions ['colcon_meta']
[0.279s] Level 1:colcon.colcon_core.package_identification:_identify(src/cpp_srvcli) by extension 'colcon_meta'
[0.279s] Level 1:colcon.colcon_core.package_identification:_identify(src/cpp_srvcli) by extensions ['ros']
[0.279s] Level 1:colcon.colcon_core.package_identification:_identify(src/cpp_srvcli) by extension 'ros'
[0.280s] DEBUG:colcon.colcon_core.package_identification:Package 'src/cpp_srvcli' with type 'ros.ament_cmake' and name 'cpp_srvcli'
[0.280s] Level 1:colcon.colcon_core.package_identification:_identify(src/cpp_srvcli_threeints) by extensions ['ignore', 'ignore_ament_install']
[0.280s] Level 1:colcon.colcon_core.package_identification:_identify(src/cpp_srvcli_threeints) by extension 'ignore'
[0.280s] Level 1:colcon.colcon_core.package_identification:_identify(src/cpp_srvcli_threeints) by extension 'ignore_ament_install'
[0.280s] Level 1:colcon.colcon_core.package_identification:_identify(src/cpp_srvcli_threeints) by extensions ['colcon_pkg']
[0.280s] Level 1:colcon.colcon_core.package_identification:_identify(src/cpp_srvcli_threeints) by extension 'colcon_pkg'
[0.280s] Level 1:colcon.colcon_core.package_identification:_identify(src/cpp_srvcli_threeints) by extensions ['colcon_meta']
[0.280s] Level 1:colcon.colcon_core.package_identification:_identify(src/cpp_srvcli_threeints) by extension 'colcon_meta'
[0.280s] Level 1:colcon.colcon_core.package_identification:_identify(src/cpp_srvcli_threeints) by extensions ['ros']
[0.280s] Level 1:colcon.colcon_core.package_identification:_identify(src/cpp_srvcli_threeints) by extension 'ros'
[0.281s] DEBUG:colcon.colcon_core.package_identification:Package 'src/cpp_srvcli_threeints' with type 'ros.ament_cmake' and name 'cpp_srvcli_threeints'
[0.281s] Level 1:colcon.colcon_core.package_identification:_identify(src/tutorial_interfaces) by extensions ['ignore', 'ignore_ament_install']
[0.281s] Level 1:colcon.colcon_core.package_identification:_identify(src/tutorial_interfaces) by extension 'ignore'
[0.281s] Level 1:colcon.colcon_core.package_identification:_identify(src/tutorial_interfaces) by extension 'ignore_ament_install'
[0.281s] Level 1:colcon.colcon_core.package_identification:_identify(src/tutorial_interfaces) by extensions ['colcon_pkg']
[0.281s] Level 1:colcon.colcon_core.package_identification:_identify(src/tutorial_interfaces) by extension 'colcon_pkg'
[0.281s] Level 1:colcon.colcon_core.package_identification:_identify(src/tutorial_interfaces) by extensions ['colcon_meta']
[0.281s] Level 1:colcon.colcon_core.package_identification:_identify(src/tutorial_interfaces) by extension 'colcon_meta'
[0.281s] Level 1:colcon.colcon_core.package_identification:_identify(src/tutorial_interfaces) by extensions ['ros']
[0.281s] Level 1:colcon.colcon_core.package_identification:_identify(src/tutorial_interfaces) by extension 'ros'
[0.282s] DEBUG:colcon.colcon_core.package_identification:Package 'src/tutorial_interfaces' with type 'ros.ament_cmake' and name 'tutorial_interfaces'
[0.282s] Level 1:colcon.colcon_core.package_discovery:discover_packages(recursive) using defaults
[0.282s] Level 1:colcon.colcon_core.package_discovery:discover_packages(ignore) discover
[0.282s] Level 1:colcon.colcon_core.package_discovery:discover_packages(ignore) using defaults
[0.282s] Level 1:colcon.colcon_core.package_discovery:discover_packages(path) discover
[0.282s] Level 1:colcon.colcon_core.package_discovery:discover_packages(path) using defaults
[0.299s] INFO:colcon.colcon_core.package_selection:Skipping not selected package 'cpp_pubsub' in 'src/cpp_pubsub'
[0.299s] INFO:colcon.colcon_core.package_selection:Skipping not selected package 'cpp_srvcli' in 'src/cpp_srvcli'
[0.299s] INFO:colcon.colcon_core.package_selection:Skipping not selected package 'tutorial_interfaces' in 'src/tutorial_interfaces'
[0.299s] INFO:colcon.colcon_core.package_selection:Skipping not selected package 'cpp_srvcli_threeints' in 'src/cpp_srvcli_threeints'
[0.299s] Level 1:colcon.colcon_core.package_discovery:discover_packages(prefix_path) check parameters
[0.299s] Level 1:colcon.colcon_core.package_discovery:discover_packages(prefix_path) discover
[0.301s] DEBUG:colcon.colcon_installed_package_information.package_discovery:Found 5 installed packages in /home/mahmoud/ros2_ws3/install
[0.302s] DEBUG:colcon.colcon_installed_package_information.package_discovery:Found 271 installed packages in /opt/ros/humble
[0.311s] Level 1:colcon.colcon_core.package_discovery:discover_packages(prefix_path) using defaults
[0.343s] Level 5:colcon.colcon_core.verb:set package 'CPP_SrvClient_FourInts' build argument 'cmake_args' from command line to 'None'
[0.343s] Level 5:colcon.colcon_core.verb:set package 'CPP_SrvClient_FourInts' build argument 'cmake_target' from command line to 'None'
[0.343s] Level 5:colcon.colcon_core.verb:set package 'CPP_SrvClient_FourInts' build argument 'cmake_target_skip_unavailable' from command line to 'False'
[0.343s] Level 5:colcon.colcon_core.verb:set package 'CPP_SrvClient_FourInts' build argument 'cmake_clean_cache' from command line to 'False'
[0.344s] Level 5:colcon.colcon_core.verb:set package 'CPP_SrvClient_FourInts' build argument 'cmake_clean_first' from command line to 'False'
[0.344s] Level 5:colcon.colcon_core.verb:set package 'CPP_SrvClient_FourInts' build argument 'cmake_force_configure' from command line to 'False'
[0.344s] Level 5:colcon.colcon_core.verb:set package 'CPP_SrvClient_FourInts' build argument 'ament_cmake_args' from command line to 'None'
[0.344s] Level 5:colcon.colcon_core.verb:set package 'CPP_SrvClient_FourInts' build argument 'catkin_cmake_args' from command line to 'None'
[0.344s] Level 5:colcon.colcon_core.verb:set package 'CPP_SrvClient_FourInts' build argument 'catkin_skip_building_tests' from command line to 'False'
[0.344s] DEBUG:colcon.colcon_core.verb:Building package 'CPP_SrvClient_FourInts' with the following arguments: {'ament_cmake_args': None, 'build_base': '/home/mahmoud/ros2_ws3/build/CPP_SrvClient_FourInts', 'catkin_cmake_args': None, 'catkin_skip_building_tests': False, 'cmake_args': None, 'cmake_clean_cache': False, 'cmake_clean_first': False, 'cmake_force_configure': False, 'cmake_target': None, 'cmake_target_skip_unavailable': False, 'install_base': '/home/mahmoud/ros2_ws3/install/CPP_SrvClient_FourInts', 'merge_install': False, 'path': '/home/mahmoud/ros2_ws3/src/CPP_SrvClient_FourInts', 'symlink_install': False, 'test_result_base': None}
[0.344s] INFO:colcon.colcon_core.executor:Executing jobs using 'parallel' executor
[0.345s] DEBUG:colcon.colcon_parallel_executor.executor.parallel:run_until_complete
[0.345s] INFO:colcon.colcon_ros.task.ament_cmake.build:Building ROS package in '/home/mahmoud/ros2_ws3/src/CPP_SrvClient_FourInts' with build type 'ament_cmake'
[0.345s] INFO:colcon.colcon_cmake.task.cmake.build:Building CMake package in '/home/mahmoud/ros2_ws3/src/CPP_SrvClient_FourInts'
[0.347s] INFO:colcon.colcon_core.plugin_system:Skipping extension 'colcon_core.shell.bat': Not used on non-Windows systems
[0.348s] INFO:colcon.colcon_core.shell:Skip shell extension 'powershell' for command environment: Not usable outside of PowerShell
[0.348s] DEBUG:colcon.colcon_core.shell:Skip shell extension 'dsv' for command environment
[0.358s] DEBUG:colcon.colcon_core.event_handler.log_command:Invoking command in '/home/mahmoud/ros2_ws3/build/CPP_SrvClient_FourInts': CMAKE_PREFIX_PATH=${CMAKE_PREFIX_PATH}:/opt/ros/humble /usr/bin/cmake --build /home/mahmoud/ros2_ws3/build/CPP_SrvClient_FourInts -- -j12 -l12
[0.418s] DEBUG:colcon.colcon_core.event_handler.log_command:Invoked command in '/home/mahmoud/ros2_ws3/build/CPP_SrvClient_FourInts' returned '0': CMAKE_PREFIX_PATH=${CMAKE_PREFIX_PATH}:/opt/ros/humble /usr/bin/cmake --build /home/mahmoud/ros2_ws3/build/CPP_SrvClient_FourInts -- -j12 -l12
[0.428s] DEBUG:colcon.colcon_core.event_handler.log_command:Invoking command in '/home/mahmoud/ros2_ws3/build/CPP_SrvClient_FourInts': CMAKE_PREFIX_PATH=${CMAKE_PREFIX_PATH}:/opt/ros/humble /usr/bin/cmake --install /home/mahmoud/ros2_ws3/build/CPP_SrvClient_FourInts
[0.437s] Level 1:colcon.colcon_core.environment:create_environment_scripts_only(CPP_SrvClient_FourInts)
[0.437s] DEBUG:colcon.colcon_core.event_handler.log_command:Invoked command in '/home/mahmoud/ros2_ws3/build/CPP_SrvClient_FourInts' returned '0': CMAKE_PREFIX_PATH=${CMAKE_PREFIX_PATH}:/opt/ros/humble /usr/bin/cmake --install /home/mahmoud/ros2_ws3/build/CPP_SrvClient_FourInts
[0.439s] Level 1:colcon.colcon_core.environment:checking '/home/mahmoud/ros2_ws3/install/CPP_SrvClient_FourInts' for CMake module files
[0.440s] Level 1:colcon.colcon_core.environment:checking '/home/mahmoud/ros2_ws3/install/CPP_SrvClient_FourInts' for CMake config files
[0.440s] Level 1:colcon.colcon_core.shell:create_environment_hook('CPP_SrvClient_FourInts', 'cmake_prefix_path')
[0.440s] INFO:colcon.colcon_core.shell:Creating environment hook '/home/mahmoud/ros2_ws3/install/CPP_SrvClient_FourInts/share/CPP_SrvClient_FourInts/hook/cmake_prefix_path.ps1'
[0.441s] INFO:colcon.colcon_core.shell:Creating environment descriptor '/home/mahmoud/ros2_ws3/install/CPP_SrvClient_FourInts/share/CPP_SrvClient_FourInts/hook/cmake_prefix_path.dsv'
[0.441s] INFO:colcon.colcon_core.shell:Creating environment hook '/home/mahmoud/ros2_ws3/install/CPP_SrvClient_FourInts/share/CPP_SrvClient_FourInts/hook/cmake_prefix_path.sh'
[0.442s] Level 1:colcon.colcon_core.environment:checking '/home/mahmoud/ros2_ws3/install/CPP_SrvClient_FourInts/lib'
[0.442s] Level 1:colcon.colcon_core.environment:checking '/home/mahmoud/ros2_ws3/install/CPP_SrvClient_FourInts/bin'
[0.442s] Level 1:colcon.colcon_core.environment:checking '/home/mahmoud/ros2_ws3/install/CPP_SrvClient_FourInts/lib/pkgconfig/CPP_SrvClient_FourInts.pc'
[0.443s] Level 1:colcon.colcon_core.environment:checking '/home/mahmoud/ros2_ws3/install/CPP_SrvClient_FourInts/lib/python3.10/site-packages'
[0.443s] Level 1:colcon.colcon_core.environment:checking '/home/mahmoud/ros2_ws3/install/CPP_SrvClient_FourInts/bin'
[0.443s] INFO:colcon.colcon_core.shell:Creating package script '/home/mahmoud/ros2_ws3/install/CPP_SrvClient_FourInts/share/CPP_SrvClient_FourInts/package.ps1'
[0.444s] INFO:colcon.colcon_core.shell:Creating package descriptor '/home/mahmoud/ros2_ws3/install/CPP_SrvClient_FourInts/share/CPP_SrvClient_FourInts/package.dsv'
[0.444s] INFO:colcon.colcon_core.shell:Creating package script '/home/mahmoud/ros2_ws3/install/CPP_SrvClient_FourInts/share/CPP_SrvClient_FourInts/package.sh'
[0.445s] INFO:colcon.colcon_core.shell:Creating package script '/home/mahmoud/ros2_ws3/install/CPP_SrvClient_FourInts/share/CPP_SrvClient_FourInts/package.bash'
[0.446s] INFO:colcon.colcon_core.shell:Creating package script '/home/mahmoud/ros2_ws3/install/CPP_SrvClient_FourInts/share/CPP_SrvClient_FourInts/package.zsh'
[0.446s] Level 1:colcon.colcon_core.environment:create_file_with_runtime_dependencies(/home/mahmoud/ros2_ws3/install/CPP_SrvClient_FourInts/share/colcon-core/packages/CPP_SrvClient_FourInts)
[0.447s] Level 1:colcon.colcon_core.environment:create_environment_scripts_only(CPP_SrvClient_FourInts)
[0.447s] Level 1:colcon.colcon_core.environment:checking '/home/mahmoud/ros2_ws3/install/CPP_SrvClient_FourInts' for CMake module files
[0.447s] Level 1:colcon.colcon_core.environment:checking '/home/mahmoud/ros2_ws3/install/CPP_SrvClient_FourInts' for CMake config files
[0.447s] Level 1:colcon.colcon_core.shell:create_environment_hook('CPP_SrvClient_FourInts', 'cmake_prefix_path')
[0.448s] INFO:colcon.colcon_core.shell:Creating environment hook '/home/mahmoud/ros2_ws3/install/CPP_SrvClient_FourInts/share/CPP_SrvClient_FourInts/hook/cmake_prefix_path.ps1'
[0.448s] INFO:colcon.colcon_core.shell:Creating environment descriptor '/home/mahmoud/ros2_ws3/install/CPP_SrvClient_FourInts/share/CPP_SrvClient_FourInts/hook/cmake_prefix_path.dsv'
[0.448s] INFO:colcon.colcon_core.shell:Creating environment hook '/home/mahmoud/ros2_ws3/install/CPP_SrvClient_FourInts/share/CPP_SrvClient_FourInts/hook/cmake_prefix_path.sh'
[0.449s] Level 1:colcon.colcon_core.environment:checking '/home/mahmoud/ros2_ws3/install/CPP_SrvClient_FourInts/lib'
[0.449s] Level 1:colcon.colcon_core.environment:checking '/home/mahmoud/ros2_ws3/install/CPP_SrvClient_FourInts/bin'
[0.449s] Level 1:colcon.colcon_core.environment:checking '/home/mahmoud/ros2_ws3/install/CPP_SrvClient_FourInts/lib/pkgconfig/CPP_SrvClient_FourInts.pc'
[0.450s] Level 1:colcon.colcon_core.environment:checking '/home/mahmoud/ros2_ws3/install/CPP_SrvClient_FourInts/lib/python3.10/site-packages'
[0.450s] Level 1:colcon.colcon_core.environment:checking '/home/mahmoud/ros2_ws3/install/CPP_SrvClient_FourInts/bin'
[0.450s] INFO:colcon.colcon_core.shell:Creating package script '/home/mahmoud/ros2_ws3/install/CPP_SrvClient_FourInts/share/CPP_SrvClient_FourInts/package.ps1'
[0.451s] INFO:colcon.colcon_core.shell:Creating package descriptor '/home/mahmoud/ros2_ws3/install/CPP_SrvClient_FourInts/share/CPP_SrvClient_FourInts/package.dsv'
[0.451s] INFO:colcon.colcon_core.shell:Creating package script '/home/mahmoud/ros2_ws3/install/CPP_SrvClient_FourInts/share/CPP_SrvClient_FourInts/package.sh'
[0.452s] INFO:colcon.colcon_core.shell:Creating package script '/home/mahmoud/ros2_ws3/install/CPP_SrvClient_FourInts/share/CPP_SrvClient_FourInts/package.bash'
[0.452s] INFO:colcon.colcon_core.shell:Creating package script '/home/mahmoud/ros2_ws3/install/CPP_SrvClient_FourInts/share/CPP_SrvClient_FourInts/package.zsh'
[0.452s] Level 1:colcon.colcon_core.environment:create_file_with_runtime_dependencies(/home/mahmoud/ros2_ws3/install/CPP_SrvClient_FourInts/share/colcon-core/packages/CPP_SrvClient_FourInts)
[0.453s] DEBUG:colcon.colcon_parallel_executor.executor.parallel:closing loop
[0.454s] DEBUG:colcon.colcon_parallel_executor.executor.parallel:loop closed
[0.454s] DEBUG:colcon.colcon_parallel_executor.executor.parallel:run_until_complete finished with '0'
[0.454s] DEBUG:colcon.colcon_core.event_reactor:joining thread
[0.487s] INFO:colcon.colcon_core.plugin_system:Skipping extension 'colcon_notification.desktop_notification.notify_send': Could not find 'notify-send'
[0.487s] INFO:colcon.colcon_core.plugin_system:Skipping extension 'colcon_notification.desktop_notification.terminal_notifier': Not used on non-Darwin systems
[0.487s] INFO:colcon.colcon_core.plugin_system:Skipping extension 'colcon_notification.desktop_notification.win32': Not used on non-Windows systems
[0.487s] INFO:colcon.colcon_notification.desktop_notification:Sending desktop notification using 'notify2'
[0.487s] DEBUG:colcon.colcon_notification.desktop_notification.notify2:Failed to initialize notify2: org.freedesktop.DBus.Error.FileNotFound: Failed to connect to socket /run/user/1000/bus: No such file or directory
[0.488s] DEBUG:colcon.colcon_core.event_reactor:joined thread
[0.488s] INFO:colcon.colcon_core.shell:Creating prefix script '/home/mahmoud/ros2_ws3/install/local_setup.ps1'
[0.489s] INFO:colcon.colcon_core.shell:Creating prefix util module '/home/mahmoud/ros2_ws3/install/_local_setup_util_ps1.py'
[0.490s] INFO:colcon.colcon_core.shell:Creating prefix chain script '/home/mahmoud/ros2_ws3/install/setup.ps1'
[0.491s] INFO:colcon.colcon_core.shell:Creating prefix script '/home/mahmoud/ros2_ws3/install/local_setup.sh'
[0.492s] INFO:colcon.colcon_core.shell:Creating prefix util module '/home/mahmoud/ros2_ws3/install/_local_setup_util_sh.py'
[0.492s] INFO:colcon.colcon_core.shell:Creating prefix chain script '/home/mahmoud/ros2_ws3/install/setup.sh'
[0.493s] INFO:colcon.colcon_core.shell:Creating prefix script '/home/mahmoud/ros2_ws3/install/local_setup.bash'
[0.494s] INFO:colcon.colcon_core.shell:Creating prefix chain script '/home/mahmoud/ros2_ws3/install/setup.bash'
[0.495s] INFO:colcon.colcon_core.shell:Creating prefix script '/home/mahmoud/ros2_ws3/install/local_setup.zsh'
[0.495s] INFO:colcon.colcon_core.shell:Creating prefix chain script '/home/mahmoud/ros2_ws3/install/setup.zsh'
