[ 50%] Built target server_4
[100%] Built target client_4
-- Install configuration: ""
-- Up-to-date: /home/mahmoud/ros2_ws3/install/CPP_SrvClient_FourInts/lib/CPP_SrvClient_FourInts/server_4
-- Up-to-date: /home/mahmoud/ros2_ws3/install/CPP_SrvClient_FourInts/lib/CPP_SrvClient_FourInts/client_4
-- Up-to-date: /home/mahmoud/ros2_ws3/install/CPP_SrvClient_FourInts/share/ament_index/resource_index/package_run_dependencies/CPP_SrvClient_FourInts
-- Up-to-date: /home/mahmoud/ros2_ws3/install/CPP_SrvClient_FourInts/share/ament_index/resource_index/parent_prefix_path/CPP_SrvClient_FourInts
-- Up-to-date: /home/mahmoud/ros2_ws3/install/CPP_SrvClient_FourInts/share/CPP_SrvClient_FourInts/environment/ament_prefix_path.sh
-- Up-to-date: /home/mahmoud/ros2_ws3/install/CPP_SrvClient_FourInts/share/CPP_SrvClient_FourInts/environment/ament_prefix_path.dsv
-- Up-to-date: /home/mahmoud/ros2_ws3/install/CPP_SrvClient_FourInts/share/CPP_SrvClient_FourInts/environment/path.sh
-- Up-to-date: /home/mahmoud/ros2_ws3/install/CPP_SrvClient_FourInts/share/CPP_SrvClient_FourInts/environment/path.dsv
-- Up-to-date: /home/mahmoud/ros2_ws3/install/CPP_SrvClient_FourInts/share/CPP_SrvClient_FourInts/local_setup.bash
-- Up-to-date: /home/mahmoud/ros2_ws3/install/CPP_SrvClient_FourInts/share/CPP_SrvClient_FourInts/local_setup.sh
-- Up-to-date: /home/mahmoud/ros2_ws3/install/CPP_SrvClient_FourInts/share/CPP_SrvClient_FourInts/local_setup.zsh
-- Up-to-date: /home/mahmoud/ros2_ws3/install/CPP_SrvClient_FourInts/share/CPP_SrvClient_FourInts/local_setup.dsv
-- Installing: /home/mahmoud/ros2_ws3/install/CPP_SrvClient_FourInts/share/CPP_SrvClient_FourInts/package.dsv
-- Up-to-date: /home/mahmoud/ros2_ws3/install/CPP_SrvClient_FourInts/share/ament_index/resource_index/packages/CPP_SrvClient_FourInts
-- Up-to-date: /home/mahmoud/ros2_ws3/install/CPP_SrvClient_FourInts/share/CPP_SrvClient_FourInts/cmake/CPP_SrvClient_FourIntsConfig.cmake
-- Up-to-date: /home/mahmoud/ros2_ws3/install/CPP_SrvClient_FourInts/share/CPP_SrvClient_FourInts/cmake/CPP_SrvClient_FourIntsConfig-version.cmake
-- Up-to-date: /home/mahmoud/ros2_ws3/install/CPP_SrvClient_FourInts/share/CPP_SrvClient_FourInts/package.xml
