[0.014s] Invoking command in '/home/mahmoud/ros2_ws3/build/more_interfaces': CMAKE_PREFIX_PATH=${CMAKE_PREFIX_PATH}:/opt/ros/humble /usr/bin/cmake /home/mahmoud/ros2_ws3/src/more_interfaces -DCMAKE_INSTALL_PREFIX=/home/mahmoud/ros2_ws3/install/more_interfaces
[0.238s] -- The C compiler identification is GNU 11.4.0
[0.573s] -- The CXX compiler identification is GNU 11.4.0
[0.804s] -- Detecting C compiler ABI info
[0.924s] -- Detecting C compiler ABI info - done
[0.931s] -- Check for working C compiler: /usr/bin/cc - skipped
[0.932s] -- Detecting C compile features
[0.933s] -- Detecting C compile features - done
[0.937s] -- Detecting CXX compiler ABI info
[1.052s] -- Detecting CXX compiler ABI info - done
[1.058s] -- Check for working CXX compiler: /usr/bin/c++ - skipped
[1.058s] -- Detecting CXX compile features
[1.058s] -- Detecting CXX compile features - done
[1.073s] -- Found ament_cmake: 1.3.11 (/opt/ros/humble/share/ament_cmake/cmake)
[1.202s] -- Found Python3: /usr/bin/python3 (found version "3.10.12") found components: Interpreter 
[1.309s] -- Found rosidl_default_generators: 1.2.0 (/opt/ros/humble/share/rosidl_default_generators/cmake)
[1.316s] -- Using all available rosidl_typesupport_c: rosidl_typesupport_fastrtps_c;rosidl_typesupport_introspection_c
[1.325s] -- Found rosidl_adapter: 3.1.6 (/opt/ros/humble/share/rosidl_adapter/cmake)
[1.455s] -- Using all available rosidl_typesupport_cpp: rosidl_typesupport_fastrtps_cpp;rosidl_typesupport_introspection_cpp
[1.710s] -- Found ament_cmake_ros: 0.10.0 (/opt/ros/humble/share/ament_cmake_ros/cmake)
[1.867s] -- Using all available rosidl_typesupport_c: rosidl_typesupport_fastrtps_c;rosidl_typesupport_introspection_c
[2.067s] -- Using all available rosidl_typesupport_cpp: rosidl_typesupport_fastrtps_cpp;rosidl_typesupport_introspection_cpp
[2.159s] -- Found PythonInterp: /usr/bin/python3 (found suitable version "3.10.12", minimum required is "3.6") 
[2.162s] -- Found python_cmake_module: 0.10.0 (/opt/ros/humble/share/python_cmake_module/cmake)
[2.408s] -- Found PythonLibs: /usr/lib/x86_64-linux-gnu/libpython3.10.so (found suitable version "3.10.12", minimum required is "3.5") 
[2.408s] -- Using PYTHON_EXECUTABLE: /usr/bin/python3
[2.408s] -- Using PYTHON_INCLUDE_DIRS: /usr/include/python3.10
[2.408s] -- Using PYTHON_LIBRARIES: /usr/lib/x86_64-linux-gnu/libpython3.10.so
[2.426s] -- Found PythonExtra: .so  
[2.483s] -- Found rclcpp: 16.0.12 (/opt/ros/humble/share/rclcpp/cmake)
[2.559s] -- Found rmw_implementation_cmake: 6.1.2 (/opt/ros/humble/share/rmw_implementation_cmake/cmake)
[2.563s] -- Found rmw_fastrtps_cpp: 6.2.7 (/opt/ros/humble/share/rmw_fastrtps_cpp/cmake)
[3.391s] -- Found OpenSSL: /usr/lib/x86_64-linux-gnu/libcrypto.so (found version "3.0.2")  
[4.263s] -- Found FastRTPS: /opt/ros/humble/include  
[5.812s] -- Using RMW implementation 'rmw_fastrtps_cpp' as default
[5.825s] -- Looking for pthread.h
[5.946s] -- Looking for pthread.h - found
[5.946s] -- Performing Test CMAKE_HAVE_LIBC_PTHREAD
[6.059s] -- Performing Test CMAKE_HAVE_LIBC_PTHREAD - Success
[6.060s] -- Found Threads: TRUE  
[6.132s] -- Found ament_lint_auto: 0.12.12 (/opt/ros/humble/share/ament_lint_auto/cmake)
[6.165s] -- Added test 'cppcheck' to perform static code analysis on C / C++ code
[6.165s] -- Configured cppcheck include dirs: 
[6.166s] -- Configured cppcheck exclude dirs and/or files: 
[6.167s] -- Added test 'lint_cmake' to check CMake code style
[6.168s] -- Added test 'uncrustify' to check C / C++ code style
[6.169s] -- Configured uncrustify additional arguments: 
[6.169s] -- Added test 'xmllint' to check XML markup files
[6.173s] -- Configuring done
[6.214s] -- Generating done
[6.226s] -- Build files have been written to: /home/mahmoud/ros2_ws3/build/more_interfaces
[6.237s] Invoked command in '/home/mahmoud/ros2_ws3/build/more_interfaces' returned '0': CMAKE_PREFIX_PATH=${CMAKE_PREFIX_PATH}:/opt/ros/humble /usr/bin/cmake /home/mahmoud/ros2_ws3/src/more_interfaces -DCMAKE_INSTALL_PREFIX=/home/mahmoud/ros2_ws3/install/more_interfaces
[6.237s] Invoking command in '/home/mahmoud/ros2_ws3/build/more_interfaces': CMAKE_PREFIX_PATH=${CMAKE_PREFIX_PATH}:/opt/ros/humble /usr/bin/cmake --build /home/mahmoud/ros2_ws3/build/more_interfaces -- -j12 -l12
[6.271s] [  3%] [34m[1mGenerating C code for ROS interfaces[0m
[6.279s] [  6%] [34m[1mGenerating C++ code for ROS interfaces[0m
[6.287s] [  6%] Built target ament_cmake_python_copy_more_interfaces
[6.514s] running egg_info
[6.515s] creating more_interfaces.egg-info
[6.516s] writing more_interfaces.egg-info/PKG-INFO
[6.516s] writing dependency_links to more_interfaces.egg-info/dependency_links.txt
[6.516s] writing top-level names to more_interfaces.egg-info/top_level.txt
[6.517s] writing manifest file 'more_interfaces.egg-info/SOURCES.txt'
[6.519s] reading manifest file 'more_interfaces.egg-info/SOURCES.txt'
[6.520s] writing manifest file 'more_interfaces.egg-info/SOURCES.txt'
[6.523s] [  6%] Built target more_interfaces__cpp
[6.533s] [ 12%] [32mBuilding C object CMakeFiles/more_interfaces__rosidl_generator_c.dir/rosidl_generator_c/more_interfaces/msg/detail/address_book__functions.c.o[0m
[6.533s] [ 12%] [34m[1mGenerating C++ introspection for ROS interfaces[0m
[6.534s] [ 18%] [34m[1mGenerating C++ type support dispatch for ROS interfaces[0m
[6.534s] [ 18%] [34m[1mGenerating C++ type support for eProsima Fast-RTPS[0m
[6.562s] [ 18%] Built target ament_cmake_python_build_more_interfaces_egg
[6.598s] [ 21%] [32m[1mLinking C shared library libmore_interfaces__rosidl_generator_c.so[0m
[6.690s] [ 21%] Built target more_interfaces__rosidl_generator_c
[6.699s] [ 24%] [34m[1mGenerating C type support for eProsima Fast-RTPS[0m
[6.702s] [ 27%] [34m[1mGenerating C type support dispatch for ROS interfaces[0m
[6.702s] [ 30%] [34m[1mGenerating C introspection for ROS interfaces[0m
[6.772s] [ 33%] [32mBuilding CXX object CMakeFiles/more_interfaces__rosidl_typesupport_cpp.dir/rosidl_typesupport_cpp/more_interfaces/msg/address_book__type_support.cpp.o[0m
[6.796s] [ 36%] [32mBuilding CXX object CMakeFiles/more_interfaces__rosidl_typesupport_introspection_cpp.dir/rosidl_typesupport_introspection_cpp/more_interfaces/msg/detail/address_book__type_support.cpp.o[0m
[6.812s] [ 39%] [32mBuilding CXX object CMakeFiles/more_interfaces__rosidl_typesupport_fastrtps_cpp.dir/rosidl_typesupport_fastrtps_cpp/more_interfaces/msg/detail/dds_fastrtps/address_book__type_support.cpp.o[0m
[7.012s] [ 42%] [32mBuilding CXX object CMakeFiles/more_interfaces__rosidl_typesupport_c.dir/rosidl_typesupport_c/more_interfaces/msg/address_book__type_support.cpp.o[0m
[7.021s] [ 45%] [32mBuilding C object CMakeFiles/more_interfaces__rosidl_typesupport_introspection_c.dir/rosidl_typesupport_introspection_c/more_interfaces/msg/detail/address_book__type_support.c.o[0m
[7.041s] [ 48%] [32mBuilding CXX object CMakeFiles/more_interfaces__rosidl_typesupport_fastrtps_c.dir/rosidl_typesupport_fastrtps_c/more_interfaces/msg/detail/address_book__type_support_c.cpp.o[0m
[7.041s] [ 51%] [32m[1mLinking CXX shared library libmore_interfaces__rosidl_typesupport_c.so[0m
[7.059s] [ 54%] [32m[1mLinking C shared library libmore_interfaces__rosidl_typesupport_introspection_c.so[0m
[7.125s] [ 57%] [32m[1mLinking CXX shared library libmore_interfaces__rosidl_typesupport_cpp.so[0m
[7.143s] [ 57%] Built target more_interfaces__rosidl_typesupport_c
[7.155s] [ 57%] Built target more_interfaces__rosidl_typesupport_introspection_c
[7.216s] [ 57%] Built target more_interfaces__rosidl_typesupport_cpp
[7.242s] [ 60%] [32mBuilding CXX object CMakeFiles/publish_address_book.dir/src/publish_address_book.cpp.o[0m
[7.258s] [ 63%] [32m[1mLinking CXX shared library libmore_interfaces__rosidl_typesupport_introspection_cpp.so[0m
[7.282s] [ 66%] [32m[1mLinking CXX shared library libmore_interfaces__rosidl_typesupport_fastrtps_cpp.so[0m
[7.375s] [ 66%] Built target more_interfaces__rosidl_typesupport_introspection_cpp
[7.396s] [ 69%] [32m[1mLinking CXX shared library libmore_interfaces__rosidl_typesupport_fastrtps_c.so[0m
[7.401s] [ 69%] Built target more_interfaces__rosidl_typesupport_fastrtps_cpp
[7.502s] [ 69%] Built target more_interfaces__rosidl_typesupport_fastrtps_c
[7.519s] [ 69%] Built target more_interfaces
[7.538s] [ 72%] [34m[1mGenerating Python code for ROS interfaces[0m
[7.832s] [ 72%] Built target more_interfaces__py
[7.850s] [ 75%] [32mBuilding C object CMakeFiles/more_interfaces__rosidl_generator_py.dir/rosidl_generator_py/more_interfaces/msg/_address_book_s.c.o[0m
[7.984s] [ 78%] [32m[1mLinking C shared library rosidl_generator_py/more_interfaces/libmore_interfaces__rosidl_generator_py.so[0m
[8.064s] [ 78%] Built target more_interfaces__rosidl_generator_py
[8.083s] [ 87%] [32mBuilding C object CMakeFiles/more_interfaces__rosidl_typesupport_fastrtps_c__pyext.dir/rosidl_generator_py/more_interfaces/_more_interfaces_s.ep.rosidl_typesupport_fastrtps_c.c.o[0m
[8.083s] [ 87%] [32mBuilding C object CMakeFiles/more_interfaces__rosidl_typesupport_introspection_c__pyext.dir/rosidl_generator_py/more_interfaces/_more_interfaces_s.ep.rosidl_typesupport_introspection_c.c.o[0m
[8.083s] [ 87%] [32mBuilding C object CMakeFiles/more_interfaces__rosidl_typesupport_c__pyext.dir/rosidl_generator_py/more_interfaces/_more_interfaces_s.ep.rosidl_typesupport_c.c.o[0m
[8.179s] [ 90%] [32m[1mLinking C shared library rosidl_generator_py/more_interfaces/more_interfaces_s__rosidl_typesupport_fastrtps_c.cpython-310-x86_64-linux-gnu.so[0m
[8.181s] [ 93%] [32m[1mLinking C shared library rosidl_generator_py/more_interfaces/more_interfaces_s__rosidl_typesupport_introspection_c.cpython-310-x86_64-linux-gnu.so[0m
[8.184s] [ 96%] [32m[1mLinking C shared library rosidl_generator_py/more_interfaces/more_interfaces_s__rosidl_typesupport_c.cpython-310-x86_64-linux-gnu.so[0m
[8.245s] [ 96%] Built target more_interfaces__rosidl_typesupport_introspection_c__pyext
[8.245s] [ 96%] Built target more_interfaces__rosidl_typesupport_fastrtps_c__pyext
[8.269s] [ 96%] Built target more_interfaces__rosidl_typesupport_c__pyext
[11.448s] [100%] [32m[1mLinking CXX executable publish_address_book[0m
[11.676s] [100%] Built target publish_address_book
[11.688s] Invoked command in '/home/mahmoud/ros2_ws3/build/more_interfaces' returned '0': CMAKE_PREFIX_PATH=${CMAKE_PREFIX_PATH}:/opt/ros/humble /usr/bin/cmake --build /home/mahmoud/ros2_ws3/build/more_interfaces -- -j12 -l12
[11.698s] Invoking command in '/home/mahmoud/ros2_ws3/build/more_interfaces': CMAKE_PREFIX_PATH=${CMAKE_PREFIX_PATH}:/opt/ros/humble /usr/bin/cmake --install /home/mahmoud/ros2_ws3/build/more_interfaces
[11.704s] -- Install configuration: ""
[11.705s] -- Installing: /home/mahmoud/ros2_ws3/install/more_interfaces/share/ament_index/resource_index/rosidl_interfaces/more_interfaces
[11.705s] -- Installing: /home/mahmoud/ros2_ws3/install/more_interfaces/include/more_interfaces/more_interfaces
[11.706s] -- Installing: /home/mahmoud/ros2_ws3/install/more_interfaces/include/more_interfaces/more_interfaces/msg
[11.706s] -- Installing: /home/mahmoud/ros2_ws3/install/more_interfaces/include/more_interfaces/more_interfaces/msg/rosidl_generator_c__visibility_control.h
[11.706s] -- Installing: /home/mahmoud/ros2_ws3/install/more_interfaces/include/more_interfaces/more_interfaces/msg/detail
[11.707s] -- Installing: /home/mahmoud/ros2_ws3/install/more_interfaces/include/more_interfaces/more_interfaces/msg/detail/address_book__functions.c
[11.707s] -- Installing: /home/mahmoud/ros2_ws3/install/more_interfaces/include/more_interfaces/more_interfaces/msg/detail/address_book__struct.h
[11.707s] -- Installing: /home/mahmoud/ros2_ws3/install/more_interfaces/include/more_interfaces/more_interfaces/msg/detail/address_book__functions.h
[11.707s] -- Installing: /home/mahmoud/ros2_ws3/install/more_interfaces/include/more_interfaces/more_interfaces/msg/detail/address_book__type_support.h
[11.707s] -- Installing: /home/mahmoud/ros2_ws3/install/more_interfaces/include/more_interfaces/more_interfaces/msg/address_book.h
[11.707s] -- Installing: /home/mahmoud/ros2_ws3/install/more_interfaces/share/more_interfaces/environment/library_path.sh
[11.708s] -- Installing: /home/mahmoud/ros2_ws3/install/more_interfaces/share/more_interfaces/environment/library_path.dsv
[11.708s] -- Installing: /home/mahmoud/ros2_ws3/install/more_interfaces/lib/libmore_interfaces__rosidl_generator_c.so
[11.708s] -- Set runtime path of "/home/mahmoud/ros2_ws3/install/more_interfaces/lib/libmore_interfaces__rosidl_generator_c.so" to ""
[11.709s] -- Up-to-date: /home/mahmoud/ros2_ws3/install/more_interfaces/include/more_interfaces/more_interfaces
[11.709s] -- Up-to-date: /home/mahmoud/ros2_ws3/install/more_interfaces/include/more_interfaces/more_interfaces/msg
[11.709s] -- Up-to-date: /home/mahmoud/ros2_ws3/install/more_interfaces/include/more_interfaces/more_interfaces/msg/detail
[11.709s] -- Installing: /home/mahmoud/ros2_ws3/install/more_interfaces/include/more_interfaces/more_interfaces/msg/detail/address_book__rosidl_typesupport_fastrtps_c.h
[11.709s] -- Installing: /home/mahmoud/ros2_ws3/install/more_interfaces/include/more_interfaces/more_interfaces/msg/rosidl_typesupport_fastrtps_c__visibility_control.h
[11.709s] -- Installing: /home/mahmoud/ros2_ws3/install/more_interfaces/lib/libmore_interfaces__rosidl_typesupport_fastrtps_c.so
[11.709s] -- Set runtime path of "/home/mahmoud/ros2_ws3/install/more_interfaces/lib/libmore_interfaces__rosidl_typesupport_fastrtps_c.so" to ""
[11.710s] -- Up-to-date: /home/mahmoud/ros2_ws3/install/more_interfaces/include/more_interfaces/more_interfaces
[11.710s] -- Up-to-date: /home/mahmoud/ros2_ws3/install/more_interfaces/include/more_interfaces/more_interfaces/msg
[11.710s] -- Up-to-date: /home/mahmoud/ros2_ws3/install/more_interfaces/include/more_interfaces/more_interfaces/msg/detail
[11.710s] -- Installing: /home/mahmoud/ros2_ws3/install/more_interfaces/include/more_interfaces/more_interfaces/msg/detail/address_book__rosidl_typesupport_introspection_c.h
[11.710s] -- Installing: /home/mahmoud/ros2_ws3/install/more_interfaces/include/more_interfaces/more_interfaces/msg/detail/address_book__type_support.c
[11.711s] -- Installing: /home/mahmoud/ros2_ws3/install/more_interfaces/include/more_interfaces/more_interfaces/msg/rosidl_typesupport_introspection_c__visibility_control.h
[11.711s] -- Installing: /home/mahmoud/ros2_ws3/install/more_interfaces/lib/libmore_interfaces__rosidl_typesupport_introspection_c.so
[11.711s] -- Set runtime path of "/home/mahmoud/ros2_ws3/install/more_interfaces/lib/libmore_interfaces__rosidl_typesupport_introspection_c.so" to ""
[11.711s] -- Installing: /home/mahmoud/ros2_ws3/install/more_interfaces/lib/libmore_interfaces__rosidl_typesupport_c.so
[11.711s] -- Set runtime path of "/home/mahmoud/ros2_ws3/install/more_interfaces/lib/libmore_interfaces__rosidl_typesupport_c.so" to ""
[11.711s] -- Up-to-date: /home/mahmoud/ros2_ws3/install/more_interfaces/include/more_interfaces/more_interfaces
[11.711s] -- Up-to-date: /home/mahmoud/ros2_ws3/install/more_interfaces/include/more_interfaces/more_interfaces/msg
[11.712s] -- Up-to-date: /home/mahmoud/ros2_ws3/install/more_interfaces/include/more_interfaces/more_interfaces/msg/detail
[11.712s] -- Installing: /home/mahmoud/ros2_ws3/install/more_interfaces/include/more_interfaces/more_interfaces/msg/detail/address_book__struct.hpp
[11.712s] -- Installing: /home/mahmoud/ros2_ws3/install/more_interfaces/include/more_interfaces/more_interfaces/msg/detail/address_book__type_support.hpp
[11.712s] -- Installing: /home/mahmoud/ros2_ws3/install/more_interfaces/include/more_interfaces/more_interfaces/msg/detail/address_book__builder.hpp
[11.712s] -- Installing: /home/mahmoud/ros2_ws3/install/more_interfaces/include/more_interfaces/more_interfaces/msg/detail/address_book__traits.hpp
[11.712s] -- Installing: /home/mahmoud/ros2_ws3/install/more_interfaces/include/more_interfaces/more_interfaces/msg/rosidl_generator_cpp__visibility_control.hpp
[11.712s] -- Installing: /home/mahmoud/ros2_ws3/install/more_interfaces/include/more_interfaces/more_interfaces/msg/address_book.hpp
[11.712s] -- Up-to-date: /home/mahmoud/ros2_ws3/install/more_interfaces/include/more_interfaces/more_interfaces
[11.713s] -- Up-to-date: /home/mahmoud/ros2_ws3/install/more_interfaces/include/more_interfaces/more_interfaces/msg
[11.713s] -- Installing: /home/mahmoud/ros2_ws3/install/more_interfaces/include/more_interfaces/more_interfaces/msg/rosidl_typesupport_fastrtps_cpp__visibility_control.h
[11.713s] -- Up-to-date: /home/mahmoud/ros2_ws3/install/more_interfaces/include/more_interfaces/more_interfaces/msg/detail
[11.713s] -- Installing: /home/mahmoud/ros2_ws3/install/more_interfaces/include/more_interfaces/more_interfaces/msg/detail/address_book__rosidl_typesupport_fastrtps_cpp.hpp
[11.713s] -- Installing: /home/mahmoud/ros2_ws3/install/more_interfaces/include/more_interfaces/more_interfaces/msg/detail/dds_fastrtps
[11.713s] -- Installing: /home/mahmoud/ros2_ws3/install/more_interfaces/lib/libmore_interfaces__rosidl_typesupport_fastrtps_cpp.so
[11.713s] -- Set runtime path of "/home/mahmoud/ros2_ws3/install/more_interfaces/lib/libmore_interfaces__rosidl_typesupport_fastrtps_cpp.so" to ""
[11.713s] -- Up-to-date: /home/mahmoud/ros2_ws3/install/more_interfaces/include/more_interfaces/more_interfaces
[11.713s] -- Up-to-date: /home/mahmoud/ros2_ws3/install/more_interfaces/include/more_interfaces/more_interfaces/msg
[11.714s] -- Up-to-date: /home/mahmoud/ros2_ws3/install/more_interfaces/include/more_interfaces/more_interfaces/msg/detail
[11.714s] -- Installing: /home/mahmoud/ros2_ws3/install/more_interfaces/include/more_interfaces/more_interfaces/msg/detail/address_book__rosidl_typesupport_introspection_cpp.hpp
[11.714s] -- Installing: /home/mahmoud/ros2_ws3/install/more_interfaces/include/more_interfaces/more_interfaces/msg/detail/address_book__type_support.cpp
[11.714s] -- Installing: /home/mahmoud/ros2_ws3/install/more_interfaces/lib/libmore_interfaces__rosidl_typesupport_introspection_cpp.so
[11.714s] -- Set runtime path of "/home/mahmoud/ros2_ws3/install/more_interfaces/lib/libmore_interfaces__rosidl_typesupport_introspection_cpp.so" to ""
[11.714s] -- Installing: /home/mahmoud/ros2_ws3/install/more_interfaces/lib/libmore_interfaces__rosidl_typesupport_cpp.so
[11.714s] -- Set runtime path of "/home/mahmoud/ros2_ws3/install/more_interfaces/lib/libmore_interfaces__rosidl_typesupport_cpp.so" to ""
[11.715s] -- Installing: /home/mahmoud/ros2_ws3/install/more_interfaces/share/more_interfaces/environment/pythonpath.sh
[11.715s] -- Installing: /home/mahmoud/ros2_ws3/install/more_interfaces/share/more_interfaces/environment/pythonpath.dsv
[11.715s] -- Installing: /home/mahmoud/ros2_ws3/install/more_interfaces/local/lib/python3.10/dist-packages/more_interfaces-0.0.0-py3.10.egg-info
[11.715s] -- Installing: /home/mahmoud/ros2_ws3/install/more_interfaces/local/lib/python3.10/dist-packages/more_interfaces-0.0.0-py3.10.egg-info/top_level.txt
[11.715s] -- Installing: /home/mahmoud/ros2_ws3/install/more_interfaces/local/lib/python3.10/dist-packages/more_interfaces-0.0.0-py3.10.egg-info/SOURCES.txt
[11.715s] -- Installing: /home/mahmoud/ros2_ws3/install/more_interfaces/local/lib/python3.10/dist-packages/more_interfaces-0.0.0-py3.10.egg-info/PKG-INFO
[11.715s] -- Installing: /home/mahmoud/ros2_ws3/install/more_interfaces/local/lib/python3.10/dist-packages/more_interfaces-0.0.0-py3.10.egg-info/dependency_links.txt
[11.716s] -- Installing: /home/mahmoud/ros2_ws3/install/more_interfaces/local/lib/python3.10/dist-packages/more_interfaces
[11.716s] -- Installing: /home/mahmoud/ros2_ws3/install/more_interfaces/local/lib/python3.10/dist-packages/more_interfaces/__init__.py
[11.716s] -- Installing: /home/mahmoud/ros2_ws3/install/more_interfaces/local/lib/python3.10/dist-packages/more_interfaces/more_interfaces_s__rosidl_typesupport_introspection_c.cpython-310-x86_64-linux-gnu.so
[11.716s] -- Installing: /home/mahmoud/ros2_ws3/install/more_interfaces/local/lib/python3.10/dist-packages/more_interfaces/more_interfaces_s__rosidl_typesupport_fastrtps_c.cpython-310-x86_64-linux-gnu.so
[11.716s] -- Installing: /home/mahmoud/ros2_ws3/install/more_interfaces/local/lib/python3.10/dist-packages/more_interfaces/libmore_interfaces__rosidl_generator_py.so
[11.716s] -- Installing: /home/mahmoud/ros2_ws3/install/more_interfaces/local/lib/python3.10/dist-packages/more_interfaces/more_interfaces_s__rosidl_typesupport_c.cpython-310-x86_64-linux-gnu.so
[11.716s] -- Installing: /home/mahmoud/ros2_ws3/install/more_interfaces/local/lib/python3.10/dist-packages/more_interfaces/_more_interfaces_s.ep.rosidl_typesupport_introspection_c.c
[11.717s] -- Installing: /home/mahmoud/ros2_ws3/install/more_interfaces/local/lib/python3.10/dist-packages/more_interfaces/_more_interfaces_s.ep.rosidl_typesupport_fastrtps_c.c
[11.717s] -- Installing: /home/mahmoud/ros2_ws3/install/more_interfaces/local/lib/python3.10/dist-packages/more_interfaces/msg
[11.717s] -- Installing: /home/mahmoud/ros2_ws3/install/more_interfaces/local/lib/python3.10/dist-packages/more_interfaces/msg/__init__.py
[11.717s] -- Installing: /home/mahmoud/ros2_ws3/install/more_interfaces/local/lib/python3.10/dist-packages/more_interfaces/msg/_address_book.py
[11.717s] -- Installing: /home/mahmoud/ros2_ws3/install/more_interfaces/local/lib/python3.10/dist-packages/more_interfaces/msg/_address_book_s.c
[11.717s] -- Installing: /home/mahmoud/ros2_ws3/install/more_interfaces/local/lib/python3.10/dist-packages/more_interfaces/_more_interfaces_s.ep.rosidl_typesupport_c.c
[11.747s] Listing '/home/mahmoud/ros2_ws3/install/more_interfaces/local/lib/python3.10/dist-packages/more_interfaces'...
[11.747s] Compiling '/home/mahmoud/ros2_ws3/install/more_interfaces/local/lib/python3.10/dist-packages/more_interfaces/__init__.py'...
[11.747s] Listing '/home/mahmoud/ros2_ws3/install/more_interfaces/local/lib/python3.10/dist-packages/more_interfaces/msg'...
[11.747s] Compiling '/home/mahmoud/ros2_ws3/install/more_interfaces/local/lib/python3.10/dist-packages/more_interfaces/msg/__init__.py'...
[11.747s] Compiling '/home/mahmoud/ros2_ws3/install/more_interfaces/local/lib/python3.10/dist-packages/more_interfaces/msg/_address_book.py'...
[11.750s] -- Installing: /home/mahmoud/ros2_ws3/install/more_interfaces/local/lib/python3.10/dist-packages/more_interfaces/more_interfaces_s__rosidl_typesupport_fastrtps_c.cpython-310-x86_64-linux-gnu.so
[11.751s] -- Set runtime path of "/home/mahmoud/ros2_ws3/install/more_interfaces/local/lib/python3.10/dist-packages/more_interfaces/more_interfaces_s__rosidl_typesupport_fastrtps_c.cpython-310-x86_64-linux-gnu.so" to ""
[11.751s] -- Installing: /home/mahmoud/ros2_ws3/install/more_interfaces/local/lib/python3.10/dist-packages/more_interfaces/more_interfaces_s__rosidl_typesupport_introspection_c.cpython-310-x86_64-linux-gnu.so
[11.751s] -- Set runtime path of "/home/mahmoud/ros2_ws3/install/more_interfaces/local/lib/python3.10/dist-packages/more_interfaces/more_interfaces_s__rosidl_typesupport_introspection_c.cpython-310-x86_64-linux-gnu.so" to ""
[11.751s] -- Installing: /home/mahmoud/ros2_ws3/install/more_interfaces/local/lib/python3.10/dist-packages/more_interfaces/more_interfaces_s__rosidl_typesupport_c.cpython-310-x86_64-linux-gnu.so
[11.751s] -- Set runtime path of "/home/mahmoud/ros2_ws3/install/more_interfaces/local/lib/python3.10/dist-packages/more_interfaces/more_interfaces_s__rosidl_typesupport_c.cpython-310-x86_64-linux-gnu.so" to ""
[11.752s] -- Installing: /home/mahmoud/ros2_ws3/install/more_interfaces/lib/libmore_interfaces__rosidl_generator_py.so
[11.752s] -- Set runtime path of "/home/mahmoud/ros2_ws3/install/more_interfaces/lib/libmore_interfaces__rosidl_generator_py.so" to ""
[11.752s] -- Installing: /home/mahmoud/ros2_ws3/install/more_interfaces/share/more_interfaces/msg/AddressBook.idl
[11.752s] -- Installing: /home/mahmoud/ros2_ws3/install/more_interfaces/share/more_interfaces/msg/AddressBook.msg
[11.753s] -- Installing: /home/mahmoud/ros2_ws3/install/more_interfaces/lib/more_interfaces/publish_address_book
[11.754s] -- Set runtime path of "/home/mahmoud/ros2_ws3/install/more_interfaces/lib/more_interfaces/publish_address_book" to ""
[11.754s] -- Installing: /home/mahmoud/ros2_ws3/install/more_interfaces/share/ament_index/resource_index/package_run_dependencies/more_interfaces
[11.754s] -- Installing: /home/mahmoud/ros2_ws3/install/more_interfaces/share/ament_index/resource_index/parent_prefix_path/more_interfaces
[11.754s] -- Installing: /home/mahmoud/ros2_ws3/install/more_interfaces/share/more_interfaces/environment/ament_prefix_path.sh
[11.754s] -- Installing: /home/mahmoud/ros2_ws3/install/more_interfaces/share/more_interfaces/environment/ament_prefix_path.dsv
[11.755s] -- Installing: /home/mahmoud/ros2_ws3/install/more_interfaces/share/more_interfaces/environment/path.sh
[11.755s] -- Installing: /home/mahmoud/ros2_ws3/install/more_interfaces/share/more_interfaces/environment/path.dsv
[11.755s] -- Installing: /home/mahmoud/ros2_ws3/install/more_interfaces/share/more_interfaces/local_setup.bash
[11.755s] -- Installing: /home/mahmoud/ros2_ws3/install/more_interfaces/share/more_interfaces/local_setup.sh
[11.755s] -- Installing: /home/mahmoud/ros2_ws3/install/more_interfaces/share/more_interfaces/local_setup.zsh
[11.755s] -- Installing: /home/mahmoud/ros2_ws3/install/more_interfaces/share/more_interfaces/local_setup.dsv
[11.755s] -- Installing: /home/mahmoud/ros2_ws3/install/more_interfaces/share/more_interfaces/package.dsv
[11.756s] -- Installing: /home/mahmoud/ros2_ws3/install/more_interfaces/share/ament_index/resource_index/packages/more_interfaces
[11.756s] -- Installing: /home/mahmoud/ros2_ws3/install/more_interfaces/share/more_interfaces/cmake/export_more_interfaces__rosidl_generator_cExport.cmake
[11.756s] -- Installing: /home/mahmoud/ros2_ws3/install/more_interfaces/share/more_interfaces/cmake/export_more_interfaces__rosidl_generator_cExport-noconfig.cmake
[11.756s] -- Installing: /home/mahmoud/ros2_ws3/install/more_interfaces/share/more_interfaces/cmake/export_more_interfaces__rosidl_typesupport_fastrtps_cExport.cmake
[11.756s] -- Installing: /home/mahmoud/ros2_ws3/install/more_interfaces/share/more_interfaces/cmake/export_more_interfaces__rosidl_typesupport_fastrtps_cExport-noconfig.cmake
[11.756s] -- Installing: /home/mahmoud/ros2_ws3/install/more_interfaces/share/more_interfaces/cmake/more_interfaces__rosidl_typesupport_introspection_cExport.cmake
[11.757s] -- Installing: /home/mahmoud/ros2_ws3/install/more_interfaces/share/more_interfaces/cmake/more_interfaces__rosidl_typesupport_introspection_cExport-noconfig.cmake
[11.757s] -- Installing: /home/mahmoud/ros2_ws3/install/more_interfaces/share/more_interfaces/cmake/more_interfaces__rosidl_typesupport_cExport.cmake
[11.757s] -- Installing: /home/mahmoud/ros2_ws3/install/more_interfaces/share/more_interfaces/cmake/more_interfaces__rosidl_typesupport_cExport-noconfig.cmake
[11.757s] -- Installing: /home/mahmoud/ros2_ws3/install/more_interfaces/share/more_interfaces/cmake/export_more_interfaces__rosidl_generator_cppExport.cmake
[11.757s] -- Installing: /home/mahmoud/ros2_ws3/install/more_interfaces/share/more_interfaces/cmake/export_more_interfaces__rosidl_typesupport_fastrtps_cppExport.cmake
[11.757s] -- Installing: /home/mahmoud/ros2_ws3/install/more_interfaces/share/more_interfaces/cmake/export_more_interfaces__rosidl_typesupport_fastrtps_cppExport-noconfig.cmake
[11.758s] -- Installing: /home/mahmoud/ros2_ws3/install/more_interfaces/share/more_interfaces/cmake/more_interfaces__rosidl_typesupport_introspection_cppExport.cmake
[11.758s] -- Installing: /home/mahmoud/ros2_ws3/install/more_interfaces/share/more_interfaces/cmake/more_interfaces__rosidl_typesupport_introspection_cppExport-noconfig.cmake
[11.758s] -- Installing: /home/mahmoud/ros2_ws3/install/more_interfaces/share/more_interfaces/cmake/more_interfaces__rosidl_typesupport_cppExport.cmake
[11.758s] -- Installing: /home/mahmoud/ros2_ws3/install/more_interfaces/share/more_interfaces/cmake/more_interfaces__rosidl_typesupport_cppExport-noconfig.cmake
[11.758s] -- Installing: /home/mahmoud/ros2_ws3/install/more_interfaces/share/more_interfaces/cmake/export_more_interfaces__rosidl_generator_pyExport.cmake
[11.758s] -- Installing: /home/mahmoud/ros2_ws3/install/more_interfaces/share/more_interfaces/cmake/export_more_interfaces__rosidl_generator_pyExport-noconfig.cmake
[11.759s] -- Installing: /home/mahmoud/ros2_ws3/install/more_interfaces/share/more_interfaces/cmake/rosidl_cmake-extras.cmake
[11.759s] -- Installing: /home/mahmoud/ros2_ws3/install/more_interfaces/share/more_interfaces/cmake/ament_cmake_export_include_directories-extras.cmake
[11.759s] -- Installing: /home/mahmoud/ros2_ws3/install/more_interfaces/share/more_interfaces/cmake/ament_cmake_export_libraries-extras.cmake
[11.759s] -- Installing: /home/mahmoud/ros2_ws3/install/more_interfaces/share/more_interfaces/cmake/ament_cmake_export_targets-extras.cmake
[11.759s] -- Installing: /home/mahmoud/ros2_ws3/install/more_interfaces/share/more_interfaces/cmake/rosidl_cmake_export_typesupport_targets-extras.cmake
[11.760s] -- Installing: /home/mahmoud/ros2_ws3/install/more_interfaces/share/more_interfaces/cmake/ament_cmake_export_dependencies-extras.cmake
[11.760s] -- Installing: /home/mahmoud/ros2_ws3/install/more_interfaces/share/more_interfaces/cmake/rosidl_cmake_export_typesupport_libraries-extras.cmake
[11.760s] -- Installing: /home/mahmoud/ros2_ws3/install/more_interfaces/share/more_interfaces/cmake/more_interfacesConfig.cmake
[11.760s] -- Installing: /home/mahmoud/ros2_ws3/install/more_interfaces/share/more_interfaces/cmake/more_interfacesConfig-version.cmake
[11.760s] -- Installing: /home/mahmoud/ros2_ws3/install/more_interfaces/share/more_interfaces/package.xml
[11.763s] Invoked command in '/home/mahmoud/ros2_ws3/build/more_interfaces' returned '0': CMAKE_PREFIX_PATH=${CMAKE_PREFIX_PATH}:/opt/ros/humble /usr/bin/cmake --install /home/mahmoud/ros2_ws3/build/more_interfaces
