[0.031s] Invoking command in '/home/mahmoud/ros2_ws3/build/cpp_pubsub': CMAKE_PREFIX_PATH=${CMAKE_PREFIX_PATH}:/opt/ros/humble /usr/bin/cmake --build /home/mahmoud/ros2_ws3/build/cpp_pubsub -- -j12 -l12
[0.080s] [35m[1mConsolidate compiler generated dependencies of target talker[0m
[0.080s] [35m[1mConsolidate compiler generated dependencies of target listener[0m
[0.115s] [ 50%] Built target listener
[0.117s] [100%] Built target talker
[0.148s] Invoked command in '/home/mahmoud/ros2_ws3/build/cpp_pubsub' returned '0': CMAKE_PREFIX_PATH=${CMAKE_PREFIX_PATH}:/opt/ros/humble /usr/bin/cmake --build /home/mahmoud/ros2_ws3/build/cpp_pubsub -- -j12 -l12
[0.156s] Invoking command in '/home/mahmoud/ros2_ws3/build/cpp_pubsub': CMAKE_PREFIX_PATH=${CMAKE_PREFIX_PATH}:/opt/ros/humble /usr/bin/cmake --install /home/mahmoud/ros2_ws3/build/cpp_pubsub
[0.172s] -- Install configuration: ""
[0.182s] -- Up-to-date: /home/mahmoud/ros2_ws3/install/cpp_pubsub/lib/cpp_pubsub/talker
[0.183s] -- Up-to-date: /home/mahmoud/ros2_ws3/install/cpp_pubsub/lib/cpp_pubsub/talker
[0.183s] -- Up-to-date: /home/mahmoud/ros2_ws3/install/cpp_pubsub/lib/cpp_pubsub/listener
[0.183s] -- Up-to-date: /home/mahmoud/ros2_ws3/install/cpp_pubsub/share/ament_index/resource_index/package_run_dependencies/cpp_pubsub
[0.184s] -- Up-to-date: /home/mahmoud/ros2_ws3/install/cpp_pubsub/share/ament_index/resource_index/parent_prefix_path/cpp_pubsub
[0.184s] -- Up-to-date: /home/mahmoud/ros2_ws3/install/cpp_pubsub/share/cpp_pubsub/environment/ament_prefix_path.sh
[0.184s] -- Up-to-date: /home/mahmoud/ros2_ws3/install/cpp_pubsub/share/cpp_pubsub/environment/ament_prefix_path.dsv
[0.184s] -- Up-to-date: /home/mahmoud/ros2_ws3/install/cpp_pubsub/share/cpp_pubsub/environment/path.sh
[0.185s] -- Up-to-date: /home/mahmoud/ros2_ws3/install/cpp_pubsub/share/cpp_pubsub/environment/path.dsv
[0.185s] -- Up-to-date: /home/mahmoud/ros2_ws3/install/cpp_pubsub/share/cpp_pubsub/local_setup.bash
[0.185s] -- Up-to-date: /home/mahmoud/ros2_ws3/install/cpp_pubsub/share/cpp_pubsub/local_setup.sh
[0.186s] -- Up-to-date: /home/mahmoud/ros2_ws3/install/cpp_pubsub/share/cpp_pubsub/local_setup.zsh
[0.186s] -- Up-to-date: /home/mahmoud/ros2_ws3/install/cpp_pubsub/share/cpp_pubsub/local_setup.dsv
[0.186s] -- Installing: /home/mahmoud/ros2_ws3/install/cpp_pubsub/share/cpp_pubsub/package.dsv
[0.186s] -- Up-to-date: /home/mahmoud/ros2_ws3/install/cpp_pubsub/share/ament_index/resource_index/packages/cpp_pubsub
[0.186s] -- Up-to-date: /home/mahmoud/ros2_ws3/install/cpp_pubsub/share/cpp_pubsub/cmake/cpp_pubsubConfig.cmake
[0.187s] -- Up-to-date: /home/mahmoud/ros2_ws3/install/cpp_pubsub/share/cpp_pubsub/cmake/cpp_pubsubConfig-version.cmake
[0.187s] -- Up-to-date: /home/mahmoud/ros2_ws3/install/cpp_pubsub/share/cpp_pubsub/package.xml
[0.216s] Invoked command in '/home/mahmoud/ros2_ws3/build/cpp_pubsub' returned '0': CMAKE_PREFIX_PATH=${CMAKE_PREFIX_PATH}:/opt/ros/humble /usr/bin/cmake --install /home/mahmoud/ros2_ws3/build/cpp_pubsub
