[0.021s] Invoking command in '/home/mahmoud/ros2_ws3/build/tutorial_interfaces': CMAKE_PREFIX_PATH=/opt/ros/humble /usr/bin/cmake --build /home/mahmoud/ros2_ws3/build/tutorial_interfaces -- -j12 -l12
[0.153s] [35m[1mConsolidate compiler generated dependencies of target tutorial_interfaces__rosidl_generator_c[0m
[0.159s] [  2%] Built target tutorial_interfaces__cpp
[0.174s] [35m[1mConsolidate compiler generated dependencies of target tutorial_interfaces__rosidl_typesupport_introspection_cpp[0m
[0.174s] [35m[1mConsolidate compiler generated dependencies of target tutorial_interfaces__rosidl_typesupport_cpp[0m
[0.174s] [35m[1mConsolidate compiler generated dependencies of target tutorial_interfaces__rosidl_typesupport_fastrtps_cpp[0m
[0.183s] [ 12%] Built target tutorial_interfaces__rosidl_generator_c
[0.184s] [ 12%] Built target ament_cmake_python_copy_tutorial_interfaces
[0.196s] [ 23%] Built target tutorial_interfaces__rosidl_typesupport_fastrtps_cpp
[0.197s] [ 44%] Built target tutorial_interfaces__rosidl_typesupport_introspection_cpp
[0.197s] [ 44%] Built target tutorial_interfaces__rosidl_typesupport_cpp
[0.199s] [35m[1mConsolidate compiler generated dependencies of target tutorial_interfaces__rosidl_typesupport_introspection_c[0m
[0.199s] [35m[1mConsolidate compiler generated dependencies of target tutorial_interfaces__rosidl_typesupport_c[0m
[0.199s] [35m[1mConsolidate compiler generated dependencies of target tutorial_interfaces__rosidl_typesupport_fastrtps_c[0m
[0.211s] [ 55%] Built target tutorial_interfaces__rosidl_typesupport_c
[0.212s] [ 65%] Built target tutorial_interfaces__rosidl_typesupport_introspection_c
[0.217s] [ 76%] Built target tutorial_interfaces__rosidl_typesupport_fastrtps_c
[0.237s] [ 76%] Built target tutorial_interfaces
[0.259s] [ 78%] Built target tutorial_interfaces__py
[0.273s] [35m[1mConsolidate compiler generated dependencies of target tutorial_interfaces__rosidl_generator_py[0m
[0.290s] [ 87%] Built target tutorial_interfaces__rosidl_generator_py
[0.301s] [35m[1mConsolidate compiler generated dependencies of target tutorial_interfaces__rosidl_typesupport_fastrtps_c__pyext[0m
[0.304s] [35m[1mConsolidate compiler generated dependencies of target tutorial_interfaces__rosidl_typesupport_introspection_c__pyext[0m
[0.304s] [35m[1mConsolidate compiler generated dependencies of target tutorial_interfaces__rosidl_typesupport_c__pyext[0m
[0.315s] [ 91%] Built target tutorial_interfaces__rosidl_typesupport_introspection_c__pyext
[0.316s] [ 95%] Built target tutorial_interfaces__rosidl_typesupport_fastrtps_c__pyext
[0.316s] [100%] Built target tutorial_interfaces__rosidl_typesupport_c__pyext
[0.411s] running egg_info
[0.412s] writing tutorial_interfaces.egg-info/PKG-INFO
[0.412s] writing dependency_links to tutorial_interfaces.egg-info/dependency_links.txt
[0.413s] writing top-level names to tutorial_interfaces.egg-info/top_level.txt
[0.416s] reading manifest file 'tutorial_interfaces.egg-info/SOURCES.txt'
[0.417s] writing manifest file 'tutorial_interfaces.egg-info/SOURCES.txt'
[0.443s] [100%] Built target ament_cmake_python_build_tutorial_interfaces_egg
[0.453s] Invoked command in '/home/mahmoud/ros2_ws3/build/tutorial_interfaces' returned '0': CMAKE_PREFIX_PATH=/opt/ros/humble /usr/bin/cmake --build /home/mahmoud/ros2_ws3/build/tutorial_interfaces -- -j12 -l12
[0.461s] Invoking command in '/home/mahmoud/ros2_ws3/build/tutorial_interfaces': CMAKE_PREFIX_PATH=/opt/ros/humble /usr/bin/cmake --install /home/mahmoud/ros2_ws3/build/tutorial_interfaces
[0.470s] -- Install configuration: ""
[0.470s] -- Up-to-date: /home/mahmoud/ros2_ws3/install/tutorial_interfaces/share/ament_index/resource_index/rosidl_interfaces/tutorial_interfaces
[0.470s] -- Up-to-date: /home/mahmoud/ros2_ws3/install/tutorial_interfaces/include/tutorial_interfaces/tutorial_interfaces
[0.471s] -- Up-to-date: /home/mahmoud/ros2_ws3/install/tutorial_interfaces/include/tutorial_interfaces/tutorial_interfaces/srv
[0.471s] -- Up-to-date: /home/mahmoud/ros2_ws3/install/tutorial_interfaces/include/tutorial_interfaces/tutorial_interfaces/srv/detail
[0.471s] -- Up-to-date: /home/mahmoud/ros2_ws3/install/tutorial_interfaces/include/tutorial_interfaces/tutorial_interfaces/srv/detail/add_three_ints__functions.h
[0.471s] -- Up-to-date: /home/mahmoud/ros2_ws3/install/tutorial_interfaces/include/tutorial_interfaces/tutorial_interfaces/srv/detail/add_three_ints__functions.c
[0.472s] -- Up-to-date: /home/mahmoud/ros2_ws3/install/tutorial_interfaces/include/tutorial_interfaces/tutorial_interfaces/srv/detail/add_three_ints__type_support.h
[0.472s] -- Up-to-date: /home/mahmoud/ros2_ws3/install/tutorial_interfaces/include/tutorial_interfaces/tutorial_interfaces/srv/detail/add_three_ints__struct.h
[0.472s] -- Up-to-date: /home/mahmoud/ros2_ws3/install/tutorial_interfaces/include/tutorial_interfaces/tutorial_interfaces/srv/add_three_ints.h
[0.473s] -- Up-to-date: /home/mahmoud/ros2_ws3/install/tutorial_interfaces/include/tutorial_interfaces/tutorial_interfaces/msg
[0.473s] -- Up-to-date: /home/mahmoud/ros2_ws3/install/tutorial_interfaces/include/tutorial_interfaces/tutorial_interfaces/msg/rosidl_generator_c__visibility_control.h
[0.473s] -- Up-to-date: /home/mahmoud/ros2_ws3/install/tutorial_interfaces/include/tutorial_interfaces/tutorial_interfaces/msg/detail
[0.473s] -- Up-to-date: /home/mahmoud/ros2_ws3/install/tutorial_interfaces/include/tutorial_interfaces/tutorial_interfaces/msg/detail/num__struct.h
[0.473s] -- Up-to-date: /home/mahmoud/ros2_ws3/install/tutorial_interfaces/include/tutorial_interfaces/tutorial_interfaces/msg/detail/sphere__functions.h
[0.473s] -- Up-to-date: /home/mahmoud/ros2_ws3/install/tutorial_interfaces/include/tutorial_interfaces/tutorial_interfaces/msg/detail/num__functions.h
[0.473s] -- Up-to-date: /home/mahmoud/ros2_ws3/install/tutorial_interfaces/include/tutorial_interfaces/tutorial_interfaces/msg/detail/sphere__struct.h
[0.473s] -- Up-to-date: /home/mahmoud/ros2_ws3/install/tutorial_interfaces/include/tutorial_interfaces/tutorial_interfaces/msg/detail/sphere__functions.c
[0.473s] -- Up-to-date: /home/mahmoud/ros2_ws3/install/tutorial_interfaces/include/tutorial_interfaces/tutorial_interfaces/msg/detail/num__functions.c
[0.473s] -- Up-to-date: /home/mahmoud/ros2_ws3/install/tutorial_interfaces/include/tutorial_interfaces/tutorial_interfaces/msg/detail/num__type_support.h
[0.473s] -- Up-to-date: /home/mahmoud/ros2_ws3/install/tutorial_interfaces/include/tutorial_interfaces/tutorial_interfaces/msg/detail/sphere__type_support.h
[0.473s] -- Up-to-date: /home/mahmoud/ros2_ws3/install/tutorial_interfaces/include/tutorial_interfaces/tutorial_interfaces/msg/sphere.h
[0.473s] -- Up-to-date: /home/mahmoud/ros2_ws3/install/tutorial_interfaces/include/tutorial_interfaces/tutorial_interfaces/msg/num.h
[0.473s] -- Up-to-date: /home/mahmoud/ros2_ws3/install/tutorial_interfaces/share/tutorial_interfaces/environment/library_path.sh
[0.474s] -- Up-to-date: /home/mahmoud/ros2_ws3/install/tutorial_interfaces/share/tutorial_interfaces/environment/library_path.dsv
[0.474s] -- Up-to-date: /home/mahmoud/ros2_ws3/install/tutorial_interfaces/lib/libtutorial_interfaces__rosidl_generator_c.so
[0.474s] -- Up-to-date: /home/mahmoud/ros2_ws3/install/tutorial_interfaces/include/tutorial_interfaces/tutorial_interfaces
[0.474s] -- Up-to-date: /home/mahmoud/ros2_ws3/install/tutorial_interfaces/include/tutorial_interfaces/tutorial_interfaces/srv
[0.475s] -- Up-to-date: /home/mahmoud/ros2_ws3/install/tutorial_interfaces/include/tutorial_interfaces/tutorial_interfaces/srv/detail
[0.475s] -- Up-to-date: /home/mahmoud/ros2_ws3/install/tutorial_interfaces/include/tutorial_interfaces/tutorial_interfaces/srv/detail/add_three_ints__rosidl_typesupport_fastrtps_c.h
[0.475s] -- Up-to-date: /home/mahmoud/ros2_ws3/install/tutorial_interfaces/include/tutorial_interfaces/tutorial_interfaces/msg
[0.475s] -- Up-to-date: /home/mahmoud/ros2_ws3/install/tutorial_interfaces/include/tutorial_interfaces/tutorial_interfaces/msg/detail
[0.476s] -- Up-to-date: /home/mahmoud/ros2_ws3/install/tutorial_interfaces/include/tutorial_interfaces/tutorial_interfaces/msg/detail/num__rosidl_typesupport_fastrtps_c.h
[0.476s] -- Up-to-date: /home/mahmoud/ros2_ws3/install/tutorial_interfaces/include/tutorial_interfaces/tutorial_interfaces/msg/detail/sphere__rosidl_typesupport_fastrtps_c.h
[0.476s] -- Up-to-date: /home/mahmoud/ros2_ws3/install/tutorial_interfaces/include/tutorial_interfaces/tutorial_interfaces/msg/rosidl_typesupport_fastrtps_c__visibility_control.h
[0.476s] -- Up-to-date: /home/mahmoud/ros2_ws3/install/tutorial_interfaces/lib/libtutorial_interfaces__rosidl_typesupport_fastrtps_c.so
[0.476s] -- Up-to-date: /home/mahmoud/ros2_ws3/install/tutorial_interfaces/include/tutorial_interfaces/tutorial_interfaces
[0.477s] -- Up-to-date: /home/mahmoud/ros2_ws3/install/tutorial_interfaces/include/tutorial_interfaces/tutorial_interfaces/srv
[0.477s] -- Up-to-date: /home/mahmoud/ros2_ws3/install/tutorial_interfaces/include/tutorial_interfaces/tutorial_interfaces/srv/add_three_ints.hpp
[0.477s] -- Up-to-date: /home/mahmoud/ros2_ws3/install/tutorial_interfaces/include/tutorial_interfaces/tutorial_interfaces/srv/detail
[0.477s] -- Up-to-date: /home/mahmoud/ros2_ws3/install/tutorial_interfaces/include/tutorial_interfaces/tutorial_interfaces/srv/detail/add_three_ints__type_support.hpp
[0.477s] -- Up-to-date: /home/mahmoud/ros2_ws3/install/tutorial_interfaces/include/tutorial_interfaces/tutorial_interfaces/srv/detail/add_three_ints__struct.hpp
[0.478s] -- Up-to-date: /home/mahmoud/ros2_ws3/install/tutorial_interfaces/include/tutorial_interfaces/tutorial_interfaces/srv/detail/add_three_ints__traits.hpp
[0.478s] -- Up-to-date: /home/mahmoud/ros2_ws3/install/tutorial_interfaces/include/tutorial_interfaces/tutorial_interfaces/srv/detail/add_three_ints__builder.hpp
[0.478s] -- Up-to-date: /home/mahmoud/ros2_ws3/install/tutorial_interfaces/include/tutorial_interfaces/tutorial_interfaces/msg
[0.478s] -- Up-to-date: /home/mahmoud/ros2_ws3/install/tutorial_interfaces/include/tutorial_interfaces/tutorial_interfaces/msg/detail
[0.478s] -- Up-to-date: /home/mahmoud/ros2_ws3/install/tutorial_interfaces/include/tutorial_interfaces/tutorial_interfaces/msg/detail/num__traits.hpp
[0.478s] -- Up-to-date: /home/mahmoud/ros2_ws3/install/tutorial_interfaces/include/tutorial_interfaces/tutorial_interfaces/msg/detail/num__builder.hpp
[0.479s] -- Up-to-date: /home/mahmoud/ros2_ws3/install/tutorial_interfaces/include/tutorial_interfaces/tutorial_interfaces/msg/detail/sphere__builder.hpp
[0.479s] -- Up-to-date: /home/mahmoud/ros2_ws3/install/tutorial_interfaces/include/tutorial_interfaces/tutorial_interfaces/msg/detail/num__type_support.hpp
[0.479s] -- Up-to-date: /home/mahmoud/ros2_ws3/install/tutorial_interfaces/include/tutorial_interfaces/tutorial_interfaces/msg/detail/sphere__type_support.hpp
[0.479s] -- Up-to-date: /home/mahmoud/ros2_ws3/install/tutorial_interfaces/include/tutorial_interfaces/tutorial_interfaces/msg/detail/sphere__traits.hpp
[0.479s] -- Up-to-date: /home/mahmoud/ros2_ws3/install/tutorial_interfaces/include/tutorial_interfaces/tutorial_interfaces/msg/detail/sphere__struct.hpp
[0.479s] -- Up-to-date: /home/mahmoud/ros2_ws3/install/tutorial_interfaces/include/tutorial_interfaces/tutorial_interfaces/msg/detail/num__struct.hpp
[0.479s] -- Up-to-date: /home/mahmoud/ros2_ws3/install/tutorial_interfaces/include/tutorial_interfaces/tutorial_interfaces/msg/num.hpp
[0.480s] -- Up-to-date: /home/mahmoud/ros2_ws3/install/tutorial_interfaces/include/tutorial_interfaces/tutorial_interfaces/msg/rosidl_generator_cpp__visibility_control.hpp
[0.480s] -- Up-to-date: /home/mahmoud/ros2_ws3/install/tutorial_interfaces/include/tutorial_interfaces/tutorial_interfaces/msg/sphere.hpp
[0.480s] -- Up-to-date: /home/mahmoud/ros2_ws3/install/tutorial_interfaces/include/tutorial_interfaces/tutorial_interfaces
[0.480s] -- Up-to-date: /home/mahmoud/ros2_ws3/install/tutorial_interfaces/include/tutorial_interfaces/tutorial_interfaces/srv
[0.480s] -- Up-to-date: /home/mahmoud/ros2_ws3/install/tutorial_interfaces/include/tutorial_interfaces/tutorial_interfaces/srv/detail
[0.480s] -- Up-to-date: /home/mahmoud/ros2_ws3/install/tutorial_interfaces/include/tutorial_interfaces/tutorial_interfaces/srv/detail/add_three_ints__rosidl_typesupport_fastrtps_cpp.hpp
[0.480s] -- Up-to-date: /home/mahmoud/ros2_ws3/install/tutorial_interfaces/include/tutorial_interfaces/tutorial_interfaces/srv/detail/dds_fastrtps
[0.480s] -- Up-to-date: /home/mahmoud/ros2_ws3/install/tutorial_interfaces/include/tutorial_interfaces/tutorial_interfaces/msg
[0.480s] -- Up-to-date: /home/mahmoud/ros2_ws3/install/tutorial_interfaces/include/tutorial_interfaces/tutorial_interfaces/msg/rosidl_typesupport_fastrtps_cpp__visibility_control.h
[0.481s] -- Up-to-date: /home/mahmoud/ros2_ws3/install/tutorial_interfaces/include/tutorial_interfaces/tutorial_interfaces/msg/detail
[0.481s] -- Up-to-date: /home/mahmoud/ros2_ws3/install/tutorial_interfaces/include/tutorial_interfaces/tutorial_interfaces/msg/detail/sphere__rosidl_typesupport_fastrtps_cpp.hpp
[0.481s] -- Up-to-date: /home/mahmoud/ros2_ws3/install/tutorial_interfaces/include/tutorial_interfaces/tutorial_interfaces/msg/detail/num__rosidl_typesupport_fastrtps_cpp.hpp
[0.481s] -- Up-to-date: /home/mahmoud/ros2_ws3/install/tutorial_interfaces/include/tutorial_interfaces/tutorial_interfaces/msg/detail/dds_fastrtps
[0.481s] -- Up-to-date: /home/mahmoud/ros2_ws3/install/tutorial_interfaces/lib/libtutorial_interfaces__rosidl_typesupport_fastrtps_cpp.so
[0.481s] -- Up-to-date: /home/mahmoud/ros2_ws3/install/tutorial_interfaces/include/tutorial_interfaces/tutorial_interfaces
[0.481s] -- Up-to-date: /home/mahmoud/ros2_ws3/install/tutorial_interfaces/include/tutorial_interfaces/tutorial_interfaces/srv
[0.481s] -- Up-to-date: /home/mahmoud/ros2_ws3/install/tutorial_interfaces/include/tutorial_interfaces/tutorial_interfaces/srv/detail
[0.482s] -- Up-to-date: /home/mahmoud/ros2_ws3/install/tutorial_interfaces/include/tutorial_interfaces/tutorial_interfaces/srv/detail/add_three_ints__type_support.c
[0.482s] -- Up-to-date: /home/mahmoud/ros2_ws3/install/tutorial_interfaces/include/tutorial_interfaces/tutorial_interfaces/srv/detail/add_three_ints__rosidl_typesupport_introspection_c.h
[0.482s] -- Up-to-date: /home/mahmoud/ros2_ws3/install/tutorial_interfaces/include/tutorial_interfaces/tutorial_interfaces/msg
[0.482s] -- Up-to-date: /home/mahmoud/ros2_ws3/install/tutorial_interfaces/include/tutorial_interfaces/tutorial_interfaces/msg/detail
[0.482s] -- Up-to-date: /home/mahmoud/ros2_ws3/install/tutorial_interfaces/include/tutorial_interfaces/tutorial_interfaces/msg/detail/sphere__rosidl_typesupport_introspection_c.h
[0.483s] -- Up-to-date: /home/mahmoud/ros2_ws3/install/tutorial_interfaces/include/tutorial_interfaces/tutorial_interfaces/msg/detail/num__rosidl_typesupport_introspection_c.h
[0.483s] -- Up-to-date: /home/mahmoud/ros2_ws3/install/tutorial_interfaces/include/tutorial_interfaces/tutorial_interfaces/msg/detail/sphere__type_support.c
[0.483s] -- Up-to-date: /home/mahmoud/ros2_ws3/install/tutorial_interfaces/include/tutorial_interfaces/tutorial_interfaces/msg/detail/num__type_support.c
[0.483s] -- Up-to-date: /home/mahmoud/ros2_ws3/install/tutorial_interfaces/include/tutorial_interfaces/tutorial_interfaces/msg/rosidl_typesupport_introspection_c__visibility_control.h
[0.483s] -- Up-to-date: /home/mahmoud/ros2_ws3/install/tutorial_interfaces/lib/libtutorial_interfaces__rosidl_typesupport_introspection_c.so
[0.484s] -- Up-to-date: /home/mahmoud/ros2_ws3/install/tutorial_interfaces/lib/libtutorial_interfaces__rosidl_typesupport_c.so
[0.484s] -- Up-to-date: /home/mahmoud/ros2_ws3/install/tutorial_interfaces/include/tutorial_interfaces/tutorial_interfaces
[0.484s] -- Up-to-date: /home/mahmoud/ros2_ws3/install/tutorial_interfaces/include/tutorial_interfaces/tutorial_interfaces/srv
[0.484s] -- Up-to-date: /home/mahmoud/ros2_ws3/install/tutorial_interfaces/include/tutorial_interfaces/tutorial_interfaces/srv/detail
[0.485s] -- Up-to-date: /home/mahmoud/ros2_ws3/install/tutorial_interfaces/include/tutorial_interfaces/tutorial_interfaces/srv/detail/add_three_ints__rosidl_typesupport_introspection_cpp.hpp
[0.485s] -- Up-to-date: /home/mahmoud/ros2_ws3/install/tutorial_interfaces/include/tutorial_interfaces/tutorial_interfaces/srv/detail/add_three_ints__type_support.cpp
[0.485s] -- Up-to-date: /home/mahmoud/ros2_ws3/install/tutorial_interfaces/include/tutorial_interfaces/tutorial_interfaces/msg
[0.485s] -- Up-to-date: /home/mahmoud/ros2_ws3/install/tutorial_interfaces/include/tutorial_interfaces/tutorial_interfaces/msg/detail
[0.485s] -- Up-to-date: /home/mahmoud/ros2_ws3/install/tutorial_interfaces/include/tutorial_interfaces/tutorial_interfaces/msg/detail/sphere__rosidl_typesupport_introspection_cpp.hpp
[0.485s] -- Up-to-date: /home/mahmoud/ros2_ws3/install/tutorial_interfaces/include/tutorial_interfaces/tutorial_interfaces/msg/detail/num__type_support.cpp
[0.486s] -- Up-to-date: /home/mahmoud/ros2_ws3/install/tutorial_interfaces/include/tutorial_interfaces/tutorial_interfaces/msg/detail/num__rosidl_typesupport_introspection_cpp.hpp
[0.486s] -- Up-to-date: /home/mahmoud/ros2_ws3/install/tutorial_interfaces/include/tutorial_interfaces/tutorial_interfaces/msg/detail/sphere__type_support.cpp
[0.486s] -- Up-to-date: /home/mahmoud/ros2_ws3/install/tutorial_interfaces/lib/libtutorial_interfaces__rosidl_typesupport_introspection_cpp.so
[0.487s] -- Up-to-date: /home/mahmoud/ros2_ws3/install/tutorial_interfaces/lib/libtutorial_interfaces__rosidl_typesupport_cpp.so
[0.487s] -- Up-to-date: /home/mahmoud/ros2_ws3/install/tutorial_interfaces/share/tutorial_interfaces/environment/pythonpath.sh
[0.487s] -- Up-to-date: /home/mahmoud/ros2_ws3/install/tutorial_interfaces/share/tutorial_interfaces/environment/pythonpath.dsv
[0.487s] -- Up-to-date: /home/mahmoud/ros2_ws3/install/tutorial_interfaces/local/lib/python3.10/dist-packages/tutorial_interfaces-0.0.0-py3.10.egg-info
[0.488s] -- Installing: /home/mahmoud/ros2_ws3/install/tutorial_interfaces/local/lib/python3.10/dist-packages/tutorial_interfaces-0.0.0-py3.10.egg-info/top_level.txt
[0.488s] -- Installing: /home/mahmoud/ros2_ws3/install/tutorial_interfaces/local/lib/python3.10/dist-packages/tutorial_interfaces-0.0.0-py3.10.egg-info/SOURCES.txt
[0.488s] -- Installing: /home/mahmoud/ros2_ws3/install/tutorial_interfaces/local/lib/python3.10/dist-packages/tutorial_interfaces-0.0.0-py3.10.egg-info/PKG-INFO
[0.488s] -- Installing: /home/mahmoud/ros2_ws3/install/tutorial_interfaces/local/lib/python3.10/dist-packages/tutorial_interfaces-0.0.0-py3.10.egg-info/dependency_links.txt
[0.488s] -- Up-to-date: /home/mahmoud/ros2_ws3/install/tutorial_interfaces/local/lib/python3.10/dist-packages/tutorial_interfaces
[0.489s] -- Up-to-date: /home/mahmoud/ros2_ws3/install/tutorial_interfaces/local/lib/python3.10/dist-packages/tutorial_interfaces/_tutorial_interfaces_s.ep.rosidl_typesupport_c.c
[0.489s] -- Up-to-date: /home/mahmoud/ros2_ws3/install/tutorial_interfaces/local/lib/python3.10/dist-packages/tutorial_interfaces/__init__.py
[0.489s] -- Up-to-date: /home/mahmoud/ros2_ws3/install/tutorial_interfaces/local/lib/python3.10/dist-packages/tutorial_interfaces/srv
[0.489s] -- Up-to-date: /home/mahmoud/ros2_ws3/install/tutorial_interfaces/local/lib/python3.10/dist-packages/tutorial_interfaces/srv/__init__.py
[0.489s] -- Up-to-date: /home/mahmoud/ros2_ws3/install/tutorial_interfaces/local/lib/python3.10/dist-packages/tutorial_interfaces/srv/_add_three_ints.py
[0.489s] -- Up-to-date: /home/mahmoud/ros2_ws3/install/tutorial_interfaces/local/lib/python3.10/dist-packages/tutorial_interfaces/srv/_add_three_ints_s.c
[0.489s] -- Up-to-date: /home/mahmoud/ros2_ws3/install/tutorial_interfaces/local/lib/python3.10/dist-packages/tutorial_interfaces/_tutorial_interfaces_s.ep.rosidl_typesupport_introspection_c.c
[0.489s] -- Up-to-date: /home/mahmoud/ros2_ws3/install/tutorial_interfaces/local/lib/python3.10/dist-packages/tutorial_interfaces/tutorial_interfaces_s__rosidl_typesupport_introspection_c.cpython-310-x86_64-linux-gnu.so
[0.489s] -- Up-to-date: /home/mahmoud/ros2_ws3/install/tutorial_interfaces/local/lib/python3.10/dist-packages/tutorial_interfaces/tutorial_interfaces_s__rosidl_typesupport_fastrtps_c.cpython-310-x86_64-linux-gnu.so
[0.489s] -- Up-to-date: /home/mahmoud/ros2_ws3/install/tutorial_interfaces/local/lib/python3.10/dist-packages/tutorial_interfaces/_tutorial_interfaces_s.ep.rosidl_typesupport_fastrtps_c.c
[0.489s] -- Up-to-date: /home/mahmoud/ros2_ws3/install/tutorial_interfaces/local/lib/python3.10/dist-packages/tutorial_interfaces/libtutorial_interfaces__rosidl_generator_py.so
[0.489s] -- Up-to-date: /home/mahmoud/ros2_ws3/install/tutorial_interfaces/local/lib/python3.10/dist-packages/tutorial_interfaces/msg
[0.489s] -- Up-to-date: /home/mahmoud/ros2_ws3/install/tutorial_interfaces/local/lib/python3.10/dist-packages/tutorial_interfaces/msg/__init__.py
[0.489s] -- Up-to-date: /home/mahmoud/ros2_ws3/install/tutorial_interfaces/local/lib/python3.10/dist-packages/tutorial_interfaces/msg/_sphere.py
[0.489s] -- Up-to-date: /home/mahmoud/ros2_ws3/install/tutorial_interfaces/local/lib/python3.10/dist-packages/tutorial_interfaces/msg/_num_s.c
[0.489s] -- Up-to-date: /home/mahmoud/ros2_ws3/install/tutorial_interfaces/local/lib/python3.10/dist-packages/tutorial_interfaces/msg/_num.py
[0.490s] -- Up-to-date: /home/mahmoud/ros2_ws3/install/tutorial_interfaces/local/lib/python3.10/dist-packages/tutorial_interfaces/msg/_sphere_s.c
[0.490s] -- Up-to-date: /home/mahmoud/ros2_ws3/install/tutorial_interfaces/local/lib/python3.10/dist-packages/tutorial_interfaces/tutorial_interfaces_s__rosidl_typesupport_c.cpython-310-x86_64-linux-gnu.so
[0.518s] Listing '/home/mahmoud/ros2_ws3/install/tutorial_interfaces/local/lib/python3.10/dist-packages/tutorial_interfaces'...
[0.519s] Listing '/home/mahmoud/ros2_ws3/install/tutorial_interfaces/local/lib/python3.10/dist-packages/tutorial_interfaces/msg'...
[0.519s] Listing '/home/mahmoud/ros2_ws3/install/tutorial_interfaces/local/lib/python3.10/dist-packages/tutorial_interfaces/srv'...
[0.523s] -- Up-to-date: /home/mahmoud/ros2_ws3/install/tutorial_interfaces/local/lib/python3.10/dist-packages/tutorial_interfaces/tutorial_interfaces_s__rosidl_typesupport_fastrtps_c.cpython-310-x86_64-linux-gnu.so
[0.524s] -- Up-to-date: /home/mahmoud/ros2_ws3/install/tutorial_interfaces/local/lib/python3.10/dist-packages/tutorial_interfaces/tutorial_interfaces_s__rosidl_typesupport_introspection_c.cpython-310-x86_64-linux-gnu.so
[0.526s] -- Up-to-date: /home/mahmoud/ros2_ws3/install/tutorial_interfaces/local/lib/python3.10/dist-packages/tutorial_interfaces/tutorial_interfaces_s__rosidl_typesupport_c.cpython-310-x86_64-linux-gnu.so
[0.527s] -- Up-to-date: /home/mahmoud/ros2_ws3/install/tutorial_interfaces/lib/libtutorial_interfaces__rosidl_generator_py.so
[0.527s] -- Up-to-date: /home/mahmoud/ros2_ws3/install/tutorial_interfaces/share/tutorial_interfaces/msg/Num.idl
[0.527s] -- Up-to-date: /home/mahmoud/ros2_ws3/install/tutorial_interfaces/share/tutorial_interfaces/msg/Sphere.idl
[0.527s] -- Up-to-date: /home/mahmoud/ros2_ws3/install/tutorial_interfaces/share/tutorial_interfaces/srv/AddThreeInts.idl
[0.527s] -- Up-to-date: /home/mahmoud/ros2_ws3/install/tutorial_interfaces/share/tutorial_interfaces/msg/Num.msg
[0.528s] -- Up-to-date: /home/mahmoud/ros2_ws3/install/tutorial_interfaces/share/tutorial_interfaces/msg/Sphere.msg
[0.528s] -- Up-to-date: /home/mahmoud/ros2_ws3/install/tutorial_interfaces/share/tutorial_interfaces/srv/AddThreeInts.srv
[0.528s] -- Up-to-date: /home/mahmoud/ros2_ws3/install/tutorial_interfaces/share/tutorial_interfaces/srv/AddThreeInts_Request.msg
[0.528s] -- Up-to-date: /home/mahmoud/ros2_ws3/install/tutorial_interfaces/share/tutorial_interfaces/srv/AddThreeInts_Response.msg
[0.528s] -- Up-to-date: /home/mahmoud/ros2_ws3/install/tutorial_interfaces/share/ament_index/resource_index/package_run_dependencies/tutorial_interfaces
[0.528s] -- Up-to-date: /home/mahmoud/ros2_ws3/install/tutorial_interfaces/share/ament_index/resource_index/parent_prefix_path/tutorial_interfaces
[0.529s] -- Up-to-date: /home/mahmoud/ros2_ws3/install/tutorial_interfaces/share/tutorial_interfaces/environment/ament_prefix_path.sh
[0.529s] -- Up-to-date: /home/mahmoud/ros2_ws3/install/tutorial_interfaces/share/tutorial_interfaces/environment/ament_prefix_path.dsv
[0.529s] -- Up-to-date: /home/mahmoud/ros2_ws3/install/tutorial_interfaces/share/tutorial_interfaces/environment/path.sh
[0.529s] -- Up-to-date: /home/mahmoud/ros2_ws3/install/tutorial_interfaces/share/tutorial_interfaces/environment/path.dsv
[0.529s] -- Up-to-date: /home/mahmoud/ros2_ws3/install/tutorial_interfaces/share/tutorial_interfaces/local_setup.bash
[0.529s] -- Up-to-date: /home/mahmoud/ros2_ws3/install/tutorial_interfaces/share/tutorial_interfaces/local_setup.sh
[0.529s] -- Up-to-date: /home/mahmoud/ros2_ws3/install/tutorial_interfaces/share/tutorial_interfaces/local_setup.zsh
[0.529s] -- Up-to-date: /home/mahmoud/ros2_ws3/install/tutorial_interfaces/share/tutorial_interfaces/local_setup.dsv
[0.529s] -- Installing: /home/mahmoud/ros2_ws3/install/tutorial_interfaces/share/tutorial_interfaces/package.dsv
[0.529s] -- Up-to-date: /home/mahmoud/ros2_ws3/install/tutorial_interfaces/share/ament_index/resource_index/packages/tutorial_interfaces
[0.530s] -- Up-to-date: /home/mahmoud/ros2_ws3/install/tutorial_interfaces/share/tutorial_interfaces/cmake/export_tutorial_interfaces__rosidl_generator_cExport.cmake
[0.530s] -- Up-to-date: /home/mahmoud/ros2_ws3/install/tutorial_interfaces/share/tutorial_interfaces/cmake/export_tutorial_interfaces__rosidl_generator_cExport-noconfig.cmake
[0.530s] -- Up-to-date: /home/mahmoud/ros2_ws3/install/tutorial_interfaces/share/tutorial_interfaces/cmake/export_tutorial_interfaces__rosidl_typesupport_fastrtps_cExport.cmake
[0.530s] -- Up-to-date: /home/mahmoud/ros2_ws3/install/tutorial_interfaces/share/tutorial_interfaces/cmake/export_tutorial_interfaces__rosidl_typesupport_fastrtps_cExport-noconfig.cmake
[0.531s] -- Up-to-date: /home/mahmoud/ros2_ws3/install/tutorial_interfaces/share/tutorial_interfaces/cmake/export_tutorial_interfaces__rosidl_generator_cppExport.cmake
[0.531s] -- Up-to-date: /home/mahmoud/ros2_ws3/install/tutorial_interfaces/share/tutorial_interfaces/cmake/export_tutorial_interfaces__rosidl_typesupport_fastrtps_cppExport.cmake
[0.531s] -- Up-to-date: /home/mahmoud/ros2_ws3/install/tutorial_interfaces/share/tutorial_interfaces/cmake/export_tutorial_interfaces__rosidl_typesupport_fastrtps_cppExport-noconfig.cmake
[0.532s] -- Up-to-date: /home/mahmoud/ros2_ws3/install/tutorial_interfaces/share/tutorial_interfaces/cmake/tutorial_interfaces__rosidl_typesupport_introspection_cExport.cmake
[0.532s] -- Up-to-date: /home/mahmoud/ros2_ws3/install/tutorial_interfaces/share/tutorial_interfaces/cmake/tutorial_interfaces__rosidl_typesupport_introspection_cExport-noconfig.cmake
[0.532s] -- Up-to-date: /home/mahmoud/ros2_ws3/install/tutorial_interfaces/share/tutorial_interfaces/cmake/tutorial_interfaces__rosidl_typesupport_cExport.cmake
[0.532s] -- Up-to-date: /home/mahmoud/ros2_ws3/install/tutorial_interfaces/share/tutorial_interfaces/cmake/tutorial_interfaces__rosidl_typesupport_cExport-noconfig.cmake
[0.533s] -- Up-to-date: /home/mahmoud/ros2_ws3/install/tutorial_interfaces/share/tutorial_interfaces/cmake/tutorial_interfaces__rosidl_typesupport_introspection_cppExport.cmake
[0.533s] -- Up-to-date: /home/mahmoud/ros2_ws3/install/tutorial_interfaces/share/tutorial_interfaces/cmake/tutorial_interfaces__rosidl_typesupport_introspection_cppExport-noconfig.cmake
[0.534s] -- Up-to-date: /home/mahmoud/ros2_ws3/install/tutorial_interfaces/share/tutorial_interfaces/cmake/tutorial_interfaces__rosidl_typesupport_cppExport.cmake
[0.534s] -- Up-to-date: /home/mahmoud/ros2_ws3/install/tutorial_interfaces/share/tutorial_interfaces/cmake/tutorial_interfaces__rosidl_typesupport_cppExport-noconfig.cmake
[0.534s] -- Up-to-date: /home/mahmoud/ros2_ws3/install/tutorial_interfaces/share/tutorial_interfaces/cmake/export_tutorial_interfaces__rosidl_generator_pyExport.cmake
[0.534s] -- Up-to-date: /home/mahmoud/ros2_ws3/install/tutorial_interfaces/share/tutorial_interfaces/cmake/export_tutorial_interfaces__rosidl_generator_pyExport-noconfig.cmake
[0.535s] -- Up-to-date: /home/mahmoud/ros2_ws3/install/tutorial_interfaces/share/tutorial_interfaces/cmake/rosidl_cmake-extras.cmake
[0.535s] -- Up-to-date: /home/mahmoud/ros2_ws3/install/tutorial_interfaces/share/tutorial_interfaces/cmake/ament_cmake_export_dependencies-extras.cmake
[0.535s] -- Up-to-date: /home/mahmoud/ros2_ws3/install/tutorial_interfaces/share/tutorial_interfaces/cmake/ament_cmake_export_include_directories-extras.cmake
[0.535s] -- Up-to-date: /home/mahmoud/ros2_ws3/install/tutorial_interfaces/share/tutorial_interfaces/cmake/ament_cmake_export_libraries-extras.cmake
[0.535s] -- Up-to-date: /home/mahmoud/ros2_ws3/install/tutorial_interfaces/share/tutorial_interfaces/cmake/ament_cmake_export_targets-extras.cmake
[0.535s] -- Up-to-date: /home/mahmoud/ros2_ws3/install/tutorial_interfaces/share/tutorial_interfaces/cmake/rosidl_cmake_export_typesupport_targets-extras.cmake
[0.535s] -- Up-to-date: /home/mahmoud/ros2_ws3/install/tutorial_interfaces/share/tutorial_interfaces/cmake/rosidl_cmake_export_typesupport_libraries-extras.cmake
[0.535s] -- Up-to-date: /home/mahmoud/ros2_ws3/install/tutorial_interfaces/share/tutorial_interfaces/cmake/tutorial_interfacesConfig.cmake
[0.535s] -- Up-to-date: /home/mahmoud/ros2_ws3/install/tutorial_interfaces/share/tutorial_interfaces/cmake/tutorial_interfacesConfig-version.cmake
[0.535s] -- Up-to-date: /home/mahmoud/ros2_ws3/install/tutorial_interfaces/share/tutorial_interfaces/package.xml
[0.537s] Invoked command in '/home/mahmoud/ros2_ws3/build/tutorial_interfaces' returned '0': CMAKE_PREFIX_PATH=/opt/ros/humble /usr/bin/cmake --install /home/mahmoud/ros2_ws3/build/tutorial_interfaces
