[0.014s] Invoking command in '/home/mahmoud/ros2_ws3/build/cpp_pubsub': CMAKE_PREFIX_PATH=/opt/ros/humble /usr/bin/cmake /home/mahmoud/ros2_ws3/src/cpp_pubsub -DCMAKE_INSTALL_PREFIX=/home/mahmoud/ros2_ws3/install/cpp_pubsub
[0.068s] -- Found ament_cmake: 1.3.11 (/opt/ros/humble/share/ament_cmake/cmake)
[0.220s] -- Found rclcpp: 16.0.12 (/opt/ros/humble/share/rclcpp/cmake)
[0.359s] -- Found rosidl_generator_c: 3.1.6 (/opt/ros/humble/share/rosidl_generator_c/cmake)
[0.365s] -- Found rosidl_adapter: 3.1.6 (/opt/ros/humble/share/rosidl_adapter/cmake)
[0.375s] -- Found rosidl_generator_cpp: 3.1.6 (/opt/ros/humble/share/rosidl_generator_cpp/cmake)
[0.394s] -- Using all available rosidl_typesupport_c: rosidl_typesupport_fastrtps_c;rosidl_typesupport_introspection_c
[0.416s] -- Using all available rosidl_typesupport_cpp: rosidl_typesupport_fastrtps_cpp;rosidl_typesupport_introspection_cpp
[0.476s] -- Found rmw_implementation_cmake: 6.1.2 (/opt/ros/humble/share/rmw_implementation_cmake/cmake)
[0.480s] -- Found rmw_fastrtps_cpp: 6.2.7 (/opt/ros/humble/share/rmw_fastrtps_cpp/cmake)
[1.332s] -- Found OpenSSL: /usr/lib/x86_64-linux-gnu/libcrypto.so (found version "3.0.2")  
[2.211s] -- Found FastRTPS: /opt/ros/humble/include  
[3.767s] -- Using RMW implementation 'rmw_fastrtps_cpp' as default
[3.781s] -- Looking for pthread.h
[3.982s] -- Looking for pthread.h - found
[3.982s] -- Performing Test CMAKE_HAVE_LIBC_PTHREAD
[4.096s] -- Performing Test CMAKE_HAVE_LIBC_PTHREAD - Success
[4.097s] -- Found Threads: TRUE  
[4.177s] -- Found ament_lint_auto: 0.12.12 (/opt/ros/humble/share/ament_lint_auto/cmake)
[4.264s] -- Added test 'cppcheck' to perform static code analysis on C / C++ code
[4.265s] -- Configured cppcheck include dirs: 
[4.265s] -- Configured cppcheck exclude dirs and/or files: 
[4.266s] -- Added test 'lint_cmake' to check CMake code style
[4.268s] -- Added test 'uncrustify' to check C / C++ code style
[4.268s] -- Configured uncrustify additional arguments: 
[4.268s] -- Added test 'xmllint' to check XML markup files
[4.271s] -- Configuring done
[4.285s] -- Generating done
[4.290s] -- Build files have been written to: /home/mahmoud/ros2_ws3/build/cpp_pubsub
[4.296s] Invoked command in '/home/mahmoud/ros2_ws3/build/cpp_pubsub' returned '0': CMAKE_PREFIX_PATH=/opt/ros/humble /usr/bin/cmake /home/mahmoud/ros2_ws3/src/cpp_pubsub -DCMAKE_INSTALL_PREFIX=/home/mahmoud/ros2_ws3/install/cpp_pubsub
[4.298s] Invoking command in '/home/mahmoud/ros2_ws3/build/cpp_pubsub': CMAKE_PREFIX_PATH=/opt/ros/humble /usr/bin/cmake --build /home/mahmoud/ros2_ws3/build/cpp_pubsub -- -j12 -l12
[4.338s] [ 50%] [32mBuilding CXX object CMakeFiles/talker.dir/src/publisher_member_function.cpp.o[0m
[4.338s] [ 50%] [32mBuilding CXX object CMakeFiles/listener.dir/src/subscriber_member_function.cpp.o[0m
[8.771s] [ 75%] [32m[1mLinking CXX executable talker[0m
[9.014s] [ 75%] Built target talker
[11.969s] [100%] [32m[1mLinking CXX executable listener[0m
[12.286s] [100%] Built target listener
[12.296s] Invoked command in '/home/mahmoud/ros2_ws3/build/cpp_pubsub' returned '0': CMAKE_PREFIX_PATH=/opt/ros/humble /usr/bin/cmake --build /home/mahmoud/ros2_ws3/build/cpp_pubsub -- -j12 -l12
[12.306s] Invoking command in '/home/mahmoud/ros2_ws3/build/cpp_pubsub': CMAKE_PREFIX_PATH=/opt/ros/humble /usr/bin/cmake --install /home/mahmoud/ros2_ws3/build/cpp_pubsub
[12.312s] -- Install configuration: ""
[12.313s] -- Installing: /home/mahmoud/ros2_ws3/install/cpp_pubsub/lib/cpp_pubsub/talker
[12.314s] -- Set runtime path of "/home/mahmoud/ros2_ws3/install/cpp_pubsub/lib/cpp_pubsub/talker" to ""
[12.314s] -- Up-to-date: /home/mahmoud/ros2_ws3/install/cpp_pubsub/lib/cpp_pubsub/talker
[12.314s] -- Installing: /home/mahmoud/ros2_ws3/install/cpp_pubsub/lib/cpp_pubsub/listener
[12.317s] -- Set runtime path of "/home/mahmoud/ros2_ws3/install/cpp_pubsub/lib/cpp_pubsub/listener" to ""
[12.317s] -- Installing: /home/mahmoud/ros2_ws3/install/cpp_pubsub/share/ament_index/resource_index/package_run_dependencies/cpp_pubsub
[12.318s] -- Installing: /home/mahmoud/ros2_ws3/install/cpp_pubsub/share/ament_index/resource_index/parent_prefix_path/cpp_pubsub
[12.319s] -- Installing: /home/mahmoud/ros2_ws3/install/cpp_pubsub/share/cpp_pubsub/environment/ament_prefix_path.sh
[12.319s] -- Installing: /home/mahmoud/ros2_ws3/install/cpp_pubsub/share/cpp_pubsub/environment/ament_prefix_path.dsv
[12.319s] -- Installing: /home/mahmoud/ros2_ws3/install/cpp_pubsub/share/cpp_pubsub/environment/path.sh
[12.319s] -- Installing: /home/mahmoud/ros2_ws3/install/cpp_pubsub/share/cpp_pubsub/environment/path.dsv
[12.319s] -- Installing: /home/mahmoud/ros2_ws3/install/cpp_pubsub/share/cpp_pubsub/local_setup.bash
[12.319s] -- Installing: /home/mahmoud/ros2_ws3/install/cpp_pubsub/share/cpp_pubsub/local_setup.sh
[12.320s] -- Installing: /home/mahmoud/ros2_ws3/install/cpp_pubsub/share/cpp_pubsub/local_setup.zsh
[12.320s] -- Installing: /home/mahmoud/ros2_ws3/install/cpp_pubsub/share/cpp_pubsub/local_setup.dsv
[12.320s] -- Installing: /home/mahmoud/ros2_ws3/install/cpp_pubsub/share/cpp_pubsub/package.dsv
[12.320s] -- Installing: /home/mahmoud/ros2_ws3/install/cpp_pubsub/share/ament_index/resource_index/packages/cpp_pubsub
[12.321s] -- Installing: /home/mahmoud/ros2_ws3/install/cpp_pubsub/share/cpp_pubsub/cmake/cpp_pubsubConfig.cmake
[12.321s] -- Installing: /home/mahmoud/ros2_ws3/install/cpp_pubsub/share/cpp_pubsub/cmake/cpp_pubsubConfig-version.cmake
[12.321s] -- Installing: /home/mahmoud/ros2_ws3/install/cpp_pubsub/share/cpp_pubsub/package.xml
[12.323s] Invoked command in '/home/mahmoud/ros2_ws3/build/cpp_pubsub' returned '0': CMAKE_PREFIX_PATH=/opt/ros/humble /usr/bin/cmake --install /home/mahmoud/ros2_ws3/build/cpp_pubsub
