[0.034s] Invoking command in '/home/mahmoud/ros2_ws3/build/tutorial_interfaces': CMAKE_PREFIX_PATH=${CMAKE_PREFIX_PATH}:/opt/ros/humble /usr/bin/cmake --build /home/mahmoud/ros2_ws3/build/tutorial_interfaces -- -j12 -l12
[0.092s] [35m[1mConsolidate compiler generated dependencies of target tutorial_interfaces__rosidl_generator_c[0m
[0.105s] [  1%] Built target tutorial_interfaces__cpp
[0.112s] [ 12%] Built target tutorial_interfaces__rosidl_generator_c
[0.131s] [35m[1mConsolidate compiler generated dependencies of target tutorial_interfaces__rosidl_typesupport_introspection_cpp[0m
[0.138s] [35m[1mConsolidate compiler generated dependencies of target tutorial_interfaces__rosidl_typesupport_fastrtps_cpp[0m
[0.138s] [35m[1mConsolidate compiler generated dependencies of target tutorial_interfaces__rosidl_typesupport_cpp[0m
[0.161s] [ 12%] Built target ament_cmake_python_copy_tutorial_interfaces
[0.161s] [35m[1mConsolidate compiler generated dependencies of target tutorial_interfaces__rosidl_typesupport_c[0m
[0.163s] [35m[1mConsolidate compiler generated dependencies of target tutorial_interfaces__rosidl_typesupport_introspection_c[0m
[0.164s] [35m[1mConsolidate compiler generated dependencies of target tutorial_interfaces__rosidl_typesupport_fastrtps_c[0m
[0.178s] [ 34%] Built target tutorial_interfaces__rosidl_typesupport_cpp
[0.178s] [ 34%] Built target tutorial_interfaces__rosidl_typesupport_introspection_cpp
[0.183s] [ 45%] Built target tutorial_interfaces__rosidl_typesupport_fastrtps_cpp
[0.187s] [ 56%] Built target tutorial_interfaces__rosidl_typesupport_introspection_c
[0.187s] [ 67%] Built target tutorial_interfaces__rosidl_typesupport_c
[0.195s] [ 78%] Built target tutorial_interfaces__rosidl_typesupport_fastrtps_c
[0.217s] [ 78%] Built target tutorial_interfaces
[0.246s] [ 80%] Built target tutorial_interfaces__py
[0.265s] [35m[1mConsolidate compiler generated dependencies of target tutorial_interfaces__rosidl_generator_py[0m
[0.286s] [ 89%] Built target tutorial_interfaces__rosidl_generator_py
[0.306s] [35m[1mConsolidate compiler generated dependencies of target tutorial_interfaces__rosidl_typesupport_introspection_c__pyext[0m
[0.307s] [35m[1mConsolidate compiler generated dependencies of target tutorial_interfaces__rosidl_typesupport_fastrtps_c__pyext[0m
[0.307s] [35m[1mConsolidate compiler generated dependencies of target tutorial_interfaces__rosidl_typesupport_c__pyext[0m
[0.323s] [ 92%] Built target tutorial_interfaces__rosidl_typesupport_introspection_c__pyext
[0.325s] [ 96%] Built target tutorial_interfaces__rosidl_typesupport_c__pyext
[0.328s] [100%] Built target tutorial_interfaces__rosidl_typesupport_fastrtps_c__pyext
[0.492s] running egg_info
[0.493s] writing tutorial_interfaces.egg-info/PKG-INFO
[0.494s] writing dependency_links to tutorial_interfaces.egg-info/dependency_links.txt
[0.494s] writing top-level names to tutorial_interfaces.egg-info/top_level.txt
[0.496s] reading manifest file 'tutorial_interfaces.egg-info/SOURCES.txt'
[0.497s] writing manifest file 'tutorial_interfaces.egg-info/SOURCES.txt'
[0.525s] [100%] Built target ament_cmake_python_build_tutorial_interfaces_egg
