[0.014s] Invoking command in '/home/mahmoud/ros2_ws3/build/tutorial_interfaces': CMAKE_PREFIX_PATH=/opt/ros/humble /usr/bin/cmake /home/mahmoud/ros2_ws3/src/tutorial_interfaces -DCMAKE_INSTALL_PREFIX=/home/mahmoud/ros2_ws3/install/tutorial_interfaces
[0.260s] -- The C compiler identification is GNU 11.4.0
[0.620s] -- The CXX compiler identification is GNU 11.4.0
[0.833s] -- Detecting C compiler ABI info
[0.946s] -- Detecting C compiler ABI info - done
[0.952s] -- Check for working C compiler: /usr/bin/cc - skipped
[0.954s] -- Detecting C compile features
[0.956s] -- Detecting C compile features - done
[0.962s] -- Detecting CXX compiler ABI info
[1.083s] -- Detecting CXX compiler ABI info - done
[1.089s] -- Check for working CXX compiler: /usr/bin/c++ - skipped
[1.090s] -- Detecting CXX compile features
[1.090s] -- Detecting CXX compile features - done
[1.106s] -- Found ament_cmake: 1.3.11 (/opt/ros/humble/share/ament_cmake/cmake)
[1.236s] -- Found Python3: /usr/bin/python3 (found version "3.10.12") found components: Interpreter 
[1.345s] -- Found geometry_msgs: 4.8.0 (/opt/ros/humble/share/geometry_msgs/cmake)
[1.470s] -- Found rosidl_generator_c: 3.1.6 (/opt/ros/humble/share/rosidl_generator_c/cmake)
[1.475s] -- Found rosidl_adapter: 3.1.6 (/opt/ros/humble/share/rosidl_adapter/cmake)
[1.486s] -- Found rosidl_generator_cpp: 3.1.6 (/opt/ros/humble/share/rosidl_generator_cpp/cmake)
[1.504s] -- Using all available rosidl_typesupport_c: rosidl_typesupport_fastrtps_c;rosidl_typesupport_introspection_c
[1.525s] -- Using all available rosidl_typesupport_cpp: rosidl_typesupport_fastrtps_cpp;rosidl_typesupport_introspection_cpp
[1.578s] -- Found rosidl_default_generators: 1.2.0 (/opt/ros/humble/share/rosidl_default_generators/cmake)
[1.852s] -- Found ament_cmake_ros: 0.10.0 (/opt/ros/humble/share/ament_cmake_ros/cmake)
[2.210s] -- Using all available rosidl_typesupport_c: rosidl_typesupport_fastrtps_c;rosidl_typesupport_introspection_c
[2.345s] -- Using all available rosidl_typesupport_cpp: rosidl_typesupport_fastrtps_cpp;rosidl_typesupport_introspection_cpp
[2.438s] -- Found PythonInterp: /usr/bin/python3 (found suitable version "3.10.12", minimum required is "3.6") 
[2.440s] -- Found python_cmake_module: 0.10.0 (/opt/ros/humble/share/python_cmake_module/cmake)
[2.697s] -- Found PythonLibs: /usr/lib/x86_64-linux-gnu/libpython3.10.so (found suitable version "3.10.12", minimum required is "3.5") 
[2.697s] -- Using PYTHON_EXECUTABLE: /usr/bin/python3
[2.697s] -- Using PYTHON_INCLUDE_DIRS: /usr/include/python3.10
[2.697s] -- Using PYTHON_LIBRARIES: /usr/lib/x86_64-linux-gnu/libpython3.10.so
[2.714s] -- Found PythonExtra: .so  
[2.793s] -- Found ament_lint_auto: 0.12.12 (/opt/ros/humble/share/ament_lint_auto/cmake)
[2.822s] -- Added test 'lint_cmake' to check CMake code style
[2.825s] -- Added test 'xmllint' to check XML markup files
[2.830s] -- Configuring done
[2.881s] -- Generating done
[2.891s] -- Build files have been written to: /home/mahmoud/ros2_ws3/build/tutorial_interfaces
[2.900s] Invoked command in '/home/mahmoud/ros2_ws3/build/tutorial_interfaces' returned '0': CMAKE_PREFIX_PATH=/opt/ros/humble /usr/bin/cmake /home/mahmoud/ros2_ws3/src/tutorial_interfaces -DCMAKE_INSTALL_PREFIX=/home/mahmoud/ros2_ws3/install/tutorial_interfaces
[2.900s] Invoking command in '/home/mahmoud/ros2_ws3/build/tutorial_interfaces': CMAKE_PREFIX_PATH=/opt/ros/humble /usr/bin/cmake --build /home/mahmoud/ros2_ws3/build/tutorial_interfaces -- -j12 -l12
[2.931s] [  2%] [34m[1mGenerating C code for ROS interfaces[0m
[2.941s] [  4%] [34m[1mGenerating C++ code for ROS interfaces[0m
[2.949s] [  4%] Built target ament_cmake_python_copy_tutorial_interfaces
[3.174s] running egg_info
[3.175s] creating tutorial_interfaces.egg-info
[3.175s] writing tutorial_interfaces.egg-info/PKG-INFO
[3.175s] writing dependency_links to tutorial_interfaces.egg-info/dependency_links.txt
[3.175s] writing top-level names to tutorial_interfaces.egg-info/top_level.txt
[3.176s] writing manifest file 'tutorial_interfaces.egg-info/SOURCES.txt'
[3.178s] reading manifest file 'tutorial_interfaces.egg-info/SOURCES.txt'
[3.178s] writing manifest file 'tutorial_interfaces.egg-info/SOURCES.txt'
[3.201s] [  4%] Built target ament_cmake_python_build_tutorial_interfaces_egg
[3.286s] [  4%] Built target tutorial_interfaces__cpp
[3.295s] [  8%] [34m[1mGenerating C++ type support for eProsima Fast-RTPS[0m
[3.295s] [  8%] [34m[1mGenerating C++ type support dispatch for ROS interfaces[0m
[3.295s] [ 10%] [34m[1mGenerating C++ introspection for ROS interfaces[0m
[3.329s] [ 12%] [32mBuilding C object CMakeFiles/tutorial_interfaces__rosidl_generator_c.dir/rosidl_generator_c/tutorial_interfaces/msg/detail/num__functions.c.o[0m
[3.331s] [ 17%] [32mBuilding C object CMakeFiles/tutorial_interfaces__rosidl_generator_c.dir/rosidl_generator_c/tutorial_interfaces/srv/detail/add_three_ints__functions.c.o[0m
[3.332s] [ 17%] [32mBuilding C object CMakeFiles/tutorial_interfaces__rosidl_generator_c.dir/rosidl_generator_c/tutorial_interfaces/msg/detail/sphere__functions.c.o[0m
[3.417s] [ 19%] [32m[1mLinking C shared library libtutorial_interfaces__rosidl_generator_c.so[0m
[3.498s] [ 19%] Built target tutorial_interfaces__rosidl_generator_c
[3.507s] [ 21%] [34m[1mGenerating C type support for eProsima Fast-RTPS[0m
[3.507s] [ 23%] [34m[1mGenerating C type support dispatch for ROS interfaces[0m
[3.508s] [ 25%] [34m[1mGenerating C introspection for ROS interfaces[0m
[3.585s] [ 31%] [32mBuilding CXX object CMakeFiles/tutorial_interfaces__rosidl_typesupport_cpp.dir/rosidl_typesupport_cpp/tutorial_interfaces/msg/num__type_support.cpp.o[0m
[3.585s] [ 31%] [32mBuilding CXX object CMakeFiles/tutorial_interfaces__rosidl_typesupport_cpp.dir/rosidl_typesupport_cpp/tutorial_interfaces/srv/add_three_ints__type_support.cpp.o[0m
[3.585s] [ 31%] [32mBuilding CXX object CMakeFiles/tutorial_interfaces__rosidl_typesupport_cpp.dir/rosidl_typesupport_cpp/tutorial_interfaces/msg/sphere__type_support.cpp.o[0m
[3.648s] [ 34%] [32mBuilding CXX object CMakeFiles/tutorial_interfaces__rosidl_typesupport_introspection_cpp.dir/rosidl_typesupport_introspection_cpp/tutorial_interfaces/msg/detail/sphere__type_support.cpp.o[0m
[3.649s] [ 36%] [32mBuilding CXX object CMakeFiles/tutorial_interfaces__rosidl_typesupport_introspection_cpp.dir/rosidl_typesupport_introspection_cpp/tutorial_interfaces/msg/detail/num__type_support.cpp.o[0m
[3.649s] [ 38%] [32mBuilding CXX object CMakeFiles/tutorial_interfaces__rosidl_typesupport_introspection_cpp.dir/rosidl_typesupport_introspection_cpp/tutorial_interfaces/srv/detail/add_three_ints__type_support.cpp.o[0m
[3.662s] [ 40%] [32mBuilding CXX object CMakeFiles/tutorial_interfaces__rosidl_typesupport_fastrtps_cpp.dir/rosidl_typesupport_fastrtps_cpp/tutorial_interfaces/msg/detail/dds_fastrtps/sphere__type_support.cpp.o[0m
[3.663s] [ 42%] [32mBuilding CXX object CMakeFiles/tutorial_interfaces__rosidl_typesupport_fastrtps_cpp.dir/rosidl_typesupport_fastrtps_cpp/tutorial_interfaces/msg/detail/dds_fastrtps/num__type_support.cpp.o[0m
[3.664s] [ 44%] [32mBuilding CXX object CMakeFiles/tutorial_interfaces__rosidl_typesupport_fastrtps_cpp.dir/rosidl_typesupport_fastrtps_cpp/tutorial_interfaces/srv/detail/dds_fastrtps/add_three_ints__type_support.cpp.o[0m
[3.952s] [ 46%] [32mBuilding CXX object CMakeFiles/tutorial_interfaces__rosidl_typesupport_c.dir/rosidl_typesupport_c/tutorial_interfaces/msg/num__type_support.cpp.o[0m
[4.004s] [ 48%] [32mBuilding CXX object CMakeFiles/tutorial_interfaces__rosidl_typesupport_c.dir/rosidl_typesupport_c/tutorial_interfaces/msg/sphere__type_support.cpp.o[0m
[4.046s] [ 51%] [32mBuilding CXX object CMakeFiles/tutorial_interfaces__rosidl_typesupport_c.dir/rosidl_typesupport_c/tutorial_interfaces/srv/add_three_ints__type_support.cpp.o[0m
[4.076s] [ 53%] [32mBuilding C object CMakeFiles/tutorial_interfaces__rosidl_typesupport_introspection_c.dir/rosidl_typesupport_introspection_c/tutorial_interfaces/msg/detail/num__type_support.c.o[0m
[4.089s] [ 55%] [32mBuilding CXX object CMakeFiles/tutorial_interfaces__rosidl_typesupport_fastrtps_c.dir/rosidl_typesupport_fastrtps_c/tutorial_interfaces/msg/detail/num__type_support_c.cpp.o[0m
[4.100s] [ 57%] [32mBuilding C object CMakeFiles/tutorial_interfaces__rosidl_typesupport_introspection_c.dir/rosidl_typesupport_introspection_c/tutorial_interfaces/msg/detail/sphere__type_support.c.o[0m
[4.100s] [ 59%] [32m[1mLinking CXX shared library libtutorial_interfaces__rosidl_typesupport_c.so[0m
[4.100s] [ 61%] [32mBuilding CXX object CMakeFiles/tutorial_interfaces__rosidl_typesupport_fastrtps_c.dir/rosidl_typesupport_fastrtps_c/tutorial_interfaces/msg/detail/sphere__type_support_c.cpp.o[0m
[4.109s] [ 63%] [32m[1mLinking CXX shared library libtutorial_interfaces__rosidl_typesupport_cpp.so[0m
[4.129s] [ 65%] [32mBuilding C object CMakeFiles/tutorial_interfaces__rosidl_typesupport_introspection_c.dir/rosidl_typesupport_introspection_c/tutorial_interfaces/srv/detail/add_three_ints__type_support.c.o[0m
[4.157s] [ 68%] [32mBuilding CXX object CMakeFiles/tutorial_interfaces__rosidl_typesupport_fastrtps_c.dir/rosidl_typesupport_fastrtps_c/tutorial_interfaces/srv/detail/add_three_ints__type_support_c.cpp.o[0m
[4.188s] [ 70%] [32m[1mLinking C shared library libtutorial_interfaces__rosidl_typesupport_introspection_c.so[0m
[4.252s] [ 70%] Built target tutorial_interfaces__rosidl_typesupport_c
[4.303s] [ 70%] Built target tutorial_interfaces__rosidl_typesupport_cpp
[4.331s] [ 70%] Built target tutorial_interfaces__rosidl_typesupport_introspection_c
[4.338s] [ 72%] [32m[1mLinking CXX shared library libtutorial_interfaces__rosidl_typesupport_introspection_cpp.so[0m
[4.353s] [ 74%] [32m[1mLinking CXX shared library libtutorial_interfaces__rosidl_typesupport_fastrtps_cpp.so[0m
[4.461s] [ 74%] Built target tutorial_interfaces__rosidl_typesupport_introspection_cpp
[4.487s] [ 74%] Built target tutorial_interfaces__rosidl_typesupport_fastrtps_cpp
[4.599s] [ 76%] [32m[1mLinking CXX shared library libtutorial_interfaces__rosidl_typesupport_fastrtps_c.so[0m
[4.710s] [ 76%] Built target tutorial_interfaces__rosidl_typesupport_fastrtps_c
[4.725s] [ 76%] Built target tutorial_interfaces
[4.750s] [ 78%] [34m[1mGenerating Python code for ROS interfaces[0m
[5.209s] [ 78%] Built target tutorial_interfaces__py
[5.225s] [ 80%] [32mBuilding C object CMakeFiles/tutorial_interfaces__rosidl_generator_py.dir/rosidl_generator_py/tutorial_interfaces/msg/_num_s.c.o[0m
[5.225s] [ 82%] [32mBuilding C object CMakeFiles/tutorial_interfaces__rosidl_generator_py.dir/rosidl_generator_py/tutorial_interfaces/msg/_sphere_s.c.o[0m
[5.225s] [ 85%] [32mBuilding C object CMakeFiles/tutorial_interfaces__rosidl_generator_py.dir/rosidl_generator_py/tutorial_interfaces/srv/_add_three_ints_s.c.o[0m
[5.361s] [ 87%] [32m[1mLinking C shared library rosidl_generator_py/tutorial_interfaces/libtutorial_interfaces__rosidl_generator_py.so[0m
[5.461s] [ 87%] Built target tutorial_interfaces__rosidl_generator_py
[5.478s] [ 93%] [32mBuilding C object CMakeFiles/tutorial_interfaces__rosidl_typesupport_fastrtps_c__pyext.dir/rosidl_generator_py/tutorial_interfaces/_tutorial_interfaces_s.ep.rosidl_typesupport_fastrtps_c.c.o[0m
[5.478s] [ 93%] [32mBuilding C object CMakeFiles/tutorial_interfaces__rosidl_typesupport_introspection_c__pyext.dir/rosidl_generator_py/tutorial_interfaces/_tutorial_interfaces_s.ep.rosidl_typesupport_introspection_c.c.o[0m
[5.478s] [ 93%] [32mBuilding C object CMakeFiles/tutorial_interfaces__rosidl_typesupport_c__pyext.dir/rosidl_generator_py/tutorial_interfaces/_tutorial_interfaces_s.ep.rosidl_typesupport_c.c.o[0m
[5.572s] [100%] [32m[1mLinking C shared library rosidl_generator_py/tutorial_interfaces/tutorial_interfaces_s__rosidl_typesupport_fastrtps_c.cpython-310-x86_64-linux-gnu.so[0m
[5.572s] [100%] [32m[1mLinking C shared library rosidl_generator_py/tutorial_interfaces/tutorial_interfaces_s__rosidl_typesupport_c.cpython-310-x86_64-linux-gnu.so[0m
[5.572s] [100%] [32m[1mLinking C shared library rosidl_generator_py/tutorial_interfaces/tutorial_interfaces_s__rosidl_typesupport_introspection_c.cpython-310-x86_64-linux-gnu.so[0m
[5.641s] [100%] Built target tutorial_interfaces__rosidl_typesupport_c__pyext
[5.641s] [100%] Built target tutorial_interfaces__rosidl_typesupport_fastrtps_c__pyext
[5.642s] [100%] Built target tutorial_interfaces__rosidl_typesupport_introspection_c__pyext
[5.653s] Invoked command in '/home/mahmoud/ros2_ws3/build/tutorial_interfaces' returned '0': CMAKE_PREFIX_PATH=/opt/ros/humble /usr/bin/cmake --build /home/mahmoud/ros2_ws3/build/tutorial_interfaces -- -j12 -l12
[5.661s] Invoking command in '/home/mahmoud/ros2_ws3/build/tutorial_interfaces': CMAKE_PREFIX_PATH=/opt/ros/humble /usr/bin/cmake --install /home/mahmoud/ros2_ws3/build/tutorial_interfaces
[5.666s] -- Install configuration: ""
[5.667s] -- Installing: /home/mahmoud/ros2_ws3/install/tutorial_interfaces/share/ament_index/resource_index/rosidl_interfaces/tutorial_interfaces
[5.667s] -- Installing: /home/mahmoud/ros2_ws3/install/tutorial_interfaces/include/tutorial_interfaces/tutorial_interfaces
[5.668s] -- Installing: /home/mahmoud/ros2_ws3/install/tutorial_interfaces/include/tutorial_interfaces/tutorial_interfaces/srv
[5.668s] -- Installing: /home/mahmoud/ros2_ws3/install/tutorial_interfaces/include/tutorial_interfaces/tutorial_interfaces/srv/detail
[5.668s] -- Installing: /home/mahmoud/ros2_ws3/install/tutorial_interfaces/include/tutorial_interfaces/tutorial_interfaces/srv/detail/add_three_ints__functions.h
[5.669s] -- Installing: /home/mahmoud/ros2_ws3/install/tutorial_interfaces/include/tutorial_interfaces/tutorial_interfaces/srv/detail/add_three_ints__functions.c
[5.669s] -- Installing: /home/mahmoud/ros2_ws3/install/tutorial_interfaces/include/tutorial_interfaces/tutorial_interfaces/srv/detail/add_three_ints__type_support.h
[5.669s] -- Installing: /home/mahmoud/ros2_ws3/install/tutorial_interfaces/include/tutorial_interfaces/tutorial_interfaces/srv/detail/add_three_ints__struct.h
[5.669s] -- Installing: /home/mahmoud/ros2_ws3/install/tutorial_interfaces/include/tutorial_interfaces/tutorial_interfaces/srv/add_three_ints.h
[5.669s] -- Installing: /home/mahmoud/ros2_ws3/install/tutorial_interfaces/include/tutorial_interfaces/tutorial_interfaces/msg
[5.669s] -- Installing: /home/mahmoud/ros2_ws3/install/tutorial_interfaces/include/tutorial_interfaces/tutorial_interfaces/msg/rosidl_generator_c__visibility_control.h
[5.669s] -- Installing: /home/mahmoud/ros2_ws3/install/tutorial_interfaces/include/tutorial_interfaces/tutorial_interfaces/msg/detail
[5.669s] -- Installing: /home/mahmoud/ros2_ws3/install/tutorial_interfaces/include/tutorial_interfaces/tutorial_interfaces/msg/detail/num__struct.h
[5.670s] -- Installing: /home/mahmoud/ros2_ws3/install/tutorial_interfaces/include/tutorial_interfaces/tutorial_interfaces/msg/detail/sphere__functions.h
[5.670s] -- Installing: /home/mahmoud/ros2_ws3/install/tutorial_interfaces/include/tutorial_interfaces/tutorial_interfaces/msg/detail/num__functions.h
[5.670s] -- Installing: /home/mahmoud/ros2_ws3/install/tutorial_interfaces/include/tutorial_interfaces/tutorial_interfaces/msg/detail/sphere__struct.h
[5.670s] -- Installing: /home/mahmoud/ros2_ws3/install/tutorial_interfaces/include/tutorial_interfaces/tutorial_interfaces/msg/detail/sphere__functions.c
[5.670s] -- Installing: /home/mahmoud/ros2_ws3/install/tutorial_interfaces/include/tutorial_interfaces/tutorial_interfaces/msg/detail/num__functions.c
[5.670s] -- Installing: /home/mahmoud/ros2_ws3/install/tutorial_interfaces/include/tutorial_interfaces/tutorial_interfaces/msg/detail/num__type_support.h
[5.670s] -- Installing: /home/mahmoud/ros2_ws3/install/tutorial_interfaces/include/tutorial_interfaces/tutorial_interfaces/msg/detail/sphere__type_support.h
[5.671s] -- Installing: /home/mahmoud/ros2_ws3/install/tutorial_interfaces/include/tutorial_interfaces/tutorial_interfaces/msg/sphere.h
[5.671s] -- Installing: /home/mahmoud/ros2_ws3/install/tutorial_interfaces/include/tutorial_interfaces/tutorial_interfaces/msg/num.h
[5.671s] -- Installing: /home/mahmoud/ros2_ws3/install/tutorial_interfaces/share/tutorial_interfaces/environment/library_path.sh
[5.671s] -- Installing: /home/mahmoud/ros2_ws3/install/tutorial_interfaces/share/tutorial_interfaces/environment/library_path.dsv
[5.671s] -- Installing: /home/mahmoud/ros2_ws3/install/tutorial_interfaces/lib/libtutorial_interfaces__rosidl_generator_c.so
[5.672s] -- Set runtime path of "/home/mahmoud/ros2_ws3/install/tutorial_interfaces/lib/libtutorial_interfaces__rosidl_generator_c.so" to ""
[5.672s] -- Up-to-date: /home/mahmoud/ros2_ws3/install/tutorial_interfaces/include/tutorial_interfaces/tutorial_interfaces
[5.672s] -- Up-to-date: /home/mahmoud/ros2_ws3/install/tutorial_interfaces/include/tutorial_interfaces/tutorial_interfaces/srv
[5.672s] -- Up-to-date: /home/mahmoud/ros2_ws3/install/tutorial_interfaces/include/tutorial_interfaces/tutorial_interfaces/srv/detail
[5.672s] -- Installing: /home/mahmoud/ros2_ws3/install/tutorial_interfaces/include/tutorial_interfaces/tutorial_interfaces/srv/detail/add_three_ints__rosidl_typesupport_fastrtps_c.h
[5.672s] -- Up-to-date: /home/mahmoud/ros2_ws3/install/tutorial_interfaces/include/tutorial_interfaces/tutorial_interfaces/msg
[5.672s] -- Up-to-date: /home/mahmoud/ros2_ws3/install/tutorial_interfaces/include/tutorial_interfaces/tutorial_interfaces/msg/detail
[5.672s] -- Installing: /home/mahmoud/ros2_ws3/install/tutorial_interfaces/include/tutorial_interfaces/tutorial_interfaces/msg/detail/num__rosidl_typesupport_fastrtps_c.h
[5.673s] -- Installing: /home/mahmoud/ros2_ws3/install/tutorial_interfaces/include/tutorial_interfaces/tutorial_interfaces/msg/detail/sphere__rosidl_typesupport_fastrtps_c.h
[5.673s] -- Installing: /home/mahmoud/ros2_ws3/install/tutorial_interfaces/include/tutorial_interfaces/tutorial_interfaces/msg/rosidl_typesupport_fastrtps_c__visibility_control.h
[5.673s] -- Installing: /home/mahmoud/ros2_ws3/install/tutorial_interfaces/lib/libtutorial_interfaces__rosidl_typesupport_fastrtps_c.so
[5.673s] -- Set runtime path of "/home/mahmoud/ros2_ws3/install/tutorial_interfaces/lib/libtutorial_interfaces__rosidl_typesupport_fastrtps_c.so" to ""
[5.673s] -- Up-to-date: /home/mahmoud/ros2_ws3/install/tutorial_interfaces/include/tutorial_interfaces/tutorial_interfaces
[5.673s] -- Up-to-date: /home/mahmoud/ros2_ws3/install/tutorial_interfaces/include/tutorial_interfaces/tutorial_interfaces/srv
[5.674s] -- Installing: /home/mahmoud/ros2_ws3/install/tutorial_interfaces/include/tutorial_interfaces/tutorial_interfaces/srv/add_three_ints.hpp
[5.674s] -- Up-to-date: /home/mahmoud/ros2_ws3/install/tutorial_interfaces/include/tutorial_interfaces/tutorial_interfaces/srv/detail
[5.674s] -- Installing: /home/mahmoud/ros2_ws3/install/tutorial_interfaces/include/tutorial_interfaces/tutorial_interfaces/srv/detail/add_three_ints__type_support.hpp
[5.674s] -- Installing: /home/mahmoud/ros2_ws3/install/tutorial_interfaces/include/tutorial_interfaces/tutorial_interfaces/srv/detail/add_three_ints__struct.hpp
[5.674s] -- Installing: /home/mahmoud/ros2_ws3/install/tutorial_interfaces/include/tutorial_interfaces/tutorial_interfaces/srv/detail/add_three_ints__traits.hpp
[5.674s] -- Installing: /home/mahmoud/ros2_ws3/install/tutorial_interfaces/include/tutorial_interfaces/tutorial_interfaces/srv/detail/add_three_ints__builder.hpp
[5.674s] -- Up-to-date: /home/mahmoud/ros2_ws3/install/tutorial_interfaces/include/tutorial_interfaces/tutorial_interfaces/msg
[5.675s] -- Up-to-date: /home/mahmoud/ros2_ws3/install/tutorial_interfaces/include/tutorial_interfaces/tutorial_interfaces/msg/detail
[5.675s] -- Installing: /home/mahmoud/ros2_ws3/install/tutorial_interfaces/include/tutorial_interfaces/tutorial_interfaces/msg/detail/num__traits.hpp
[5.675s] -- Installing: /home/mahmoud/ros2_ws3/install/tutorial_interfaces/include/tutorial_interfaces/tutorial_interfaces/msg/detail/num__builder.hpp
[5.675s] -- Installing: /home/mahmoud/ros2_ws3/install/tutorial_interfaces/include/tutorial_interfaces/tutorial_interfaces/msg/detail/sphere__builder.hpp
[5.675s] -- Installing: /home/mahmoud/ros2_ws3/install/tutorial_interfaces/include/tutorial_interfaces/tutorial_interfaces/msg/detail/num__type_support.hpp
[5.675s] -- Installing: /home/mahmoud/ros2_ws3/install/tutorial_interfaces/include/tutorial_interfaces/tutorial_interfaces/msg/detail/sphere__type_support.hpp
[5.676s] -- Installing: /home/mahmoud/ros2_ws3/install/tutorial_interfaces/include/tutorial_interfaces/tutorial_interfaces/msg/detail/sphere__traits.hpp
[5.676s] -- Installing: /home/mahmoud/ros2_ws3/install/tutorial_interfaces/include/tutorial_interfaces/tutorial_interfaces/msg/detail/sphere__struct.hpp
[5.676s] -- Installing: /home/mahmoud/ros2_ws3/install/tutorial_interfaces/include/tutorial_interfaces/tutorial_interfaces/msg/detail/num__struct.hpp
[5.676s] -- Installing: /home/mahmoud/ros2_ws3/install/tutorial_interfaces/include/tutorial_interfaces/tutorial_interfaces/msg/num.hpp
[5.676s] -- Installing: /home/mahmoud/ros2_ws3/install/tutorial_interfaces/include/tutorial_interfaces/tutorial_interfaces/msg/rosidl_generator_cpp__visibility_control.hpp
[5.676s] -- Installing: /home/mahmoud/ros2_ws3/install/tutorial_interfaces/include/tutorial_interfaces/tutorial_interfaces/msg/sphere.hpp
[5.676s] -- Up-to-date: /home/mahmoud/ros2_ws3/install/tutorial_interfaces/include/tutorial_interfaces/tutorial_interfaces
[5.677s] -- Up-to-date: /home/mahmoud/ros2_ws3/install/tutorial_interfaces/include/tutorial_interfaces/tutorial_interfaces/srv
[5.677s] -- Up-to-date: /home/mahmoud/ros2_ws3/install/tutorial_interfaces/include/tutorial_interfaces/tutorial_interfaces/srv/detail
[5.677s] -- Installing: /home/mahmoud/ros2_ws3/install/tutorial_interfaces/include/tutorial_interfaces/tutorial_interfaces/srv/detail/add_three_ints__rosidl_typesupport_fastrtps_cpp.hpp
[5.677s] -- Installing: /home/mahmoud/ros2_ws3/install/tutorial_interfaces/include/tutorial_interfaces/tutorial_interfaces/srv/detail/dds_fastrtps
[5.677s] -- Up-to-date: /home/mahmoud/ros2_ws3/install/tutorial_interfaces/include/tutorial_interfaces/tutorial_interfaces/msg
[5.677s] -- Installing: /home/mahmoud/ros2_ws3/install/tutorial_interfaces/include/tutorial_interfaces/tutorial_interfaces/msg/rosidl_typesupport_fastrtps_cpp__visibility_control.h
[5.677s] -- Up-to-date: /home/mahmoud/ros2_ws3/install/tutorial_interfaces/include/tutorial_interfaces/tutorial_interfaces/msg/detail
[5.678s] -- Installing: /home/mahmoud/ros2_ws3/install/tutorial_interfaces/include/tutorial_interfaces/tutorial_interfaces/msg/detail/sphere__rosidl_typesupport_fastrtps_cpp.hpp
[5.678s] -- Installing: /home/mahmoud/ros2_ws3/install/tutorial_interfaces/include/tutorial_interfaces/tutorial_interfaces/msg/detail/num__rosidl_typesupport_fastrtps_cpp.hpp
[5.678s] -- Installing: /home/mahmoud/ros2_ws3/install/tutorial_interfaces/include/tutorial_interfaces/tutorial_interfaces/msg/detail/dds_fastrtps
[5.678s] -- Installing: /home/mahmoud/ros2_ws3/install/tutorial_interfaces/lib/libtutorial_interfaces__rosidl_typesupport_fastrtps_cpp.so
[5.678s] -- Set runtime path of "/home/mahmoud/ros2_ws3/install/tutorial_interfaces/lib/libtutorial_interfaces__rosidl_typesupport_fastrtps_cpp.so" to ""
[5.678s] -- Up-to-date: /home/mahmoud/ros2_ws3/install/tutorial_interfaces/include/tutorial_interfaces/tutorial_interfaces
[5.679s] -- Up-to-date: /home/mahmoud/ros2_ws3/install/tutorial_interfaces/include/tutorial_interfaces/tutorial_interfaces/srv
[5.679s] -- Up-to-date: /home/mahmoud/ros2_ws3/install/tutorial_interfaces/include/tutorial_interfaces/tutorial_interfaces/srv/detail
[5.679s] -- Installing: /home/mahmoud/ros2_ws3/install/tutorial_interfaces/include/tutorial_interfaces/tutorial_interfaces/srv/detail/add_three_ints__type_support.c
[5.679s] -- Installing: /home/mahmoud/ros2_ws3/install/tutorial_interfaces/include/tutorial_interfaces/tutorial_interfaces/srv/detail/add_three_ints__rosidl_typesupport_introspection_c.h
[5.679s] -- Up-to-date: /home/mahmoud/ros2_ws3/install/tutorial_interfaces/include/tutorial_interfaces/tutorial_interfaces/msg
[5.679s] -- Up-to-date: /home/mahmoud/ros2_ws3/install/tutorial_interfaces/include/tutorial_interfaces/tutorial_interfaces/msg/detail
[5.679s] -- Installing: /home/mahmoud/ros2_ws3/install/tutorial_interfaces/include/tutorial_interfaces/tutorial_interfaces/msg/detail/sphere__rosidl_typesupport_introspection_c.h
[5.680s] -- Installing: /home/mahmoud/ros2_ws3/install/tutorial_interfaces/include/tutorial_interfaces/tutorial_interfaces/msg/detail/num__rosidl_typesupport_introspection_c.h
[5.680s] -- Installing: /home/mahmoud/ros2_ws3/install/tutorial_interfaces/include/tutorial_interfaces/tutorial_interfaces/msg/detail/sphere__type_support.c
[5.680s] -- Installing: /home/mahmoud/ros2_ws3/install/tutorial_interfaces/include/tutorial_interfaces/tutorial_interfaces/msg/detail/num__type_support.c
[5.680s] -- Installing: /home/mahmoud/ros2_ws3/install/tutorial_interfaces/include/tutorial_interfaces/tutorial_interfaces/msg/rosidl_typesupport_introspection_c__visibility_control.h
[5.680s] -- Installing: /home/mahmoud/ros2_ws3/install/tutorial_interfaces/lib/libtutorial_interfaces__rosidl_typesupport_introspection_c.so
[5.680s] -- Set runtime path of "/home/mahmoud/ros2_ws3/install/tutorial_interfaces/lib/libtutorial_interfaces__rosidl_typesupport_introspection_c.so" to ""
[5.681s] -- Installing: /home/mahmoud/ros2_ws3/install/tutorial_interfaces/lib/libtutorial_interfaces__rosidl_typesupport_c.so
[5.681s] -- Set runtime path of "/home/mahmoud/ros2_ws3/install/tutorial_interfaces/lib/libtutorial_interfaces__rosidl_typesupport_c.so" to ""
[5.681s] -- Up-to-date: /home/mahmoud/ros2_ws3/install/tutorial_interfaces/include/tutorial_interfaces/tutorial_interfaces
[5.681s] -- Up-to-date: /home/mahmoud/ros2_ws3/install/tutorial_interfaces/include/tutorial_interfaces/tutorial_interfaces/srv
[5.681s] -- Up-to-date: /home/mahmoud/ros2_ws3/install/tutorial_interfaces/include/tutorial_interfaces/tutorial_interfaces/srv/detail
[5.681s] -- Installing: /home/mahmoud/ros2_ws3/install/tutorial_interfaces/include/tutorial_interfaces/tutorial_interfaces/srv/detail/add_three_ints__rosidl_typesupport_introspection_cpp.hpp
[5.681s] -- Installing: /home/mahmoud/ros2_ws3/install/tutorial_interfaces/include/tutorial_interfaces/tutorial_interfaces/srv/detail/add_three_ints__type_support.cpp
[5.681s] -- Up-to-date: /home/mahmoud/ros2_ws3/install/tutorial_interfaces/include/tutorial_interfaces/tutorial_interfaces/msg
[5.681s] -- Up-to-date: /home/mahmoud/ros2_ws3/install/tutorial_interfaces/include/tutorial_interfaces/tutorial_interfaces/msg/detail
[5.681s] -- Installing: /home/mahmoud/ros2_ws3/install/tutorial_interfaces/include/tutorial_interfaces/tutorial_interfaces/msg/detail/sphere__rosidl_typesupport_introspection_cpp.hpp
[5.682s] -- Installing: /home/mahmoud/ros2_ws3/install/tutorial_interfaces/include/tutorial_interfaces/tutorial_interfaces/msg/detail/num__type_support.cpp
[5.682s] -- Installing: /home/mahmoud/ros2_ws3/install/tutorial_interfaces/include/tutorial_interfaces/tutorial_interfaces/msg/detail/num__rosidl_typesupport_introspection_cpp.hpp
[5.682s] -- Installing: /home/mahmoud/ros2_ws3/install/tutorial_interfaces/include/tutorial_interfaces/tutorial_interfaces/msg/detail/sphere__type_support.cpp
[5.682s] -- Installing: /home/mahmoud/ros2_ws3/install/tutorial_interfaces/lib/libtutorial_interfaces__rosidl_typesupport_introspection_cpp.so
[5.682s] -- Set runtime path of "/home/mahmoud/ros2_ws3/install/tutorial_interfaces/lib/libtutorial_interfaces__rosidl_typesupport_introspection_cpp.so" to ""
[5.683s] -- Installing: /home/mahmoud/ros2_ws3/install/tutorial_interfaces/lib/libtutorial_interfaces__rosidl_typesupport_cpp.so
[5.683s] -- Set runtime path of "/home/mahmoud/ros2_ws3/install/tutorial_interfaces/lib/libtutorial_interfaces__rosidl_typesupport_cpp.so" to ""
[5.683s] -- Installing: /home/mahmoud/ros2_ws3/install/tutorial_interfaces/share/tutorial_interfaces/environment/pythonpath.sh
[5.683s] -- Installing: /home/mahmoud/ros2_ws3/install/tutorial_interfaces/share/tutorial_interfaces/environment/pythonpath.dsv
[5.683s] -- Installing: /home/mahmoud/ros2_ws3/install/tutorial_interfaces/local/lib/python3.10/dist-packages/tutorial_interfaces-0.0.0-py3.10.egg-info
[5.684s] -- Installing: /home/mahmoud/ros2_ws3/install/tutorial_interfaces/local/lib/python3.10/dist-packages/tutorial_interfaces-0.0.0-py3.10.egg-info/top_level.txt
[5.684s] -- Installing: /home/mahmoud/ros2_ws3/install/tutorial_interfaces/local/lib/python3.10/dist-packages/tutorial_interfaces-0.0.0-py3.10.egg-info/SOURCES.txt
[5.684s] -- Installing: /home/mahmoud/ros2_ws3/install/tutorial_interfaces/local/lib/python3.10/dist-packages/tutorial_interfaces-0.0.0-py3.10.egg-info/PKG-INFO
[5.684s] -- Installing: /home/mahmoud/ros2_ws3/install/tutorial_interfaces/local/lib/python3.10/dist-packages/tutorial_interfaces-0.0.0-py3.10.egg-info/dependency_links.txt
[5.684s] -- Installing: /home/mahmoud/ros2_ws3/install/tutorial_interfaces/local/lib/python3.10/dist-packages/tutorial_interfaces
[5.684s] -- Installing: /home/mahmoud/ros2_ws3/install/tutorial_interfaces/local/lib/python3.10/dist-packages/tutorial_interfaces/_tutorial_interfaces_s.ep.rosidl_typesupport_c.c
[5.684s] -- Installing: /home/mahmoud/ros2_ws3/install/tutorial_interfaces/local/lib/python3.10/dist-packages/tutorial_interfaces/__init__.py
[5.684s] -- Installing: /home/mahmoud/ros2_ws3/install/tutorial_interfaces/local/lib/python3.10/dist-packages/tutorial_interfaces/srv
[5.684s] -- Installing: /home/mahmoud/ros2_ws3/install/tutorial_interfaces/local/lib/python3.10/dist-packages/tutorial_interfaces/srv/__init__.py
[5.684s] -- Installing: /home/mahmoud/ros2_ws3/install/tutorial_interfaces/local/lib/python3.10/dist-packages/tutorial_interfaces/srv/_add_three_ints.py
[5.684s] -- Installing: /home/mahmoud/ros2_ws3/install/tutorial_interfaces/local/lib/python3.10/dist-packages/tutorial_interfaces/srv/_add_three_ints_s.c
[5.685s] -- Installing: /home/mahmoud/ros2_ws3/install/tutorial_interfaces/local/lib/python3.10/dist-packages/tutorial_interfaces/_tutorial_interfaces_s.ep.rosidl_typesupport_introspection_c.c
[5.685s] -- Installing: /home/mahmoud/ros2_ws3/install/tutorial_interfaces/local/lib/python3.10/dist-packages/tutorial_interfaces/tutorial_interfaces_s__rosidl_typesupport_introspection_c.cpython-310-x86_64-linux-gnu.so
[5.685s] -- Installing: /home/mahmoud/ros2_ws3/install/tutorial_interfaces/local/lib/python3.10/dist-packages/tutorial_interfaces/tutorial_interfaces_s__rosidl_typesupport_fastrtps_c.cpython-310-x86_64-linux-gnu.so
[5.685s] -- Installing: /home/mahmoud/ros2_ws3/install/tutorial_interfaces/local/lib/python3.10/dist-packages/tutorial_interfaces/_tutorial_interfaces_s.ep.rosidl_typesupport_fastrtps_c.c
[5.685s] -- Installing: /home/mahmoud/ros2_ws3/install/tutorial_interfaces/local/lib/python3.10/dist-packages/tutorial_interfaces/libtutorial_interfaces__rosidl_generator_py.so
[5.685s] -- Installing: /home/mahmoud/ros2_ws3/install/tutorial_interfaces/local/lib/python3.10/dist-packages/tutorial_interfaces/msg
[5.685s] -- Installing: /home/mahmoud/ros2_ws3/install/tutorial_interfaces/local/lib/python3.10/dist-packages/tutorial_interfaces/msg/__init__.py
[5.685s] -- Installing: /home/mahmoud/ros2_ws3/install/tutorial_interfaces/local/lib/python3.10/dist-packages/tutorial_interfaces/msg/_sphere.py
[5.685s] -- Installing: /home/mahmoud/ros2_ws3/install/tutorial_interfaces/local/lib/python3.10/dist-packages/tutorial_interfaces/msg/_num_s.c
[5.685s] -- Installing: /home/mahmoud/ros2_ws3/install/tutorial_interfaces/local/lib/python3.10/dist-packages/tutorial_interfaces/msg/_num.py
[5.685s] -- Installing: /home/mahmoud/ros2_ws3/install/tutorial_interfaces/local/lib/python3.10/dist-packages/tutorial_interfaces/msg/_sphere_s.c
[5.685s] -- Installing: /home/mahmoud/ros2_ws3/install/tutorial_interfaces/local/lib/python3.10/dist-packages/tutorial_interfaces/tutorial_interfaces_s__rosidl_typesupport_c.cpython-310-x86_64-linux-gnu.so
[5.715s] Listing '/home/mahmoud/ros2_ws3/install/tutorial_interfaces/local/lib/python3.10/dist-packages/tutorial_interfaces'...
[5.715s] Compiling '/home/mahmoud/ros2_ws3/install/tutorial_interfaces/local/lib/python3.10/dist-packages/tutorial_interfaces/__init__.py'...
[5.715s] Listing '/home/mahmoud/ros2_ws3/install/tutorial_interfaces/local/lib/python3.10/dist-packages/tutorial_interfaces/msg'...
[5.715s] Compiling '/home/mahmoud/ros2_ws3/install/tutorial_interfaces/local/lib/python3.10/dist-packages/tutorial_interfaces/msg/__init__.py'...
[5.715s] Compiling '/home/mahmoud/ros2_ws3/install/tutorial_interfaces/local/lib/python3.10/dist-packages/tutorial_interfaces/msg/_num.py'...
[5.715s] Compiling '/home/mahmoud/ros2_ws3/install/tutorial_interfaces/local/lib/python3.10/dist-packages/tutorial_interfaces/msg/_sphere.py'...
[5.715s] Listing '/home/mahmoud/ros2_ws3/install/tutorial_interfaces/local/lib/python3.10/dist-packages/tutorial_interfaces/srv'...
[5.715s] Compiling '/home/mahmoud/ros2_ws3/install/tutorial_interfaces/local/lib/python3.10/dist-packages/tutorial_interfaces/srv/__init__.py'...
[5.715s] Compiling '/home/mahmoud/ros2_ws3/install/tutorial_interfaces/local/lib/python3.10/dist-packages/tutorial_interfaces/srv/_add_three_ints.py'...
[5.719s] -- Installing: /home/mahmoud/ros2_ws3/install/tutorial_interfaces/local/lib/python3.10/dist-packages/tutorial_interfaces/tutorial_interfaces_s__rosidl_typesupport_fastrtps_c.cpython-310-x86_64-linux-gnu.so
[5.720s] -- Set runtime path of "/home/mahmoud/ros2_ws3/install/tutorial_interfaces/local/lib/python3.10/dist-packages/tutorial_interfaces/tutorial_interfaces_s__rosidl_typesupport_fastrtps_c.cpython-310-x86_64-linux-gnu.so" to ""
[5.720s] -- Installing: /home/mahmoud/ros2_ws3/install/tutorial_interfaces/local/lib/python3.10/dist-packages/tutorial_interfaces/tutorial_interfaces_s__rosidl_typesupport_introspection_c.cpython-310-x86_64-linux-gnu.so
[5.720s] -- Set runtime path of "/home/mahmoud/ros2_ws3/install/tutorial_interfaces/local/lib/python3.10/dist-packages/tutorial_interfaces/tutorial_interfaces_s__rosidl_typesupport_introspection_c.cpython-310-x86_64-linux-gnu.so" to ""
[5.720s] -- Installing: /home/mahmoud/ros2_ws3/install/tutorial_interfaces/local/lib/python3.10/dist-packages/tutorial_interfaces/tutorial_interfaces_s__rosidl_typesupport_c.cpython-310-x86_64-linux-gnu.so
[5.721s] -- Set runtime path of "/home/mahmoud/ros2_ws3/install/tutorial_interfaces/local/lib/python3.10/dist-packages/tutorial_interfaces/tutorial_interfaces_s__rosidl_typesupport_c.cpython-310-x86_64-linux-gnu.so" to ""
[5.721s] -- Installing: /home/mahmoud/ros2_ws3/install/tutorial_interfaces/lib/libtutorial_interfaces__rosidl_generator_py.so
[5.721s] -- Set runtime path of "/home/mahmoud/ros2_ws3/install/tutorial_interfaces/lib/libtutorial_interfaces__rosidl_generator_py.so" to ""
[5.721s] -- Installing: /home/mahmoud/ros2_ws3/install/tutorial_interfaces/share/tutorial_interfaces/msg/Num.idl
[5.722s] -- Installing: /home/mahmoud/ros2_ws3/install/tutorial_interfaces/share/tutorial_interfaces/msg/Sphere.idl
[5.722s] -- Installing: /home/mahmoud/ros2_ws3/install/tutorial_interfaces/share/tutorial_interfaces/srv/AddThreeInts.idl
[5.722s] -- Installing: /home/mahmoud/ros2_ws3/install/tutorial_interfaces/share/tutorial_interfaces/msg/Num.msg
[5.722s] -- Installing: /home/mahmoud/ros2_ws3/install/tutorial_interfaces/share/tutorial_interfaces/msg/Sphere.msg
[5.723s] -- Installing: /home/mahmoud/ros2_ws3/install/tutorial_interfaces/share/tutorial_interfaces/srv/AddThreeInts.srv
[5.723s] -- Installing: /home/mahmoud/ros2_ws3/install/tutorial_interfaces/share/tutorial_interfaces/srv/AddThreeInts_Request.msg
[5.723s] -- Installing: /home/mahmoud/ros2_ws3/install/tutorial_interfaces/share/tutorial_interfaces/srv/AddThreeInts_Response.msg
[5.723s] -- Installing: /home/mahmoud/ros2_ws3/install/tutorial_interfaces/share/ament_index/resource_index/package_run_dependencies/tutorial_interfaces
[5.724s] -- Installing: /home/mahmoud/ros2_ws3/install/tutorial_interfaces/share/ament_index/resource_index/parent_prefix_path/tutorial_interfaces
[5.724s] -- Installing: /home/mahmoud/ros2_ws3/install/tutorial_interfaces/share/tutorial_interfaces/environment/ament_prefix_path.sh
[5.724s] -- Installing: /home/mahmoud/ros2_ws3/install/tutorial_interfaces/share/tutorial_interfaces/environment/ament_prefix_path.dsv
[5.725s] -- Installing: /home/mahmoud/ros2_ws3/install/tutorial_interfaces/share/tutorial_interfaces/environment/path.sh
[5.725s] -- Installing: /home/mahmoud/ros2_ws3/install/tutorial_interfaces/share/tutorial_interfaces/environment/path.dsv
[5.725s] -- Installing: /home/mahmoud/ros2_ws3/install/tutorial_interfaces/share/tutorial_interfaces/local_setup.bash
[5.725s] -- Installing: /home/mahmoud/ros2_ws3/install/tutorial_interfaces/share/tutorial_interfaces/local_setup.sh
[5.725s] -- Installing: /home/mahmoud/ros2_ws3/install/tutorial_interfaces/share/tutorial_interfaces/local_setup.zsh
[5.725s] -- Installing: /home/mahmoud/ros2_ws3/install/tutorial_interfaces/share/tutorial_interfaces/local_setup.dsv
[5.725s] -- Installing: /home/mahmoud/ros2_ws3/install/tutorial_interfaces/share/tutorial_interfaces/package.dsv
[5.725s] -- Installing: /home/mahmoud/ros2_ws3/install/tutorial_interfaces/share/ament_index/resource_index/packages/tutorial_interfaces
[5.726s] -- Installing: /home/mahmoud/ros2_ws3/install/tutorial_interfaces/share/tutorial_interfaces/cmake/export_tutorial_interfaces__rosidl_generator_cExport.cmake
[5.726s] -- Installing: /home/mahmoud/ros2_ws3/install/tutorial_interfaces/share/tutorial_interfaces/cmake/export_tutorial_interfaces__rosidl_generator_cExport-noconfig.cmake
[5.726s] -- Installing: /home/mahmoud/ros2_ws3/install/tutorial_interfaces/share/tutorial_interfaces/cmake/export_tutorial_interfaces__rosidl_typesupport_fastrtps_cExport.cmake
[5.726s] -- Installing: /home/mahmoud/ros2_ws3/install/tutorial_interfaces/share/tutorial_interfaces/cmake/export_tutorial_interfaces__rosidl_typesupport_fastrtps_cExport-noconfig.cmake
[5.726s] -- Installing: /home/mahmoud/ros2_ws3/install/tutorial_interfaces/share/tutorial_interfaces/cmake/export_tutorial_interfaces__rosidl_generator_cppExport.cmake
[5.727s] -- Installing: /home/mahmoud/ros2_ws3/install/tutorial_interfaces/share/tutorial_interfaces/cmake/export_tutorial_interfaces__rosidl_typesupport_fastrtps_cppExport.cmake
[5.727s] -- Installing: /home/mahmoud/ros2_ws3/install/tutorial_interfaces/share/tutorial_interfaces/cmake/export_tutorial_interfaces__rosidl_typesupport_fastrtps_cppExport-noconfig.cmake
[5.727s] -- Installing: /home/mahmoud/ros2_ws3/install/tutorial_interfaces/share/tutorial_interfaces/cmake/tutorial_interfaces__rosidl_typesupport_introspection_cExport.cmake
[5.727s] -- Installing: /home/mahmoud/ros2_ws3/install/tutorial_interfaces/share/tutorial_interfaces/cmake/tutorial_interfaces__rosidl_typesupport_introspection_cExport-noconfig.cmake
[5.727s] -- Installing: /home/mahmoud/ros2_ws3/install/tutorial_interfaces/share/tutorial_interfaces/cmake/tutorial_interfaces__rosidl_typesupport_cExport.cmake
[5.727s] -- Installing: /home/mahmoud/ros2_ws3/install/tutorial_interfaces/share/tutorial_interfaces/cmake/tutorial_interfaces__rosidl_typesupport_cExport-noconfig.cmake
[5.728s] -- Installing: /home/mahmoud/ros2_ws3/install/tutorial_interfaces/share/tutorial_interfaces/cmake/tutorial_interfaces__rosidl_typesupport_introspection_cppExport.cmake
[5.728s] -- Installing: /home/mahmoud/ros2_ws3/install/tutorial_interfaces/share/tutorial_interfaces/cmake/tutorial_interfaces__rosidl_typesupport_introspection_cppExport-noconfig.cmake
[5.728s] -- Installing: /home/mahmoud/ros2_ws3/install/tutorial_interfaces/share/tutorial_interfaces/cmake/tutorial_interfaces__rosidl_typesupport_cppExport.cmake
[5.728s] -- Installing: /home/mahmoud/ros2_ws3/install/tutorial_interfaces/share/tutorial_interfaces/cmake/tutorial_interfaces__rosidl_typesupport_cppExport-noconfig.cmake
[5.728s] -- Installing: /home/mahmoud/ros2_ws3/install/tutorial_interfaces/share/tutorial_interfaces/cmake/export_tutorial_interfaces__rosidl_generator_pyExport.cmake
[5.729s] -- Installing: /home/mahmoud/ros2_ws3/install/tutorial_interfaces/share/tutorial_interfaces/cmake/export_tutorial_interfaces__rosidl_generator_pyExport-noconfig.cmake
[5.729s] -- Installing: /home/mahmoud/ros2_ws3/install/tutorial_interfaces/share/tutorial_interfaces/cmake/rosidl_cmake-extras.cmake
[5.729s] -- Installing: /home/mahmoud/ros2_ws3/install/tutorial_interfaces/share/tutorial_interfaces/cmake/ament_cmake_export_dependencies-extras.cmake
[5.729s] -- Installing: /home/mahmoud/ros2_ws3/install/tutorial_interfaces/share/tutorial_interfaces/cmake/ament_cmake_export_include_directories-extras.cmake
[5.729s] -- Installing: /home/mahmoud/ros2_ws3/install/tutorial_interfaces/share/tutorial_interfaces/cmake/ament_cmake_export_libraries-extras.cmake
[5.730s] -- Installing: /home/mahmoud/ros2_ws3/install/tutorial_interfaces/share/tutorial_interfaces/cmake/ament_cmake_export_targets-extras.cmake
[5.730s] -- Installing: /home/mahmoud/ros2_ws3/install/tutorial_interfaces/share/tutorial_interfaces/cmake/rosidl_cmake_export_typesupport_targets-extras.cmake
[5.730s] -- Installing: /home/mahmoud/ros2_ws3/install/tutorial_interfaces/share/tutorial_interfaces/cmake/rosidl_cmake_export_typesupport_libraries-extras.cmake
[5.730s] -- Installing: /home/mahmoud/ros2_ws3/install/tutorial_interfaces/share/tutorial_interfaces/cmake/tutorial_interfacesConfig.cmake
[5.730s] -- Installing: /home/mahmoud/ros2_ws3/install/tutorial_interfaces/share/tutorial_interfaces/cmake/tutorial_interfacesConfig-version.cmake
[5.730s] -- Installing: /home/mahmoud/ros2_ws3/install/tutorial_interfaces/share/tutorial_interfaces/package.xml
[5.734s] Invoked command in '/home/mahmoud/ros2_ws3/build/tutorial_interfaces' returned '0': CMAKE_PREFIX_PATH=/opt/ros/humble /usr/bin/cmake --install /home/mahmoud/ros2_ws3/build/tutorial_interfaces
