[35m[1mConsolidate compiler generated dependencies of target server_3[0m
[35m[1mConsolidate compiler generated dependencies of target client_3[0m
[100%] Built target server_3
[100%] Built target client_3
-- Install configuration: ""
-- Up-to-date: /home/mahmoud/ros2_ws3/install/cpp_srvcli_threeints/lib/cpp_srvcli_threeints/server_3
-- Up-to-date: /home/mahmoud/ros2_ws3/install/cpp_srvcli_threeints/lib/cpp_srvcli_threeints/client_3
-- Up-to-date: /home/mahmoud/ros2_ws3/install/cpp_srvcli_threeints/share/ament_index/resource_index/package_run_dependencies/cpp_srvcli_threeints
-- Up-to-date: /home/mahmoud/ros2_ws3/install/cpp_srvcli_threeints/share/ament_index/resource_index/parent_prefix_path/cpp_srvcli_threeints
-- Up-to-date: /home/mahmoud/ros2_ws3/install/cpp_srvcli_threeints/share/cpp_srvcli_threeints/environment/ament_prefix_path.sh
-- Up-to-date: /home/mahmoud/ros2_ws3/install/cpp_srvcli_threeints/share/cpp_srvcli_threeints/environment/ament_prefix_path.dsv
-- Up-to-date: /home/mahmoud/ros2_ws3/install/cpp_srvcli_threeints/share/cpp_srvcli_threeints/environment/path.sh
-- Up-to-date: /home/mahmoud/ros2_ws3/install/cpp_srvcli_threeints/share/cpp_srvcli_threeints/environment/path.dsv
-- Up-to-date: /home/mahmoud/ros2_ws3/install/cpp_srvcli_threeints/share/cpp_srvcli_threeints/local_setup.bash
-- Up-to-date: /home/mahmoud/ros2_ws3/install/cpp_srvcli_threeints/share/cpp_srvcli_threeints/local_setup.sh
-- Up-to-date: /home/mahmoud/ros2_ws3/install/cpp_srvcli_threeints/share/cpp_srvcli_threeints/local_setup.zsh
-- Up-to-date: /home/mahmoud/ros2_ws3/install/cpp_srvcli_threeints/share/cpp_srvcli_threeints/local_setup.dsv
-- Installing: /home/mahmoud/ros2_ws3/install/cpp_srvcli_threeints/share/cpp_srvcli_threeints/package.dsv
-- Up-to-date: /home/mahmoud/ros2_ws3/install/cpp_srvcli_threeints/share/ament_index/resource_index/packages/cpp_srvcli_threeints
-- Up-to-date: /home/mahmoud/ros2_ws3/install/cpp_srvcli_threeints/share/cpp_srvcli_threeints/cmake/cpp_srvcli_threeintsConfig.cmake
-- Up-to-date: /home/mahmoud/ros2_ws3/install/cpp_srvcli_threeints/share/cpp_srvcli_threeints/cmake/cpp_srvcli_threeintsConfig-version.cmake
-- Up-to-date: /home/mahmoud/ros2_ws3/install/cpp_srvcli_threeints/share/cpp_srvcli_threeints/package.xml
