[35m[1mConsolidate compiler generated dependencies of target server_3[0m
[35m[1mConsolidate compiler generated dependencies of target client_3[0m
[ 25%] [32mBuilding CXX object CMakeFiles/server_3.dir/src/add_three_ints_server.cpp.o[0m
[ 50%] [32mBuilding CXX object CMakeFiles/client_3.dir/src/add_three_ints_client.cpp.o[0m
[ 75%] [32m[1mLinking CXX executable server_3[0m
[100%] [32m[1mLinking CXX executable client_3[0m
[100%] Built target server_3
[100%] Built target client_3
-- Install configuration: ""
-- Installing: /home/mahmoud/ros2_ws3/install/cpp_srvcli_threeints/lib/cpp_srvcli_threeints/server_3
-- Set runtime path of "/home/mahmoud/ros2_ws3/install/cpp_srvcli_threeints/lib/cpp_srvcli_threeints/server_3" to ""
-- Installing: /home/mahmoud/ros2_ws3/install/cpp_srvcli_threeints/lib/cpp_srvcli_threeints/client_3
-- Set runtime path of "/home/mahmoud/ros2_ws3/install/cpp_srvcli_threeints/lib/cpp_srvcli_threeints/client_3" to ""
-- Installing: /home/mahmoud/ros2_ws3/install/cpp_srvcli_threeints/share/ament_index/resource_index/package_run_dependencies/cpp_srvcli_threeints
-- Installing: /home/mahmoud/ros2_ws3/install/cpp_srvcli_threeints/share/ament_index/resource_index/parent_prefix_path/cpp_srvcli_threeints
-- Installing: /home/mahmoud/ros2_ws3/install/cpp_srvcli_threeints/share/cpp_srvcli_threeints/environment/ament_prefix_path.sh
-- Installing: /home/mahmoud/ros2_ws3/install/cpp_srvcli_threeints/share/cpp_srvcli_threeints/environment/ament_prefix_path.dsv
-- Installing: /home/mahmoud/ros2_ws3/install/cpp_srvcli_threeints/share/cpp_srvcli_threeints/environment/path.sh
-- Installing: /home/mahmoud/ros2_ws3/install/cpp_srvcli_threeints/share/cpp_srvcli_threeints/environment/path.dsv
-- Installing: /home/mahmoud/ros2_ws3/install/cpp_srvcli_threeints/share/cpp_srvcli_threeints/local_setup.bash
-- Installing: /home/mahmoud/ros2_ws3/install/cpp_srvcli_threeints/share/cpp_srvcli_threeints/local_setup.sh
-- Installing: /home/mahmoud/ros2_ws3/install/cpp_srvcli_threeints/share/cpp_srvcli_threeints/local_setup.zsh
-- Installing: /home/mahmoud/ros2_ws3/install/cpp_srvcli_threeints/share/cpp_srvcli_threeints/local_setup.dsv
-- Installing: /home/mahmoud/ros2_ws3/install/cpp_srvcli_threeints/share/cpp_srvcli_threeints/package.dsv
-- Installing: /home/mahmoud/ros2_ws3/install/cpp_srvcli_threeints/share/ament_index/resource_index/packages/cpp_srvcli_threeints
-- Installing: /home/mahmoud/ros2_ws3/install/cpp_srvcli_threeints/share/cpp_srvcli_threeints/cmake/cpp_srvcli_threeintsConfig.cmake
-- Installing: /home/mahmoud/ros2_ws3/install/cpp_srvcli_threeints/share/cpp_srvcli_threeints/cmake/cpp_srvcli_threeintsConfig-version.cmake
-- Installing: /home/mahmoud/ros2_ws3/install/cpp_srvcli_threeints/share/cpp_srvcli_threeints/package.xml
