[0.064s] Invoking command in '/home/mahmoud/ros2_ws3/build/cpp_srvcli_threeints': CMAKE_PREFIX_PATH=${CMAKE_PREFIX_PATH}:/opt/ros/humble /usr/bin/cmake --build /home/mahmoud/ros2_ws3/build/cpp_srvcli_threeints -- -j12 -l12
[0.098s] [35m[1mConsolidate compiler generated dependencies of target server_3[0m
[0.098s] [35m[1mConsolidate compiler generated dependencies of target client_3[0m
[0.113s] [ 25%] [32mBuilding CXX object CMakeFiles/server_3.dir/src/add_three_ints_server.cpp.o[0m
[0.114s] [ 50%] [32mBuilding CXX object CMakeFiles/client_3.dir/src/add_three_ints_client.cpp.o[0m
[3.730s] [ 75%] [32m[1mLinking CXX executable server_3[0m
[3.903s] [100%] [32m[1mLinking CXX executable client_3[0m
[3.985s] [100%] Built target server_3
[4.078s] [100%] Built target client_3
[4.089s] Invoked command in '/home/mahmoud/ros2_ws3/build/cpp_srvcli_threeints' returned '0': CMAKE_PREFIX_PATH=${CMAKE_PREFIX_PATH}:/opt/ros/humble /usr/bin/cmake --build /home/mahmoud/ros2_ws3/build/cpp_srvcli_threeints -- -j12 -l12
[4.098s] Invoking command in '/home/mahmoud/ros2_ws3/build/cpp_srvcli_threeints': CMAKE_PREFIX_PATH=${CMAKE_PREFIX_PATH}:/opt/ros/humble /usr/bin/cmake --install /home/mahmoud/ros2_ws3/build/cpp_srvcli_threeints
[4.105s] -- Install configuration: ""
[4.106s] -- Installing: /home/mahmoud/ros2_ws3/install/cpp_srvcli_threeints/lib/cpp_srvcli_threeints/server_3
[4.107s] -- Set runtime path of "/home/mahmoud/ros2_ws3/install/cpp_srvcli_threeints/lib/cpp_srvcli_threeints/server_3" to ""
[4.107s] -- Installing: /home/mahmoud/ros2_ws3/install/cpp_srvcli_threeints/lib/cpp_srvcli_threeints/client_3
[4.108s] -- Set runtime path of "/home/mahmoud/ros2_ws3/install/cpp_srvcli_threeints/lib/cpp_srvcli_threeints/client_3" to ""
[4.108s] -- Installing: /home/mahmoud/ros2_ws3/install/cpp_srvcli_threeints/share/ament_index/resource_index/package_run_dependencies/cpp_srvcli_threeints
[4.109s] -- Installing: /home/mahmoud/ros2_ws3/install/cpp_srvcli_threeints/share/ament_index/resource_index/parent_prefix_path/cpp_srvcli_threeints
[4.109s] -- Installing: /home/mahmoud/ros2_ws3/install/cpp_srvcli_threeints/share/cpp_srvcli_threeints/environment/ament_prefix_path.sh
[4.110s] -- Installing: /home/mahmoud/ros2_ws3/install/cpp_srvcli_threeints/share/cpp_srvcli_threeints/environment/ament_prefix_path.dsv
[4.110s] -- Installing: /home/mahmoud/ros2_ws3/install/cpp_srvcli_threeints/share/cpp_srvcli_threeints/environment/path.sh
[4.111s] -- Installing: /home/mahmoud/ros2_ws3/install/cpp_srvcli_threeints/share/cpp_srvcli_threeints/environment/path.dsv
[4.111s] -- Installing: /home/mahmoud/ros2_ws3/install/cpp_srvcli_threeints/share/cpp_srvcli_threeints/local_setup.bash
[4.112s] -- Installing: /home/mahmoud/ros2_ws3/install/cpp_srvcli_threeints/share/cpp_srvcli_threeints/local_setup.sh
[4.112s] -- Installing: /home/mahmoud/ros2_ws3/install/cpp_srvcli_threeints/share/cpp_srvcli_threeints/local_setup.zsh
[4.112s] -- Installing: /home/mahmoud/ros2_ws3/install/cpp_srvcli_threeints/share/cpp_srvcli_threeints/local_setup.dsv
[4.113s] -- Installing: /home/mahmoud/ros2_ws3/install/cpp_srvcli_threeints/share/cpp_srvcli_threeints/package.dsv
[4.114s] -- Installing: /home/mahmoud/ros2_ws3/install/cpp_srvcli_threeints/share/ament_index/resource_index/packages/cpp_srvcli_threeints
[4.114s] -- Installing: /home/mahmoud/ros2_ws3/install/cpp_srvcli_threeints/share/cpp_srvcli_threeints/cmake/cpp_srvcli_threeintsConfig.cmake
[4.114s] -- Installing: /home/mahmoud/ros2_ws3/install/cpp_srvcli_threeints/share/cpp_srvcli_threeints/cmake/cpp_srvcli_threeintsConfig-version.cmake
[4.115s] -- Installing: /home/mahmoud/ros2_ws3/install/cpp_srvcli_threeints/share/cpp_srvcli_threeints/package.xml
[4.116s] Invoked command in '/home/mahmoud/ros2_ws3/build/cpp_srvcli_threeints' returned '0': CMAKE_PREFIX_PATH=${CMAKE_PREFIX_PATH}:/opt/ros/humble /usr/bin/cmake --install /home/mahmoud/ros2_ws3/build/cpp_srvcli_threeints
