[0.020s] Invoking command in '/home/mahmoud/ros2_ws3/build/more_interfaces': CMAKE_PREFIX_PATH=${CMAKE_PREFIX_PATH}:/opt/ros/humble /usr/bin/cmake --build /home/mahmoud/ros2_ws3/build/more_interfaces -- -j12 -l12
[0.128s] [35m[1mConsolidate compiler generated dependencies of target more_interfaces__rosidl_generator_c[0m
[0.140s] [  3%] Built target more_interfaces__cpp
[0.141s] [ 12%] Built target more_interfaces__rosidl_generator_c
[0.155s] [35m[1mConsolidate compiler generated dependencies of target more_interfaces__rosidl_typesupport_cpp[0m
[0.156s] [35m[1mConsolidate compiler generated dependencies of target more_interfaces__rosidl_typesupport_introspection_cpp[0m
[0.157s] [35m[1mConsolidate compiler generated dependencies of target more_interfaces__rosidl_typesupport_introspection_c[0m
[0.158s] [35m[1mConsolidate compiler generated dependencies of target more_interfaces__rosidl_typesupport_fastrtps_c[0m
[0.158s] [35m[1mConsolidate compiler generated dependencies of target more_interfaces__rosidl_typesupport_fastrtps_cpp[0m
[0.158s] [35m[1mConsolidate compiler generated dependencies of target more_interfaces__rosidl_typesupport_c[0m
[0.159s] [ 12%] Built target ament_cmake_python_copy_more_interfaces
[0.172s] [ 24%] Built target more_interfaces__rosidl_typesupport_introspection_cpp
[0.173s] [ 51%] Built target more_interfaces__rosidl_typesupport_fastrtps_cpp
[0.173s] [ 54%] Built target more_interfaces__rosidl_typesupport_c
[0.173s] [ 51%] Built target more_interfaces__rosidl_typesupport_cpp
[0.173s] [ 57%] Built target more_interfaces__rosidl_typesupport_introspection_c
[0.175s] [ 66%] Built target more_interfaces__rosidl_typesupport_fastrtps_c
[0.187s] [35m[1mConsolidate compiler generated dependencies of target publish_address_book[0m
[0.197s] [ 66%] Built target more_interfaces
[0.208s] [ 72%] Built target publish_address_book
[0.221s] [ 75%] Built target more_interfaces__py
[0.233s] [35m[1mConsolidate compiler generated dependencies of target more_interfaces__rosidl_generator_py[0m
[0.246s] [ 81%] Built target more_interfaces__rosidl_generator_py
[0.259s] [35m[1mConsolidate compiler generated dependencies of target more_interfaces__rosidl_typesupport_introspection_c__pyext[0m
[0.260s] [35m[1mConsolidate compiler generated dependencies of target more_interfaces__rosidl_typesupport_fastrtps_c__pyext[0m
[0.262s] [35m[1mConsolidate compiler generated dependencies of target more_interfaces__rosidl_typesupport_c__pyext[0m
[0.272s] [ 87%] Built target more_interfaces__rosidl_typesupport_introspection_c__pyext
[0.274s] [ 93%] Built target more_interfaces__rosidl_typesupport_fastrtps_c__pyext
[0.275s] [100%] Built target more_interfaces__rosidl_typesupport_c__pyext
[0.404s] running egg_info
[0.405s] writing more_interfaces.egg-info/PKG-INFO
[0.405s] writing dependency_links to more_interfaces.egg-info/dependency_links.txt
[0.406s] writing top-level names to more_interfaces.egg-info/top_level.txt
[0.410s] reading manifest file 'more_interfaces.egg-info/SOURCES.txt'
[0.410s] writing manifest file 'more_interfaces.egg-info/SOURCES.txt'
[0.435s] [100%] Built target ament_cmake_python_build_more_interfaces_egg
[0.447s] Invoked command in '/home/mahmoud/ros2_ws3/build/more_interfaces' returned '0': CMAKE_PREFIX_PATH=${CMAKE_PREFIX_PATH}:/opt/ros/humble /usr/bin/cmake --build /home/mahmoud/ros2_ws3/build/more_interfaces -- -j12 -l12
[0.457s] Invoking command in '/home/mahmoud/ros2_ws3/build/more_interfaces': CMAKE_PREFIX_PATH=${CMAKE_PREFIX_PATH}:/opt/ros/humble /usr/bin/cmake --install /home/mahmoud/ros2_ws3/build/more_interfaces
[0.466s] -- Install configuration: ""
[0.467s] -- Up-to-date: /home/mahmoud/ros2_ws3/install/more_interfaces/share/ament_index/resource_index/rosidl_interfaces/more_interfaces
[0.467s] -- Up-to-date: /home/mahmoud/ros2_ws3/install/more_interfaces/include/more_interfaces/more_interfaces
[0.467s] -- Up-to-date: /home/mahmoud/ros2_ws3/install/more_interfaces/include/more_interfaces/more_interfaces/msg
[0.468s] -- Up-to-date: /home/mahmoud/ros2_ws3/install/more_interfaces/include/more_interfaces/more_interfaces/msg/rosidl_generator_c__visibility_control.h
[0.468s] -- Up-to-date: /home/mahmoud/ros2_ws3/install/more_interfaces/include/more_interfaces/more_interfaces/msg/detail
[0.468s] -- Up-to-date: /home/mahmoud/ros2_ws3/install/more_interfaces/include/more_interfaces/more_interfaces/msg/detail/address_book__functions.c
[0.468s] -- Up-to-date: /home/mahmoud/ros2_ws3/install/more_interfaces/include/more_interfaces/more_interfaces/msg/detail/address_book__struct.h
[0.468s] -- Up-to-date: /home/mahmoud/ros2_ws3/install/more_interfaces/include/more_interfaces/more_interfaces/msg/detail/address_book__functions.h
[0.469s] -- Up-to-date: /home/mahmoud/ros2_ws3/install/more_interfaces/include/more_interfaces/more_interfaces/msg/detail/address_book__type_support.h
[0.469s] -- Up-to-date: /home/mahmoud/ros2_ws3/install/more_interfaces/include/more_interfaces/more_interfaces/msg/address_book.h
[0.469s] -- Up-to-date: /home/mahmoud/ros2_ws3/install/more_interfaces/share/more_interfaces/environment/library_path.sh
[0.469s] -- Up-to-date: /home/mahmoud/ros2_ws3/install/more_interfaces/share/more_interfaces/environment/library_path.dsv
[0.469s] -- Up-to-date: /home/mahmoud/ros2_ws3/install/more_interfaces/lib/libmore_interfaces__rosidl_generator_c.so
[0.469s] -- Up-to-date: /home/mahmoud/ros2_ws3/install/more_interfaces/include/more_interfaces/more_interfaces
[0.470s] -- Up-to-date: /home/mahmoud/ros2_ws3/install/more_interfaces/include/more_interfaces/more_interfaces/msg
[0.470s] -- Up-to-date: /home/mahmoud/ros2_ws3/install/more_interfaces/include/more_interfaces/more_interfaces/msg/detail
[0.470s] -- Up-to-date: /home/mahmoud/ros2_ws3/install/more_interfaces/include/more_interfaces/more_interfaces/msg/detail/address_book__rosidl_typesupport_fastrtps_c.h
[0.470s] -- Up-to-date: /home/mahmoud/ros2_ws3/install/more_interfaces/include/more_interfaces/more_interfaces/msg/rosidl_typesupport_fastrtps_c__visibility_control.h
[0.471s] -- Up-to-date: /home/mahmoud/ros2_ws3/install/more_interfaces/lib/libmore_interfaces__rosidl_typesupport_fastrtps_c.so
[0.471s] -- Up-to-date: /home/mahmoud/ros2_ws3/install/more_interfaces/include/more_interfaces/more_interfaces
[0.471s] -- Up-to-date: /home/mahmoud/ros2_ws3/install/more_interfaces/include/more_interfaces/more_interfaces/msg
[0.471s] -- Up-to-date: /home/mahmoud/ros2_ws3/install/more_interfaces/include/more_interfaces/more_interfaces/msg/detail
[0.472s] -- Up-to-date: /home/mahmoud/ros2_ws3/install/more_interfaces/include/more_interfaces/more_interfaces/msg/detail/address_book__rosidl_typesupport_introspection_c.h
[0.472s] -- Up-to-date: /home/mahmoud/ros2_ws3/install/more_interfaces/include/more_interfaces/more_interfaces/msg/detail/address_book__type_support.c
[0.472s] -- Up-to-date: /home/mahmoud/ros2_ws3/install/more_interfaces/include/more_interfaces/more_interfaces/msg/rosidl_typesupport_introspection_c__visibility_control.h
[0.472s] -- Up-to-date: /home/mahmoud/ros2_ws3/install/more_interfaces/lib/libmore_interfaces__rosidl_typesupport_introspection_c.so
[0.473s] -- Up-to-date: /home/mahmoud/ros2_ws3/install/more_interfaces/lib/libmore_interfaces__rosidl_typesupport_c.so
[0.473s] -- Up-to-date: /home/mahmoud/ros2_ws3/install/more_interfaces/include/more_interfaces/more_interfaces
[0.473s] -- Up-to-date: /home/mahmoud/ros2_ws3/install/more_interfaces/include/more_interfaces/more_interfaces/msg
[0.473s] -- Up-to-date: /home/mahmoud/ros2_ws3/install/more_interfaces/include/more_interfaces/more_interfaces/msg/detail
[0.474s] -- Up-to-date: /home/mahmoud/ros2_ws3/install/more_interfaces/include/more_interfaces/more_interfaces/msg/detail/address_book__struct.hpp
[0.474s] -- Up-to-date: /home/mahmoud/ros2_ws3/install/more_interfaces/include/more_interfaces/more_interfaces/msg/detail/address_book__type_support.hpp
[0.474s] -- Up-to-date: /home/mahmoud/ros2_ws3/install/more_interfaces/include/more_interfaces/more_interfaces/msg/detail/address_book__builder.hpp
[0.474s] -- Up-to-date: /home/mahmoud/ros2_ws3/install/more_interfaces/include/more_interfaces/more_interfaces/msg/detail/address_book__traits.hpp
[0.475s] -- Up-to-date: /home/mahmoud/ros2_ws3/install/more_interfaces/include/more_interfaces/more_interfaces/msg/rosidl_generator_cpp__visibility_control.hpp
[0.475s] -- Up-to-date: /home/mahmoud/ros2_ws3/install/more_interfaces/include/more_interfaces/more_interfaces/msg/address_book.hpp
[0.475s] -- Up-to-date: /home/mahmoud/ros2_ws3/install/more_interfaces/include/more_interfaces/more_interfaces
[0.475s] -- Up-to-date: /home/mahmoud/ros2_ws3/install/more_interfaces/include/more_interfaces/more_interfaces/msg
[0.475s] -- Up-to-date: /home/mahmoud/ros2_ws3/install/more_interfaces/include/more_interfaces/more_interfaces/msg/rosidl_typesupport_fastrtps_cpp__visibility_control.h
[0.475s] -- Up-to-date: /home/mahmoud/ros2_ws3/install/more_interfaces/include/more_interfaces/more_interfaces/msg/detail
[0.475s] -- Up-to-date: /home/mahmoud/ros2_ws3/install/more_interfaces/include/more_interfaces/more_interfaces/msg/detail/address_book__rosidl_typesupport_fastrtps_cpp.hpp
[0.475s] -- Up-to-date: /home/mahmoud/ros2_ws3/install/more_interfaces/include/more_interfaces/more_interfaces/msg/detail/dds_fastrtps
[0.476s] -- Up-to-date: /home/mahmoud/ros2_ws3/install/more_interfaces/lib/libmore_interfaces__rosidl_typesupport_fastrtps_cpp.so
[0.476s] -- Up-to-date: /home/mahmoud/ros2_ws3/install/more_interfaces/include/more_interfaces/more_interfaces
[0.476s] -- Up-to-date: /home/mahmoud/ros2_ws3/install/more_interfaces/include/more_interfaces/more_interfaces/msg
[0.476s] -- Up-to-date: /home/mahmoud/ros2_ws3/install/more_interfaces/include/more_interfaces/more_interfaces/msg/detail
[0.477s] -- Up-to-date: /home/mahmoud/ros2_ws3/install/more_interfaces/include/more_interfaces/more_interfaces/msg/detail/address_book__rosidl_typesupport_introspection_cpp.hpp
[0.477s] -- Up-to-date: /home/mahmoud/ros2_ws3/install/more_interfaces/include/more_interfaces/more_interfaces/msg/detail/address_book__type_support.cpp
[0.477s] -- Up-to-date: /home/mahmoud/ros2_ws3/install/more_interfaces/lib/libmore_interfaces__rosidl_typesupport_introspection_cpp.so
[0.478s] -- Up-to-date: /home/mahmoud/ros2_ws3/install/more_interfaces/lib/libmore_interfaces__rosidl_typesupport_cpp.so
[0.478s] -- Up-to-date: /home/mahmoud/ros2_ws3/install/more_interfaces/share/more_interfaces/environment/pythonpath.sh
[0.478s] -- Up-to-date: /home/mahmoud/ros2_ws3/install/more_interfaces/share/more_interfaces/environment/pythonpath.dsv
[0.478s] -- Up-to-date: /home/mahmoud/ros2_ws3/install/more_interfaces/local/lib/python3.10/dist-packages/more_interfaces-0.0.0-py3.10.egg-info
[0.479s] -- Installing: /home/mahmoud/ros2_ws3/install/more_interfaces/local/lib/python3.10/dist-packages/more_interfaces-0.0.0-py3.10.egg-info/top_level.txt
[0.479s] -- Installing: /home/mahmoud/ros2_ws3/install/more_interfaces/local/lib/python3.10/dist-packages/more_interfaces-0.0.0-py3.10.egg-info/SOURCES.txt
[0.479s] -- Installing: /home/mahmoud/ros2_ws3/install/more_interfaces/local/lib/python3.10/dist-packages/more_interfaces-0.0.0-py3.10.egg-info/PKG-INFO
[0.479s] -- Installing: /home/mahmoud/ros2_ws3/install/more_interfaces/local/lib/python3.10/dist-packages/more_interfaces-0.0.0-py3.10.egg-info/dependency_links.txt
[0.479s] -- Up-to-date: /home/mahmoud/ros2_ws3/install/more_interfaces/local/lib/python3.10/dist-packages/more_interfaces
[0.479s] -- Up-to-date: /home/mahmoud/ros2_ws3/install/more_interfaces/local/lib/python3.10/dist-packages/more_interfaces/__init__.py
[0.479s] -- Up-to-date: /home/mahmoud/ros2_ws3/install/more_interfaces/local/lib/python3.10/dist-packages/more_interfaces/more_interfaces_s__rosidl_typesupport_introspection_c.cpython-310-x86_64-linux-gnu.so
[0.479s] -- Up-to-date: /home/mahmoud/ros2_ws3/install/more_interfaces/local/lib/python3.10/dist-packages/more_interfaces/more_interfaces_s__rosidl_typesupport_fastrtps_c.cpython-310-x86_64-linux-gnu.so
[0.479s] -- Up-to-date: /home/mahmoud/ros2_ws3/install/more_interfaces/local/lib/python3.10/dist-packages/more_interfaces/libmore_interfaces__rosidl_generator_py.so
[0.479s] -- Up-to-date: /home/mahmoud/ros2_ws3/install/more_interfaces/local/lib/python3.10/dist-packages/more_interfaces/more_interfaces_s__rosidl_typesupport_c.cpython-310-x86_64-linux-gnu.so
[0.480s] -- Up-to-date: /home/mahmoud/ros2_ws3/install/more_interfaces/local/lib/python3.10/dist-packages/more_interfaces/_more_interfaces_s.ep.rosidl_typesupport_introspection_c.c
[0.480s] -- Up-to-date: /home/mahmoud/ros2_ws3/install/more_interfaces/local/lib/python3.10/dist-packages/more_interfaces/_more_interfaces_s.ep.rosidl_typesupport_fastrtps_c.c
[0.480s] -- Up-to-date: /home/mahmoud/ros2_ws3/install/more_interfaces/local/lib/python3.10/dist-packages/more_interfaces/msg
[0.480s] -- Up-to-date: /home/mahmoud/ros2_ws3/install/more_interfaces/local/lib/python3.10/dist-packages/more_interfaces/msg/__init__.py
[0.480s] -- Up-to-date: /home/mahmoud/ros2_ws3/install/more_interfaces/local/lib/python3.10/dist-packages/more_interfaces/msg/_address_book.py
[0.480s] -- Up-to-date: /home/mahmoud/ros2_ws3/install/more_interfaces/local/lib/python3.10/dist-packages/more_interfaces/msg/_address_book_s.c
[0.480s] -- Up-to-date: /home/mahmoud/ros2_ws3/install/more_interfaces/local/lib/python3.10/dist-packages/more_interfaces/_more_interfaces_s.ep.rosidl_typesupport_c.c
[0.509s] Listing '/home/mahmoud/ros2_ws3/install/more_interfaces/local/lib/python3.10/dist-packages/more_interfaces'...
[0.509s] Listing '/home/mahmoud/ros2_ws3/install/more_interfaces/local/lib/python3.10/dist-packages/more_interfaces/msg'...
[0.514s] -- Up-to-date: /home/mahmoud/ros2_ws3/install/more_interfaces/local/lib/python3.10/dist-packages/more_interfaces/more_interfaces_s__rosidl_typesupport_fastrtps_c.cpython-310-x86_64-linux-gnu.so
[0.514s] -- Up-to-date: /home/mahmoud/ros2_ws3/install/more_interfaces/local/lib/python3.10/dist-packages/more_interfaces/more_interfaces_s__rosidl_typesupport_introspection_c.cpython-310-x86_64-linux-gnu.so
[0.515s] -- Up-to-date: /home/mahmoud/ros2_ws3/install/more_interfaces/local/lib/python3.10/dist-packages/more_interfaces/more_interfaces_s__rosidl_typesupport_c.cpython-310-x86_64-linux-gnu.so
[0.516s] -- Up-to-date: /home/mahmoud/ros2_ws3/install/more_interfaces/lib/libmore_interfaces__rosidl_generator_py.so
[0.516s] -- Up-to-date: /home/mahmoud/ros2_ws3/install/more_interfaces/share/more_interfaces/msg/AddressBook.idl
[0.516s] -- Up-to-date: /home/mahmoud/ros2_ws3/install/more_interfaces/share/more_interfaces/msg/AddressBook.msg
[0.517s] -- Up-to-date: /home/mahmoud/ros2_ws3/install/more_interfaces/lib/more_interfaces/publish_address_book
[0.518s] -- Up-to-date: /home/mahmoud/ros2_ws3/install/more_interfaces/share/ament_index/resource_index/package_run_dependencies/more_interfaces
[0.518s] -- Up-to-date: /home/mahmoud/ros2_ws3/install/more_interfaces/share/ament_index/resource_index/parent_prefix_path/more_interfaces
[0.518s] -- Up-to-date: /home/mahmoud/ros2_ws3/install/more_interfaces/share/more_interfaces/environment/ament_prefix_path.sh
[0.518s] -- Up-to-date: /home/mahmoud/ros2_ws3/install/more_interfaces/share/more_interfaces/environment/ament_prefix_path.dsv
[0.519s] -- Up-to-date: /home/mahmoud/ros2_ws3/install/more_interfaces/share/more_interfaces/environment/path.sh
[0.519s] -- Up-to-date: /home/mahmoud/ros2_ws3/install/more_interfaces/share/more_interfaces/environment/path.dsv
[0.519s] -- Up-to-date: /home/mahmoud/ros2_ws3/install/more_interfaces/share/more_interfaces/local_setup.bash
[0.519s] -- Up-to-date: /home/mahmoud/ros2_ws3/install/more_interfaces/share/more_interfaces/local_setup.sh
[0.519s] -- Up-to-date: /home/mahmoud/ros2_ws3/install/more_interfaces/share/more_interfaces/local_setup.zsh
[0.519s] -- Up-to-date: /home/mahmoud/ros2_ws3/install/more_interfaces/share/more_interfaces/local_setup.dsv
[0.519s] -- Installing: /home/mahmoud/ros2_ws3/install/more_interfaces/share/more_interfaces/package.dsv
[0.519s] -- Up-to-date: /home/mahmoud/ros2_ws3/install/more_interfaces/share/ament_index/resource_index/packages/more_interfaces
[0.520s] -- Up-to-date: /home/mahmoud/ros2_ws3/install/more_interfaces/share/more_interfaces/cmake/export_more_interfaces__rosidl_generator_cExport.cmake
[0.520s] -- Up-to-date: /home/mahmoud/ros2_ws3/install/more_interfaces/share/more_interfaces/cmake/export_more_interfaces__rosidl_generator_cExport-noconfig.cmake
[0.520s] -- Up-to-date: /home/mahmoud/ros2_ws3/install/more_interfaces/share/more_interfaces/cmake/export_more_interfaces__rosidl_typesupport_fastrtps_cExport.cmake
[0.521s] -- Up-to-date: /home/mahmoud/ros2_ws3/install/more_interfaces/share/more_interfaces/cmake/export_more_interfaces__rosidl_typesupport_fastrtps_cExport-noconfig.cmake
[0.521s] -- Up-to-date: /home/mahmoud/ros2_ws3/install/more_interfaces/share/more_interfaces/cmake/more_interfaces__rosidl_typesupport_introspection_cExport.cmake
[0.521s] -- Up-to-date: /home/mahmoud/ros2_ws3/install/more_interfaces/share/more_interfaces/cmake/more_interfaces__rosidl_typesupport_introspection_cExport-noconfig.cmake
[0.522s] -- Up-to-date: /home/mahmoud/ros2_ws3/install/more_interfaces/share/more_interfaces/cmake/more_interfaces__rosidl_typesupport_cExport.cmake
[0.522s] -- Up-to-date: /home/mahmoud/ros2_ws3/install/more_interfaces/share/more_interfaces/cmake/more_interfaces__rosidl_typesupport_cExport-noconfig.cmake
[0.522s] -- Up-to-date: /home/mahmoud/ros2_ws3/install/more_interfaces/share/more_interfaces/cmake/export_more_interfaces__rosidl_generator_cppExport.cmake
[0.523s] -- Up-to-date: /home/mahmoud/ros2_ws3/install/more_interfaces/share/more_interfaces/cmake/export_more_interfaces__rosidl_typesupport_fastrtps_cppExport.cmake
[0.523s] -- Up-to-date: /home/mahmoud/ros2_ws3/install/more_interfaces/share/more_interfaces/cmake/export_more_interfaces__rosidl_typesupport_fastrtps_cppExport-noconfig.cmake
[0.523s] -- Up-to-date: /home/mahmoud/ros2_ws3/install/more_interfaces/share/more_interfaces/cmake/more_interfaces__rosidl_typesupport_introspection_cppExport.cmake
[0.524s] -- Up-to-date: /home/mahmoud/ros2_ws3/install/more_interfaces/share/more_interfaces/cmake/more_interfaces__rosidl_typesupport_introspection_cppExport-noconfig.cmake
[0.524s] -- Up-to-date: /home/mahmoud/ros2_ws3/install/more_interfaces/share/more_interfaces/cmake/more_interfaces__rosidl_typesupport_cppExport.cmake
[0.524s] -- Up-to-date: /home/mahmoud/ros2_ws3/install/more_interfaces/share/more_interfaces/cmake/more_interfaces__rosidl_typesupport_cppExport-noconfig.cmake
[0.525s] -- Up-to-date: /home/mahmoud/ros2_ws3/install/more_interfaces/share/more_interfaces/cmake/export_more_interfaces__rosidl_generator_pyExport.cmake
[0.525s] -- Up-to-date: /home/mahmoud/ros2_ws3/install/more_interfaces/share/more_interfaces/cmake/export_more_interfaces__rosidl_generator_pyExport-noconfig.cmake
[0.525s] -- Up-to-date: /home/mahmoud/ros2_ws3/install/more_interfaces/share/more_interfaces/cmake/rosidl_cmake-extras.cmake
[0.525s] -- Up-to-date: /home/mahmoud/ros2_ws3/install/more_interfaces/share/more_interfaces/cmake/ament_cmake_export_include_directories-extras.cmake
[0.526s] -- Up-to-date: /home/mahmoud/ros2_ws3/install/more_interfaces/share/more_interfaces/cmake/ament_cmake_export_libraries-extras.cmake
[0.526s] -- Up-to-date: /home/mahmoud/ros2_ws3/install/more_interfaces/share/more_interfaces/cmake/ament_cmake_export_targets-extras.cmake
[0.526s] -- Up-to-date: /home/mahmoud/ros2_ws3/install/more_interfaces/share/more_interfaces/cmake/rosidl_cmake_export_typesupport_targets-extras.cmake
[0.526s] -- Up-to-date: /home/mahmoud/ros2_ws3/install/more_interfaces/share/more_interfaces/cmake/ament_cmake_export_dependencies-extras.cmake
[0.526s] -- Up-to-date: /home/mahmoud/ros2_ws3/install/more_interfaces/share/more_interfaces/cmake/rosidl_cmake_export_typesupport_libraries-extras.cmake
[0.526s] -- Up-to-date: /home/mahmoud/ros2_ws3/install/more_interfaces/share/more_interfaces/cmake/more_interfacesConfig.cmake
[0.526s] -- Up-to-date: /home/mahmoud/ros2_ws3/install/more_interfaces/share/more_interfaces/cmake/more_interfacesConfig-version.cmake
[0.526s] -- Up-to-date: /home/mahmoud/ros2_ws3/install/more_interfaces/share/more_interfaces/package.xml
[0.528s] Invoked command in '/home/mahmoud/ros2_ws3/build/more_interfaces' returned '0': CMAKE_PREFIX_PATH=${CMAKE_PREFIX_PATH}:/opt/ros/humble /usr/bin/cmake --install /home/mahmoud/ros2_ws3/build/more_interfaces
