[0.073s] Invoking command in '/home/mahmoud/ros2_ws3/build/cpp_srvcli_threeints': CMAKE_PREFIX_PATH=${CMAKE_PREFIX_PATH}:/opt/ros/humble /usr/bin/cmake /home/mahmoud/ros2_ws3/src/cpp_srvcli_threeints -DCMAKE_INSTALL_PREFIX=/home/mahmoud/ros2_ws3/install/cpp_srvcli_threeints
[0.313s] -- The C compiler identification is GNU 11.4.0
[0.677s] -- The CXX compiler identification is GNU 11.4.0
[0.896s] -- Detecting C compiler ABI info
[1.023s] -- Detecting C compiler ABI info - done
[1.030s] -- Check for working C compiler: /usr/bin/cc - skipped
[1.031s] -- Detecting C compile features
[1.032s] -- Detecting C compile features - done
[1.036s] -- Detecting CXX compiler ABI info
[1.156s] -- Detecting CXX compiler ABI info - done
[1.163s] -- Check for working CXX compiler: /usr/bin/c++ - skipped
[1.163s] -- Detecting CXX compile features
[1.163s] -- Detecting CXX compile features - done
[1.183s] -- Found ament_cmake: 1.3.11 (/opt/ros/humble/share/ament_cmake/cmake)
[1.320s] -- Found Python3: /usr/bin/python3 (found version "3.10.12") found components: Interpreter 
[1.429s] -- Found rclcpp: 16.0.12 (/opt/ros/humble/share/rclcpp/cmake)
[1.568s] -- Found rosidl_generator_c: 3.1.6 (/opt/ros/humble/share/rosidl_generator_c/cmake)
[1.575s] -- Found rosidl_adapter: 3.1.6 (/opt/ros/humble/share/rosidl_adapter/cmake)
[1.588s] -- Found rosidl_generator_cpp: 3.1.6 (/opt/ros/humble/share/rosidl_generator_cpp/cmake)
[1.610s] -- Using all available rosidl_typesupport_c: rosidl_typesupport_fastrtps_c;rosidl_typesupport_introspection_c
[1.632s] -- Using all available rosidl_typesupport_cpp: rosidl_typesupport_fastrtps_cpp;rosidl_typesupport_introspection_cpp
[1.698s] -- Found rmw_implementation_cmake: 6.1.2 (/opt/ros/humble/share/rmw_implementation_cmake/cmake)
[1.703s] -- Found rmw_fastrtps_cpp: 6.2.7 (/opt/ros/humble/share/rmw_fastrtps_cpp/cmake)
[2.586s] -- Found OpenSSL: /usr/lib/x86_64-linux-gnu/libcrypto.so (found version "3.0.2")  
[3.488s] -- Found FastRTPS: /opt/ros/humble/include  
[5.128s] -- Using RMW implementation 'rmw_fastrtps_cpp' as default
[5.142s] -- Looking for pthread.h
[5.262s] -- Looking for pthread.h - found
[5.263s] -- Performing Test CMAKE_HAVE_LIBC_PTHREAD
[5.375s] -- Performing Test CMAKE_HAVE_LIBC_PTHREAD - Success
[5.376s] -- Found Threads: TRUE  
[5.449s] -- Found tutorial_interfaces: 0.0.0 (/home/mahmoud/ros2_ws3/install/tutorial_interfaces/share/tutorial_interfaces/cmake)
[5.489s] -- Found rosidl_default_generators: 1.2.0 (/opt/ros/humble/share/rosidl_default_generators/cmake)
[5.499s] [31mCMake Error at /opt/ros/humble/share/rosidl_cmake/cmake/rosidl_generate_interfaces.cmake:93 (message):
[5.499s]   rosidl_generate_interfaces() the passed file 'srv/AddThreeInts.srv' doesn't
[5.499s]   exist relative to the CMAKE_CURRENT_SOURCE_DIR
[5.500s]   '/home/mahmoud/ros2_ws3/src/cpp_srvcli_threeints'
[5.500s] Call Stack (most recent call first):
[5.500s]   CMakeLists.txt:14 (rosidl_generate_interfaces)
[5.500s] 
[5.500s] [0m
[5.500s] -- Configuring incomplete, errors occurred!
[5.500s] See also "/home/mahmoud/ros2_ws3/build/cpp_srvcli_threeints/CMakeFiles/CMakeOutput.log".
[5.507s] Invoked command in '/home/mahmoud/ros2_ws3/build/cpp_srvcli_threeints' returned '1': CMAKE_PREFIX_PATH=${CMAKE_PREFIX_PATH}:/opt/ros/humble /usr/bin/cmake /home/mahmoud/ros2_ws3/src/cpp_srvcli_threeints -DCMAKE_INSTALL_PREFIX=/home/mahmoud/ros2_ws3/install/cpp_srvcli_threeints
