[35m[1mConsolidate compiler generated dependencies of target client_3[0m
[35m[1mConsolidate compiler generated dependencies of target server_3[0m
[ 50%] [32mBuilding CXX object CMakeFiles/client_3.dir/src/add_three_ints_client.cpp.o[0m
[ 50%] [32mBuilding CXX object CMakeFiles/server_3.dir/src/add_three_ints_server.cpp.o[0m
[01m[K/home/mahmoud/ros2_ws3/src/cpp_srvcli_threeints/src/add_three_ints_server.cpp:7:25:[m[K [01;31m[Kerror: [m[K‘[01m[Kexample_interfaces[m[K’ was not declared in this scope; did you mean ‘[01m[Krcl_interfaces[m[K’?
    7 |   const std::shared_ptr<[01;31m[Kexample_interfaces[m[K::srv::AddThreeInts::Request> request,
      |                         [01;31m[K^~~~~~~~~~~~~~~~~~[m[K
      |                         [32m[Krcl_interfaces[m[K
[01m[K/home/mahmoud/ros2_ws3/src/cpp_srvcli_threeints/src/add_three_ints_server.cpp:7:71:[m[K [01;31m[Kerror: [m[Ktemplate argument 1 is invalid
    7 |   const std::shared_ptr<example_interfaces::srv::AddThreeInts::Request[01;31m[K>[m[K request,
      |                                                                       [01;31m[K^[m[K
[01m[K/home/mahmoud/ros2_ws3/src/cpp_srvcli_threeints/src/add_three_ints_server.cpp:7:25:[m[K [01;31m[Kerror: [m[K‘[01m[Kexample_interfaces[m[K’ was not declared in this scope; did you mean ‘[01m[Krcl_interfaces[m[K’?
    7 |   const std::shared_ptr<[01;31m[Kexample_interfaces[m[K::srv::AddThreeInts::Request> request,
      |                         [01;31m[K^~~~~~~~~~~~~~~~~~[m[K
      |                         [32m[Krcl_interfaces[m[K
[01m[K/home/mahmoud/ros2_ws3/src/cpp_srvcli_threeints/src/add_three_ints_server.cpp:7:71:[m[K [01;31m[Kerror: [m[Ktemplate argument 1 is invalid
    7 |   const std::shared_ptr<example_interfaces::srv::AddThreeInts::Request[01;31m[K>[m[K request,
      |                                                                       [01;31m[K^[m[K
[01m[K/home/mahmoud/ros2_ws3/src/cpp_srvcli_threeints/src/add_three_ints_server.cpp:7:25:[m[K [01;31m[Kerror: [m[K‘[01m[Kexample_interfaces[m[K’ was not declared in this scope; did you mean ‘[01m[Krcl_interfaces[m[K’?
    7 |   const std::shared_ptr<[01;31m[Kexample_interfaces[m[K::srv::AddThreeInts::Request> request,
      |                         [01;31m[K^~~~~~~~~~~~~~~~~~[m[K
      |                         [32m[Krcl_interfaces[m[K
[01m[K/home/mahmoud/ros2_ws3/src/cpp_srvcli_threeints/src/add_three_ints_server.cpp:7:71:[m[K [01;31m[Kerror: [m[Ktemplate argument 1 is invalid
    7 |   const std::shared_ptr<example_interfaces::srv::AddThreeInts::Request[01;31m[K>[m[K request,
      |                                                                       [01;31m[K^[m[K
[01m[K/home/mahmoud/ros2_ws3/src/cpp_srvcli_threeints/src/add_three_ints_server.cpp:7:9:[m[K [01;31m[Kerror: [m[Kinvalid template-id
    7 |   const [01;31m[Kstd[m[K::shared_ptr<example_interfaces::srv::AddThreeInts::Request> request,
      |         [01;31m[K^~~[m[K
[01m[K/home/mahmoud/ros2_ws3/src/cpp_srvcli_threeints/src/add_three_ints_server.cpp:7:25:[m[K [01;31m[Kerror: [m[K‘[01m[Kexample_interfaces[m[K’ was not declared in this scope; did you mean ‘[01m[Krcl_interfaces[m[K’?
    7 |   const std::shared_ptr<[01;31m[Kexample_interfaces[m[K::srv::AddThreeInts::Request> request,
      |                         [01;31m[K^~~~~~~~~~~~~~~~~~[m[K
      |                         [32m[Krcl_interfaces[m[K
[01m[K/home/mahmoud/ros2_ws3/src/cpp_srvcli_threeints/src/add_three_ints_server.cpp:6:6:[m[K [01;31m[Kerror: [m[Kvariable or field ‘[01m[Khandle_add_three_ints[m[K’ declared void
    6 | void [01;31m[Khandle_add_three_ints[m[K(
      |      [01;31m[K^~~~~~~~~~~~~~~~~~~~~[m[K
[01m[K/home/mahmoud/ros2_ws3/src/cpp_srvcli_threeints/src/add_three_ints_server.cpp:7:3:[m[K [01;31m[Kerror: [m[Kexpected primary-expression before ‘[01m[Kconst[m[K’
    7 |   [01;31m[Kconst[m[K std::shared_ptr<example_interfaces::srv::AddThreeInts::Request> request,
      |   [01;31m[K^~~~~[m[K
[01m[K/home/mahmoud/ros2_ws3/src/cpp_srvcli_threeints/src/add_three_ints_server.cpp:8:19:[m[K [01;31m[Kerror: [m[K‘[01m[Kexample_interfaces[m[K’ was not declared in this scope; did you mean ‘[01m[Krcl_interfaces[m[K’?
    8 |   std::shared_ptr<[01;31m[Kexample_interfaces[m[K::srv::AddThreeInts::Response> response)
      |                   [01;31m[K^~~~~~~~~~~~~~~~~~[m[K
      |                   [32m[Krcl_interfaces[m[K
[01m[K/home/mahmoud/ros2_ws3/src/cpp_srvcli_threeints/src/add_three_ints_server.cpp:8:66:[m[K [01;31m[Kerror: [m[Ktemplate argument 1 is invalid
    8 |   std::shared_ptr<example_interfaces::srv::AddThreeInts::Response[01;31m[K>[m[K response)
      |                                                                  [01;31m[K^[m[K
[01m[K/home/mahmoud/ros2_ws3/src/cpp_srvcli_threeints/src/add_three_ints_server.cpp:[m[K In function ‘[01m[Kint main(int, char**)[m[K’:
[01m[K/home/mahmoud/ros2_ws3/src/cpp_srvcli_threeints/src/add_three_ints_server.cpp:22:24:[m[K [01;31m[Kerror: [m[K‘[01m[Khandle_add_three_ints[m[K’ was not declared in this scope
   22 |     "add_three_ints", &[01;31m[Khandle_add_three_ints[m[K);
      |                        [01;31m[K^~~~~~~~~~~~~~~~~~~~~[m[K
[01m[K/home/mahmoud/ros2_ws3/src/cpp_srvcli_threeints/src/add_three_ints_client.cpp:[m[K In function ‘[01m[Kint main(int, char**)[m[K’:
[01m[K/home/mahmoud/ros2_ws3/src/cpp_srvcli_threeints/src/add_three_ints_client.cpp:19:37:[m[K [01;31m[Kerror: [m[K‘[01m[Kexample_interfaces[m[K’ was not declared in this scope; did you mean ‘[01m[Krcl_interfaces[m[K’?
   19 |   auto client = node->create_client<[01;31m[Kexample_interfaces[m[K::srv::AddThreeInts>("add_three_ints");
      |                                     [01;31m[K^~~~~~~~~~~~~~~~~~[m[K
      |                                     [32m[Krcl_interfaces[m[K
[01m[K/home/mahmoud/ros2_ws3/src/cpp_srvcli_threeints/src/add_three_ints_client.cpp:19:23:[m[K [01;31m[Kerror: [m[Kparse error in template argument list
   19 |   auto client = node->[01;31m[Kcreate_client<example_interfaces::srv::AddThreeInts>[m[K("add_three_ints");
      |                       [01;31m[K^~~~~~~~~~~~~~~~~~~~~~~~~~~~~~~~~~~~~~~~~~~~~~~~~~~~[m[K
[01m[K/home/mahmoud/ros2_ws3/src/cpp_srvcli_threeints/src/add_three_ints_client.cpp:19:75:[m[K [01;31m[Kerror: [m[Kno matching function for call to ‘[01m[Krclcpp::Node::create_client<<expression error> >(const char [15])[m[K’
   19 |   auto client = [01;31m[Knode->create_client<example_interfaces::srv::AddThreeInts>("add_three_ints")[m[K;
      |                 [01;31m[K~~~~~~~~~~~~~~~~~~~~~~~~~~~~~~~~~~~~~~~~~~~~~~~~~~~~~~~~~~^~~~~~~~~~~~~~~~~~[m[K
In file included from [01m[K/opt/ros/humble/include/rclcpp/rclcpp/executors/single_threaded_executor.hpp:28[m[K,
                 from [01m[K/opt/ros/humble/include/rclcpp/rclcpp/executors.hpp:22[m[K,
                 from [01m[K/opt/ros/humble/include/rclcpp/rclcpp/rclcpp.hpp:155[m[K,
                 from [01m[K/home/mahmoud/ros2_ws3/src/cpp_srvcli_threeints/src/add_three_ints_client.cpp:1[m[K:
[01m[K/opt/ros/humble/include/rclcpp/rclcpp/node.hpp:252:3:[m[K [01;36m[Knote: [m[Kcandidate: ‘[01m[Ktemplate<class ServiceT> typename rclcpp::Client<ServiceT>::SharedPtr rclcpp::Node::create_client(const string&, const rmw_qos_profile_t&, rclcpp::CallbackGroup::SharedPtr)[m[K’
  252 |   [01;36m[Kcreate_client[m[K(
      |   [01;36m[K^~~~~~~~~~~~~[m[K
[01m[K/opt/ros/humble/include/rclcpp/rclcpp/node.hpp:252:3:[m[K [01;36m[Knote: [m[K  template argument deduction/substitution failed:
[01m[K/home/mahmoud/ros2_ws3/src/cpp_srvcli_threeints/src/add_three_ints_client.cpp:19:75:[m[K [01;31m[Kerror: [m[Ktemplate argument 1 is invalid
   19 |   auto client = [01;31m[Knode->create_client<example_interfaces::srv::AddThreeInts>("add_three_ints")[m[K;
      |                 [01;31m[K~~~~~~~~~~~~~~~~~~~~~~~~~~~~~~~~~~~~~~~~~~~~~~~~~~~~~~~~~~^~~~~~~~~~~~~~~~~~[m[K
[01m[K/home/mahmoud/ros2_ws3/src/cpp_srvcli_threeints/src/add_three_ints_client.cpp:21:23:[m[K [01;31m[Kerror: [m[Kparse error in template argument list
   21 |   auto request = std::[01;31m[Kmake_shared<example_interfaces::srv::AddThreeInts::Request>[m[K();
      |                       [01;31m[K^~~~~~~~~~~~~~~~~~~~~~~~~~~~~~~~~~~~~~~~~~~~~~~~~~~~~~~~~~~[m[K
[01m[K/home/mahmoud/ros2_ws3/src/cpp_srvcli_threeints/src/add_three_ints_client.cpp:21:82:[m[K [01;31m[Kerror: [m[Kno matching function for call to ‘[01m[Kmake_shared<example_interfaces>()[m[K’
   21 |   auto request = [01;31m[Kstd::make_shared<example_interfaces::srv::AddThreeInts::Request>()[m[K;
      |                  [01;31m[K~~~~~~~~~~~~~~~~~~~~~~~~~~~~~~~~~~~~~~~~~~~~~~~~~~~~~~~~~~~~~~~~^~[m[K
In file included from [01m[K/usr/include/c++/11/memory:77[m[K,
                 from [01m[K/opt/ros/humble/include/rclcpp/rclcpp/rclcpp.hpp:153[m[K,
                 from [01m[K/home/mahmoud/ros2_ws3/src/cpp_srvcli_threeints/src/add_three_ints_client.cpp:1[m[K:
[01m[K/usr/include/c++/11/bits/shared_ptr.h:875:5:[m[K [01;36m[Knote: [m[Kcandidate: ‘[01m[Ktemplate<class _Tp, class ... _Args> std::shared_ptr<_Tp> std::make_shared(_Args&& ...)[m[K’
  875 |     [01;36m[Kmake_shared[m[K(_Args&&... __args)
      |     [01;36m[K^~~~~~~~~~~[m[K
[01m[K/usr/include/c++/11/bits/shared_ptr.h:875:5:[m[K [01;36m[Knote: [m[K  template argument deduction/substitution failed:
gmake[2]: *** [CMakeFiles/server_3.dir/build.make:76: CMakeFiles/server_3.dir/src/add_three_ints_server.cpp.o] Error 1
gmake[1]: *** [CMakeFiles/Makefile2:139: CMakeFiles/server_3.dir/all] Error 2
gmake[1]: *** Waiting for unfinished jobs....
gmake[2]: *** [CMakeFiles/client_3.dir/build.make:76: CMakeFiles/client_3.dir/src/add_three_ints_client.cpp.o] Error 1
gmake[1]: *** [CMakeFiles/Makefile2:165: CMakeFiles/client_3.dir/all] Error 2
gmake: *** [Makefile:146: all] Error 2
