[0.068s] Invoking command in '/home/mahmoud/ros2_ws3/build/cpp_srvcli_threeints': CMAKE_PREFIX_PATH=${CMAKE_PREFIX_PATH}:/opt/ros/humble /usr/bin/cmake /home/mahmoud/ros2_ws3/src/cpp_srvcli_threeints -DCMAKE_INSTALL_PREFIX=/home/mahmoud/ros2_ws3/install/cpp_srvcli_threeints
[0.129s] -- Found ament_cmake: 1.3.11 (/opt/ros/humble/share/ament_cmake/cmake)
[0.286s] -- Found rclcpp: 16.0.12 (/opt/ros/humble/share/rclcpp/cmake)
[0.417s] -- Found rosidl_generator_c: 3.1.6 (/opt/ros/humble/share/rosidl_generator_c/cmake)
[0.421s] -- Found rosidl_adapter: 3.1.6 (/opt/ros/humble/share/rosidl_adapter/cmake)
[0.430s] -- Found rosidl_generator_cpp: 3.1.6 (/opt/ros/humble/share/rosidl_generator_cpp/cmake)
[0.445s] -- Using all available rosidl_typesupport_c: rosidl_typesupport_fastrtps_c;rosidl_typesupport_introspection_c
[0.462s] -- Using all available rosidl_typesupport_cpp: rosidl_typesupport_fastrtps_cpp;rosidl_typesupport_introspection_cpp
[0.508s] -- Found rmw_implementation_cmake: 6.1.2 (/opt/ros/humble/share/rmw_implementation_cmake/cmake)
[0.512s] -- Found rmw_fastrtps_cpp: 6.2.7 (/opt/ros/humble/share/rmw_fastrtps_cpp/cmake)
[3.829s] -- Using RMW implementation 'rmw_fastrtps_cpp' as default
[3.903s] -- Found tutorial_interfaces: 0.0.0 (/home/mahmoud/ros2_ws3/install/tutorial_interfaces/share/tutorial_interfaces/cmake)
[3.938s] -- Found rosidl_default_generators: 1.2.0 (/opt/ros/humble/share/rosidl_default_generators/cmake)
[3.948s] [31mCMake Error at /opt/ros/humble/share/rosidl_cmake/cmake/rosidl_generate_interfaces.cmake:93 (message):
[3.948s]   rosidl_generate_interfaces() the passed file 'srv/AddThreeInts.srv' doesn't
[3.948s]   exist relative to the CMAKE_CURRENT_SOURCE_DIR
[3.948s]   '/home/mahmoud/ros2_ws3/src/cpp_srvcli_threeints'
[3.948s] Call Stack (most recent call first):
[3.948s]   CMakeLists.txt:14 (rosidl_generate_interfaces)
[3.948s] 
[3.949s] [0m
[3.949s] -- Configuring incomplete, errors occurred!
[3.949s] See also "/home/mahmoud/ros2_ws3/build/cpp_srvcli_threeints/CMakeFiles/CMakeOutput.log".
[3.961s] Invoked command in '/home/mahmoud/ros2_ws3/build/cpp_srvcli_threeints' returned '1': CMAKE_PREFIX_PATH=${CMAKE_PREFIX_PATH}:/opt/ros/humble /usr/bin/cmake /home/mahmoud/ros2_ws3/src/cpp_srvcli_threeints -DCMAKE_INSTALL_PREFIX=/home/mahmoud/ros2_ws3/install/cpp_srvcli_threeints
