[0.250s] DEBUG:colcon:Command line arguments: ['/usr/bin/colcon', 'build', '--packages-select', 'cpp_pubsub']
[0.251s] DEBUG:colcon:Parsed command line arguments: Namespace(log_base=None, log_level=None, verb_name='build', build_base='build', install_base='install', merge_install=False, symlink_install=False, test_result_base=None, continue_on_error=False, executor='parallel', parallel_workers=12, event_handlers=None, ignore_user_meta=False, metas=['./colcon.meta'], base_paths=['.'], packages_ignore=None, packages_ignore_regex=None, paths=None, packages_up_to=None, packages_up_to_regex=None, packages_above=None, packages_above_and_dependencies=None, packages_above_depth=None, packages_select_by_dep=None, packages_skip_by_dep=None, packages_skip_up_to=None, packages_select_build_failed=False, packages_skip_build_finished=False, packages_select_test_failures=False, packages_skip_test_passed=False, packages_select=['cpp_pubsub'], packages_skip=None, packages_select_regex=None, packages_skip_regex=None, packages_start=None, packages_end=None, allow_overriding=[], cmake_args=None, cmake_target=None, cmake_target_skip_unavailable=False, cmake_clean_cache=False, cmake_clean_first=False, cmake_force_configure=False, ament_cmake_args=None, catkin_cmake_args=None, catkin_skip_building_tests=False, verb_parser=<colcon_defaults.argument_parser.defaults.DefaultArgumentsDecorator object at 0x775020beb2e0>, verb_extension=<colcon_core.verb.build.BuildVerb object at 0x775020bea4a0>, main=<bound method BuildVerb.main of <colcon_core.verb.build.BuildVerb object at 0x775020bea4a0>>)
[0.547s] Level 1:colcon.colcon_core.package_discovery:discover_packages(colcon_meta) check parameters
[0.548s] Level 1:colcon.colcon_core.package_discovery:discover_packages(recursive) check parameters
[0.548s] Level 1:colcon.colcon_core.package_discovery:discover_packages(ignore) check parameters
[0.548s] Level 1:colcon.colcon_core.package_discovery:discover_packages(path) check parameters
[0.548s] Level 1:colcon.colcon_core.package_discovery:discover_packages(colcon_meta) discover
[0.548s] Level 1:colcon.colcon_core.package_discovery:discover_packages(recursive) discover
[0.548s] INFO:colcon.colcon_core.package_discovery:Crawling recursively for packages in '/home/mahmoud/ros2_ws3'
[0.548s] Level 1:colcon.colcon_core.package_identification:_identify(.) by extensions ['ignore', 'ignore_ament_install']
[0.548s] Level 1:colcon.colcon_core.package_identification:_identify(.) by extension 'ignore'
[0.548s] Level 1:colcon.colcon_core.package_identification:_identify(.) by extension 'ignore_ament_install'
[0.548s] Level 1:colcon.colcon_core.package_identification:_identify(.) by extensions ['colcon_pkg']
[0.548s] Level 1:colcon.colcon_core.package_identification:_identify(.) by extension 'colcon_pkg'
[0.548s] Level 1:colcon.colcon_core.package_identification:_identify(.) by extensions ['colcon_meta']
[0.548s] Level 1:colcon.colcon_core.package_identification:_identify(.) by extension 'colcon_meta'
[0.548s] Level 1:colcon.colcon_core.package_identification:_identify(.) by extensions ['ros']
[0.548s] Level 1:colcon.colcon_core.package_identification:_identify(.) by extension 'ros'
[0.563s] Level 1:colcon.colcon_core.package_identification:_identify(.) by extensions ['cmake', 'python']
[0.563s] Level 1:colcon.colcon_core.package_identification:_identify(.) by extension 'cmake'
[0.563s] Level 1:colcon.colcon_core.package_identification:_identify(.) by extension 'python'
[0.563s] Level 1:colcon.colcon_core.package_identification:_identify(.) by extensions ['python_setup_py']
[0.563s] Level 1:colcon.colcon_core.package_identification:_identify(.) by extension 'python_setup_py'
[0.564s] Level 1:colcon.colcon_core.package_identification:_identify(build) by extensions ['ignore', 'ignore_ament_install']
[0.564s] Level 1:colcon.colcon_core.package_identification:_identify(build) by extension 'ignore'
[0.564s] Level 1:colcon.colcon_core.package_identification:_identify(build) ignored
[0.564s] Level 1:colcon.colcon_core.package_identification:_identify(install) by extensions ['ignore', 'ignore_ament_install']
[0.564s] Level 1:colcon.colcon_core.package_identification:_identify(install) by extension 'ignore'
[0.564s] Level 1:colcon.colcon_core.package_identification:_identify(install) ignored
[0.564s] Level 1:colcon.colcon_core.package_identification:_identify(log) by extensions ['ignore', 'ignore_ament_install']
[0.564s] Level 1:colcon.colcon_core.package_identification:_identify(log) by extension 'ignore'
[0.564s] Level 1:colcon.colcon_core.package_identification:_identify(log) ignored
[0.565s] Level 1:colcon.colcon_core.package_identification:_identify(src) by extensions ['ignore', 'ignore_ament_install']
[0.565s] Level 1:colcon.colcon_core.package_identification:_identify(src) by extension 'ignore'
[0.565s] Level 1:colcon.colcon_core.package_identification:_identify(src) by extension 'ignore_ament_install'
[0.565s] Level 1:colcon.colcon_core.package_identification:_identify(src) by extensions ['colcon_pkg']
[0.565s] Level 1:colcon.colcon_core.package_identification:_identify(src) by extension 'colcon_pkg'
[0.565s] Level 1:colcon.colcon_core.package_identification:_identify(src) by extensions ['colcon_meta']
[0.565s] Level 1:colcon.colcon_core.package_identification:_identify(src) by extension 'colcon_meta'
[0.565s] Level 1:colcon.colcon_core.package_identification:_identify(src) by extensions ['ros']
[0.565s] Level 1:colcon.colcon_core.package_identification:_identify(src) by extension 'ros'
[0.565s] Level 1:colcon.colcon_core.package_identification:_identify(src) by extensions ['cmake', 'python']
[0.565s] Level 1:colcon.colcon_core.package_identification:_identify(src) by extension 'cmake'
[0.565s] Level 1:colcon.colcon_core.package_identification:_identify(src) by extension 'python'
[0.565s] Level 1:colcon.colcon_core.package_identification:_identify(src) by extensions ['python_setup_py']
[0.565s] Level 1:colcon.colcon_core.package_identification:_identify(src) by extension 'python_setup_py'
[0.566s] Level 1:colcon.colcon_core.package_identification:_identify(src/cpp_pubsub) by extensions ['ignore', 'ignore_ament_install']
[0.566s] Level 1:colcon.colcon_core.package_identification:_identify(src/cpp_pubsub) by extension 'ignore'
[0.566s] Level 1:colcon.colcon_core.package_identification:_identify(src/cpp_pubsub) by extension 'ignore_ament_install'
[0.566s] Level 1:colcon.colcon_core.package_identification:_identify(src/cpp_pubsub) by extensions ['colcon_pkg']
[0.566s] Level 1:colcon.colcon_core.package_identification:_identify(src/cpp_pubsub) by extension 'colcon_pkg'
[0.566s] Level 1:colcon.colcon_core.package_identification:_identify(src/cpp_pubsub) by extensions ['colcon_meta']
[0.566s] Level 1:colcon.colcon_core.package_identification:_identify(src/cpp_pubsub) by extension 'colcon_meta'
[0.566s] Level 1:colcon.colcon_core.package_identification:_identify(src/cpp_pubsub) by extensions ['ros']
[0.566s] Level 1:colcon.colcon_core.package_identification:_identify(src/cpp_pubsub) by extension 'ros'
[0.569s] DEBUG:colcon.colcon_core.package_identification:Package 'src/cpp_pubsub' with type 'ros.ament_cmake' and name 'cpp_pubsub'
[0.569s] Level 1:colcon.colcon_core.package_discovery:discover_packages(recursive) using defaults
[0.569s] Level 1:colcon.colcon_core.package_discovery:discover_packages(ignore) discover
[0.569s] Level 1:colcon.colcon_core.package_discovery:discover_packages(ignore) using defaults
[0.569s] Level 1:colcon.colcon_core.package_discovery:discover_packages(path) discover
[0.569s] Level 1:colcon.colcon_core.package_discovery:discover_packages(path) using defaults
[0.598s] Level 1:colcon.colcon_core.package_discovery:discover_packages(prefix_path) check parameters
[0.598s] Level 1:colcon.colcon_core.package_discovery:discover_packages(prefix_path) discover
[0.603s] DEBUG:colcon.colcon_installed_package_information.package_discovery:Found 271 installed packages in /opt/ros/humble
[0.604s] Level 1:colcon.colcon_core.package_discovery:discover_packages(prefix_path) using defaults
[0.691s] Level 5:colcon.colcon_core.verb:set package 'cpp_pubsub' build argument 'cmake_args' from command line to 'None'
[0.691s] Level 5:colcon.colcon_core.verb:set package 'cpp_pubsub' build argument 'cmake_target' from command line to 'None'
[0.691s] Level 5:colcon.colcon_core.verb:set package 'cpp_pubsub' build argument 'cmake_target_skip_unavailable' from command line to 'False'
[0.691s] Level 5:colcon.colcon_core.verb:set package 'cpp_pubsub' build argument 'cmake_clean_cache' from command line to 'False'
[0.691s] Level 5:colcon.colcon_core.verb:set package 'cpp_pubsub' build argument 'cmake_clean_first' from command line to 'False'
[0.691s] Level 5:colcon.colcon_core.verb:set package 'cpp_pubsub' build argument 'cmake_force_configure' from command line to 'False'
[0.691s] Level 5:colcon.colcon_core.verb:set package 'cpp_pubsub' build argument 'ament_cmake_args' from command line to 'None'
[0.691s] Level 5:colcon.colcon_core.verb:set package 'cpp_pubsub' build argument 'catkin_cmake_args' from command line to 'None'
[0.692s] Level 5:colcon.colcon_core.verb:set package 'cpp_pubsub' build argument 'catkin_skip_building_tests' from command line to 'False'
[0.692s] DEBUG:colcon.colcon_core.verb:Building package 'cpp_pubsub' with the following arguments: {'ament_cmake_args': None, 'build_base': '/home/mahmoud/ros2_ws3/build/cpp_pubsub', 'catkin_cmake_args': None, 'catkin_skip_building_tests': False, 'cmake_args': None, 'cmake_clean_cache': False, 'cmake_clean_first': False, 'cmake_force_configure': False, 'cmake_target': None, 'cmake_target_skip_unavailable': False, 'install_base': '/home/mahmoud/ros2_ws3/install/cpp_pubsub', 'merge_install': False, 'path': '/home/mahmoud/ros2_ws3/src/cpp_pubsub', 'symlink_install': False, 'test_result_base': None}
[0.692s] INFO:colcon.colcon_core.executor:Executing jobs using 'parallel' executor
[0.693s] DEBUG:colcon.colcon_parallel_executor.executor.parallel:run_until_complete
[0.693s] INFO:colcon.colcon_ros.task.ament_cmake.build:Building ROS package in '/home/mahmoud/ros2_ws3/src/cpp_pubsub' with build type 'ament_cmake'
[0.694s] INFO:colcon.colcon_cmake.task.cmake.build:Building CMake package in '/home/mahmoud/ros2_ws3/src/cpp_pubsub'
[0.699s] INFO:colcon.colcon_core.plugin_system:Skipping extension 'colcon_core.shell.bat': Not used on non-Windows systems
[0.699s] INFO:colcon.colcon_core.shell:Skip shell extension 'powershell' for command environment: Not usable outside of PowerShell
[0.699s] DEBUG:colcon.colcon_core.shell:Skip shell extension 'dsv' for command environment
[0.708s] DEBUG:colcon.colcon_core.event_handler.log_command:Invoking command in '/home/mahmoud/ros2_ws3/build/cpp_pubsub': CMAKE_PREFIX_PATH=/opt/ros/humble /usr/bin/cmake /home/mahmoud/ros2_ws3/src/cpp_pubsub -DCMAKE_INSTALL_PREFIX=/home/mahmoud/ros2_ws3/install/cpp_pubsub
[4.990s] DEBUG:colcon.colcon_core.event_handler.log_command:Invoked command in '/home/mahmoud/ros2_ws3/build/cpp_pubsub' returned '0': CMAKE_PREFIX_PATH=/opt/ros/humble /usr/bin/cmake /home/mahmoud/ros2_ws3/src/cpp_pubsub -DCMAKE_INSTALL_PREFIX=/home/mahmoud/ros2_ws3/install/cpp_pubsub
[4.993s] DEBUG:colcon.colcon_core.event_handler.log_command:Invoking command in '/home/mahmoud/ros2_ws3/build/cpp_pubsub': CMAKE_PREFIX_PATH=/opt/ros/humble /usr/bin/cmake --build /home/mahmoud/ros2_ws3/build/cpp_pubsub -- -j12 -l12
[12.990s] DEBUG:colcon.colcon_core.event_handler.log_command:Invoked command in '/home/mahmoud/ros2_ws3/build/cpp_pubsub' returned '0': CMAKE_PREFIX_PATH=/opt/ros/humble /usr/bin/cmake --build /home/mahmoud/ros2_ws3/build/cpp_pubsub -- -j12 -l12
[13.000s] DEBUG:colcon.colcon_core.event_handler.log_command:Invoking command in '/home/mahmoud/ros2_ws3/build/cpp_pubsub': CMAKE_PREFIX_PATH=/opt/ros/humble /usr/bin/cmake --install /home/mahmoud/ros2_ws3/build/cpp_pubsub
[13.017s] Level 1:colcon.colcon_core.environment:create_environment_scripts_only(cpp_pubsub)
[13.018s] DEBUG:colcon.colcon_core.event_handler.log_command:Invoked command in '/home/mahmoud/ros2_ws3/build/cpp_pubsub' returned '0': CMAKE_PREFIX_PATH=/opt/ros/humble /usr/bin/cmake --install /home/mahmoud/ros2_ws3/build/cpp_pubsub
[13.023s] Level 1:colcon.colcon_core.environment:checking '/home/mahmoud/ros2_ws3/install/cpp_pubsub' for CMake module files
[13.023s] Level 1:colcon.colcon_core.environment:checking '/home/mahmoud/ros2_ws3/install/cpp_pubsub' for CMake config files
[13.024s] Level 1:colcon.colcon_core.shell:create_environment_hook('cpp_pubsub', 'cmake_prefix_path')
[13.024s] INFO:colcon.colcon_core.shell:Creating environment hook '/home/mahmoud/ros2_ws3/install/cpp_pubsub/share/cpp_pubsub/hook/cmake_prefix_path.ps1'
[13.025s] INFO:colcon.colcon_core.shell:Creating environment descriptor '/home/mahmoud/ros2_ws3/install/cpp_pubsub/share/cpp_pubsub/hook/cmake_prefix_path.dsv'
[13.027s] INFO:colcon.colcon_core.shell:Creating environment hook '/home/mahmoud/ros2_ws3/install/cpp_pubsub/share/cpp_pubsub/hook/cmake_prefix_path.sh'
[13.028s] Level 1:colcon.colcon_core.environment:checking '/home/mahmoud/ros2_ws3/install/cpp_pubsub/lib'
[13.028s] Level 1:colcon.colcon_core.environment:checking '/home/mahmoud/ros2_ws3/install/cpp_pubsub/bin'
[13.028s] Level 1:colcon.colcon_core.environment:checking '/home/mahmoud/ros2_ws3/install/cpp_pubsub/lib/pkgconfig/cpp_pubsub.pc'
[13.029s] Level 1:colcon.colcon_core.environment:checking '/home/mahmoud/ros2_ws3/install/cpp_pubsub/lib/python3.10/site-packages'
[13.029s] Level 1:colcon.colcon_core.environment:checking '/home/mahmoud/ros2_ws3/install/cpp_pubsub/bin'
[13.029s] INFO:colcon.colcon_core.shell:Creating package script '/home/mahmoud/ros2_ws3/install/cpp_pubsub/share/cpp_pubsub/package.ps1'
[13.030s] INFO:colcon.colcon_core.shell:Creating package descriptor '/home/mahmoud/ros2_ws3/install/cpp_pubsub/share/cpp_pubsub/package.dsv'
[13.031s] INFO:colcon.colcon_core.shell:Creating package script '/home/mahmoud/ros2_ws3/install/cpp_pubsub/share/cpp_pubsub/package.sh'
[13.032s] INFO:colcon.colcon_core.shell:Creating package script '/home/mahmoud/ros2_ws3/install/cpp_pubsub/share/cpp_pubsub/package.bash'
[13.033s] INFO:colcon.colcon_core.shell:Creating package script '/home/mahmoud/ros2_ws3/install/cpp_pubsub/share/cpp_pubsub/package.zsh'
[13.034s] Level 1:colcon.colcon_core.environment:create_file_with_runtime_dependencies(/home/mahmoud/ros2_ws3/install/cpp_pubsub/share/colcon-core/packages/cpp_pubsub)
[13.034s] Level 1:colcon.colcon_core.environment:create_environment_scripts_only(cpp_pubsub)
[13.034s] Level 1:colcon.colcon_core.environment:checking '/home/mahmoud/ros2_ws3/install/cpp_pubsub' for CMake module files
[13.035s] Level 1:colcon.colcon_core.environment:checking '/home/mahmoud/ros2_ws3/install/cpp_pubsub' for CMake config files
[13.035s] Level 1:colcon.colcon_core.shell:create_environment_hook('cpp_pubsub', 'cmake_prefix_path')
[13.035s] INFO:colcon.colcon_core.shell:Creating environment hook '/home/mahmoud/ros2_ws3/install/cpp_pubsub/share/cpp_pubsub/hook/cmake_prefix_path.ps1'
[13.035s] INFO:colcon.colcon_core.shell:Creating environment descriptor '/home/mahmoud/ros2_ws3/install/cpp_pubsub/share/cpp_pubsub/hook/cmake_prefix_path.dsv'
[13.036s] INFO:colcon.colcon_core.shell:Creating environment hook '/home/mahmoud/ros2_ws3/install/cpp_pubsub/share/cpp_pubsub/hook/cmake_prefix_path.sh'
[13.036s] Level 1:colcon.colcon_core.environment:checking '/home/mahmoud/ros2_ws3/install/cpp_pubsub/lib'
[13.036s] Level 1:colcon.colcon_core.environment:checking '/home/mahmoud/ros2_ws3/install/cpp_pubsub/bin'
[13.037s] Level 1:colcon.colcon_core.environment:checking '/home/mahmoud/ros2_ws3/install/cpp_pubsub/lib/pkgconfig/cpp_pubsub.pc'
[13.037s] Level 1:colcon.colcon_core.environment:checking '/home/mahmoud/ros2_ws3/install/cpp_pubsub/lib/python3.10/site-packages'
[13.037s] Level 1:colcon.colcon_core.environment:checking '/home/mahmoud/ros2_ws3/install/cpp_pubsub/bin'
[13.037s] INFO:colcon.colcon_core.shell:Creating package script '/home/mahmoud/ros2_ws3/install/cpp_pubsub/share/cpp_pubsub/package.ps1'
[13.038s] INFO:colcon.colcon_core.shell:Creating package descriptor '/home/mahmoud/ros2_ws3/install/cpp_pubsub/share/cpp_pubsub/package.dsv'
[13.038s] INFO:colcon.colcon_core.shell:Creating package script '/home/mahmoud/ros2_ws3/install/cpp_pubsub/share/cpp_pubsub/package.sh'
[13.039s] INFO:colcon.colcon_core.shell:Creating package script '/home/mahmoud/ros2_ws3/install/cpp_pubsub/share/cpp_pubsub/package.bash'
[13.039s] INFO:colcon.colcon_core.shell:Creating package script '/home/mahmoud/ros2_ws3/install/cpp_pubsub/share/cpp_pubsub/package.zsh'
[13.040s] Level 1:colcon.colcon_core.environment:create_file_with_runtime_dependencies(/home/mahmoud/ros2_ws3/install/cpp_pubsub/share/colcon-core/packages/cpp_pubsub)
[13.040s] DEBUG:colcon.colcon_parallel_executor.executor.parallel:closing loop
[13.041s] DEBUG:colcon.colcon_parallel_executor.executor.parallel:loop closed
[13.041s] DEBUG:colcon.colcon_parallel_executor.executor.parallel:run_until_complete finished with '0'
[13.041s] DEBUG:colcon.colcon_core.event_reactor:joining thread
[13.076s] INFO:colcon.colcon_core.plugin_system:Skipping extension 'colcon_notification.desktop_notification.notify_send': Could not find 'notify-send'
[13.076s] INFO:colcon.colcon_core.plugin_system:Skipping extension 'colcon_notification.desktop_notification.terminal_notifier': Not used on non-Darwin systems
[13.076s] INFO:colcon.colcon_core.plugin_system:Skipping extension 'colcon_notification.desktop_notification.win32': Not used on non-Windows systems
[13.076s] INFO:colcon.colcon_notification.desktop_notification:Sending desktop notification using 'notify2'
[13.076s] DEBUG:colcon.colcon_notification.desktop_notification.notify2:Failed to initialize notify2: org.freedesktop.DBus.Error.FileNotFound: Failed to connect to socket /run/user/1000/bus: No such file or directory
[13.076s] DEBUG:colcon.colcon_core.event_reactor:joined thread
[13.077s] INFO:colcon.colcon_core.shell:Creating prefix script '/home/mahmoud/ros2_ws3/install/local_setup.ps1'
[13.078s] INFO:colcon.colcon_core.shell:Creating prefix util module '/home/mahmoud/ros2_ws3/install/_local_setup_util_ps1.py'
[13.079s] INFO:colcon.colcon_core.shell:Creating prefix chain script '/home/mahmoud/ros2_ws3/install/setup.ps1'
[13.080s] INFO:colcon.colcon_core.shell:Creating prefix script '/home/mahmoud/ros2_ws3/install/local_setup.sh'
[13.081s] INFO:colcon.colcon_core.shell:Creating prefix util module '/home/mahmoud/ros2_ws3/install/_local_setup_util_sh.py'
[13.082s] INFO:colcon.colcon_core.shell:Creating prefix chain script '/home/mahmoud/ros2_ws3/install/setup.sh'
[13.083s] INFO:colcon.colcon_core.shell:Creating prefix script '/home/mahmoud/ros2_ws3/install/local_setup.bash'
[13.083s] INFO:colcon.colcon_core.shell:Creating prefix chain script '/home/mahmoud/ros2_ws3/install/setup.bash'
[13.084s] INFO:colcon.colcon_core.shell:Creating prefix script '/home/mahmoud/ros2_ws3/install/local_setup.zsh'
[13.085s] INFO:colcon.colcon_core.shell:Creating prefix chain script '/home/mahmoud/ros2_ws3/install/setup.zsh'
